Iteration	Posterior	Likelihood	Prior	rate_log_sd	rate_loss	tree_length
0	-2423.206	-2645.104	221.8987	1.53511	2.050651	3.516044
6	-2428.456	-2649.509	221.0531	1.428563	1.823408	4.142513
12	-2436.976	-2659.082	222.1061	1.431739	1.694542	3.583836
18	-2449.883	-2671.418	221.5354	1.473833	1.847651	3.832219
24	-2448.571	-2670.5	221.9291	1.455809	2.259985	3.477026
30	-2434.755	-2656.821	222.0666	1.547062	1.861615	3.477026
36	-2434.881	-2656.88	221.9989	1.610492	1.887306	3.470218
42	-2431.031	-2652.713	221.6815	1.38031	1.887306	3.787799
48	-2446.572	-2666.009	219.437	1.34799	1.87235	5.077333
54	-2439.42	-2660.535	221.1148	1.363783	2.229473	4.009614
60	-2444.588	-2666.794	222.2063	1.416952	1.736992	3.517788
66	-2429.326	-2652.273	222.9462	1.60914	1.736992	2.966476
72	-2448.543	-2670.055	221.512	1.6236	1.795474	3.778396
78	-2440.964	-2662.685	221.7218	1.587094	2.52094	3.443689
84	-2441.233	-2661.541	220.3077	1.52541	2.410951	4.322537
90	-2441.695	-2661.397	219.7024	1.426566	2.079588	4.817673
96	-2452.106	-2672.082	219.9757	1.270107	2.079588	4.75242
102	-2438.941	-2661.757	222.8166	1.585749	2.052545	2.942134
108	-2440.5	-2663.335	222.8354	1.66467	2.052545	2.883164
114	-2438.133	-2660.767	222.6337	1.675023	1.950215	3.034379
120	-2441.037	-2663.445	222.4084	1.822233	2.401082	2.932262
126	-2427.846	-2650.354	222.5078	1.648953	2.550245	2.932262
132	-2438.898	-2662.076	223.1786	1.819329	2.169936	2.537331
138	-2433.232	-2657.066	223.8341	1.899451	2.692218	1.890885
144	-2456.898	-2679.392	222.4941	1.463173	2.084351	3.197175
150	-2440.04	-2664.187	224.1473	2.034312	2.289742	1.718386
156	-2443.094	-2667.364	224.2703	2.147079	2.317648	1.53757
162	-2440.37	-2663.797	223.4268	1.915636	2.681128	2.154154
168	-2437.532	-2661.054	223.5223	1.794262	2.124239	2.352978
174	-2433.582	-2657.553	223.9717	2.005711	2.376868	1.829092
180	-2449.912	-2674.111	224.1994	1.81457	1.943663	1.966978
186	-2445.412	-2668.242	222.8306	1.85793	1.943663	2.807617
192	-2437.371	-2660.225	222.8545	1.749969	2.649308	2.630453
198	-2436.574	-2659.52	222.9458	1.806875	2.303565	2.644812
204	-2443.535	-2665.857	222.3215	1.749533	2.251907	3.074602
210	-2430.643	-2653.725	223.0823	1.849142	2.251907	2.551096
216	-2433.431	-2656.926	223.4954	1.888833	2.749563	2.106314
222	-2433.031	-2656.021	222.9892	1.871262	2.280704	2.58566
228	-2436.671	-2659.873	223.2026	1.965668	2.765304	2.241879
234	-2437.473	-2661.299	223.8262	1.814517	1.854817	2.247404
240	-2430.301	-2653.925	223.6246	1.870873	2.18105	2.218322
246	-2435.772	-2658.691	222.9192	1.65426	2.494116	2.695493
252	-2440.005	-2660.738	220.7329	1.358451	1.518592	4.479924
258	-2446.55	-2667.24	220.6903	1.358451	1.785905	4.401194
264	-2439.313	-2661.257	221.9438	1.459344	2.068048	3.528136
270	-2427.374	-2648.774	221.3995	1.459501	2.099804	3.832552
276	-2447.241	-2668.953	221.7123	1.344714	1.771353	3.832552
282	-2445.022	-2667.4	222.3779	1.541253	2.166302	3.192573
288	-2446.17	-2667.645	221.4747	1.419412	2.166302	3.790988
294	-2434.668	-2656.242	221.5746	1.482556	1.624164	3.888911
300	-2438.033	-2658.511	220.4782	1.334776	1.929312	4.483757
306	-2438.866	-2659.71	220.8441	1.389698	2.04044	4.208927
312	-2441.431	-2662.259	220.8287	1.470148	2.205762	4.1194
318	-2435.06	-2657.199	222.1392	1.478321	2.209388	3.356713
324	-2434.481	-2656.285	221.8045	1.48827	2.402811	3.487477
330	-2434.811	-2657.369	222.5579	1.612628	2.356666	2.982093
336	-2435.44	-2658.397	222.9574	1.571047	2.378269	2.758682
342	-2438.34	-2658.778	220.4377	1.535223	2.30951	4.272971
348	-2435.628	-2656.216	220.5881	1.403517	2.187872	4.299227
354	-2452.117	-2673.837	221.7201	1.383373	1.642196	3.855168
360	-2435.211	-2655.518	220.3073	1.327252	2.032489	4.549812
366	-2443.722	-2664.031	220.3083	1.373823	2.327496	4.431958
372	-2417.038	-2639.414	222.3759	1.495072	2.149832	3.226506
378	-2430.285	-2652.767	222.4819	1.618425	1.766252	3.226506
384	-2426.136	-2647.571	221.4353	1.406407	2.012853	3.871183
390	-2443.995	-2665.576	221.5811	1.31267	1.925085	3.871183
396	-2437.669	-2658.586	220.9168	1.5222	2.019837	4.099099
402	-2428.51	-2650.472	221.9612	1.706705	1.90821	3.428554
408	-2433.037	-2654.906	221.8691	1.590078	2.276108	3.428554
414	-2435.159	-2657.563	222.4044	1.547801	2.07809	3.202254
420	-2426.641	-2647.954	221.313	1.547801	2.202679	3.798756
426	-2432.392	-2653.726	221.3336	1.527134	2.202679	3.798756
432	-2430.474	-2652.032	221.5577	1.629775	2.202679	3.609908
438	-2430.022	-2652.535	222.513	1.701708	2.07626	3.046653
444	-2440.029	-2662.342	222.314	1.641724	2.57205	3.046653
450	-2438.839	-2659.432	220.5925	1.463705	2.626321	4.136342
456	-2454.034	-2675.606	221.5726	1.596135	2.198219	3.622184
462	-2446.164	-2668.852	222.688	1.539692	1.980269	3.072175
468	-2430.824	-2653.544	222.7199	1.844135	2.826772	2.605297
474	-2431.531	-2654.346	222.8149	1.652711	2.220596	2.846124
480	-2441.098	-2664.165	223.0669	1.758293	2.237139	2.621847
486	-2437.183	-2660.392	223.2081	1.712946	1.916811	2.675326
492	-2430.239	-2652.65	222.4113	1.721512	2.772222	2.884008
498	-2437.769	-2660.521	222.7523	1.645734	2.79663	2.71581
504	-2440.795	-2662.577	221.7824	1.718649	2.273395	3.404917
510	-2434.149	-2655.633	221.484	1.556018	2.273395	3.673333
516	-2430.662	-2654.065	223.4038	1.703873	1.734343	2.631232
522	-2432.433	-2653.302	220.8688	1.471609	2.631624	3.9728
528	-2439.266	-2661.535	222.2694	1.643091	2.324283	3.146317
534	-2424.038	-2647.013	222.9742	1.544801	1.908951	2.922996
540	-2432.381	-2655.475	223.0941	1.50973	1.875653	2.884074
546	-2430.55	-2652.504	221.9541	1.757352	2.334738	3.262172
552	-2419.916	-2641.405	221.4884	1.512637	2.193779	3.720677
558	-2441.472	-2661.69	220.2183	1.332198	2.237523	4.53278
564	-2422.519	-2641.606	219.0877	1.20333	2.121092	5.269805
570	-2438.235	-2658.779	220.5447	1.33377	2.075147	4.398702
576	-2422.46	-2643.538	221.0777	1.337861	2.009165	4.115991
582	-2434.48	-2655.775	221.2947	1.638054	2.050068	3.806403
588	-2440.184	-2661.597	221.4126	1.380426	1.98608	3.9081
594	-2444.644	-2666.244	221.6005	1.503652	2.261204	3.639977
600	-2427.772	-2649.006	221.2339	1.423952	2.261204	3.897266
606	-2433.693	-2655.494	221.8008	1.454493	2.126693	3.594863
612	-2438.185	-2661.4	223.2143	1.8356	1.919631	2.594763
618	-2443.569	-2666.506	222.937	1.81846	2.594039	2.553157
624	-2425.481	-2647.823	222.3416	1.707886	2.603424	2.981403
630	-2437.888	-2660.922	223.0335	1.812778	2.129563	2.64517
636	-2434.634	-2657.746	223.1118	1.734486	2.129563	2.64517
642	-2425.249	-2648.353	223.1035	1.69236	2.129563	2.676221
648	-2419.477	-2643.182	223.7047	1.858557	1.950022	2.259847
654	-2428.258	-2651.222	222.9643	1.803798	2.501362	2.57315
660	-2436.711	-2659.334	222.6227	1.663018	1.820466	3.095816
666	-2452.2	-2675.164	222.9635	1.504009	1.979663	2.928464
672	-2449.564	-2672.563	222.9995	1.599798	1.972175	2.851476
678	-2432.338	-2653.971	221.6328	1.599798	1.972175	3.659583
684	-2435.904	-2657.552	221.6484	1.660344	1.972175	3.615431
690	-2431.929	-2654.266	222.3374	1.665983	1.972175	3.208414
696	-2438.194	-2660.263	222.0681	1.721469	1.850329	3.378115
702	-2440.27	-2662.092	221.8224	1.613696	2.274678	3.442535
708	-2431.663	-2653.385	221.7222	1.569348	2.482566	3.464842
714	-2425.795	-2647.944	222.1486	1.569626	2.531843	3.199584
720	-2441.243	-2663.526	222.2827	1.73031	1.981005	3.199584
726	-2434.677	-2656.768	222.091	1.639664	2.379487	3.237208
732	-2422.287	-2645.335	223.048	1.884575	2.024759	2.628763
738	-2425.018	-2647.359	222.341	1.69714	1.991035	3.18117
744	-2424.166	-2645.544	221.3777	1.718046	2.133375	3.685154
750	-2425.074	-2646.878	221.8044	1.686854	2.087628	3.470198
756	-2440.471	-2662.685	222.2138	1.810453	2.908418	2.913015
762	-2427.235	-2650.157	222.9218	1.853534	1.78113	2.81616
768	-2420.694	-2643.454	222.7595	1.823184	1.978679	2.859187
774	-2430.225	-2653.097	222.8727	1.730749	1.978679	2.846658
780	-2430.44	-2654.251	223.8109	1.670365	1.812203	2.366248
786	-2426.249	-2649.48	223.2308	1.689712	1.841656	2.704102
792	-2429.511	-2650.243	220.7325	1.495625	1.839487	4.280628
798	-2449.541	-2672.699	223.1581	1.770286	2.323634	2.529422
804	-2424.918	-2647.828	222.91	1.712848	2.311757	2.72196
810	-2437.202	-2659.609	222.4066	1.473379	2.165887	3.215903
816	-2434.417	-2656.556	222.1384	1.546924	2.93477	3.109401
822	-2437.287	-2659.06	221.7723	1.528482	2.737159	3.388586
828	-2441.866	-2663.564	221.6979	1.505533	3.126897	3.346622
834	-2422.342	-2644.448	222.1064	1.551682	2.16659	3.346622
840	-2428.766	-2650.814	222.0478	1.551682	2.274914	3.346622
846	-2429.783	-2651.674	221.8906	1.708948	2.274914	3.346622
852	-2436.197	-2657.921	221.7236	1.594799	2.919616	3.330509
858	-2432.561	-2653.716	221.1559	1.491886	2.626396	3.79787
864	-2430.928	-2652.762	221.8338	1.493673	2.047977	3.578835
870	-2414.704	-2636.65	221.9461	1.478918	1.883998	3.578835
876	-2435.288	-2655.657	220.3691	1.492969	2.249178	4.353767
882	-2435.474	-2657.277	221.8032	1.607679	1.952152	3.563034
888	-2427.382	-2650.569	223.1865	1.886377	1.952152	2.568389
894	-2428.843	-2651.335	222.4924	1.641715	1.952152	3.13787
900	-2421.493	-2644.164	222.6707	1.731738	2.567934	2.778165
906	-2429.563	-2650.644	221.0805	1.353456	2.240674	4.031628
912	-2429.517	-2652.196	222.6798	1.536757	1.584725	3.230165
918	-2436.245	-2657.421	221.176	1.60999	2.445302	3.768941
924	-2454.061	-2677.071	223.0099	1.647469	2.284754	2.709521
930	-2438.619	-2662.477	223.8582	1.735946	1.738883	2.324569
936	-2448.896	-2670.593	221.6969	1.520307	2.160785	3.605963
942	-2426.776	-2650.314	223.5382	1.854413	2.396002	2.211517
948	-2436.955	-2660.893	223.9376	1.772771	2.01515	2.139757
954	-2440.677	-2662.665	221.9872	1.663496	2.037472	3.393712
960	-2440.395	-2663.29	222.895	1.603343	2.401032	2.769965
966	-2434.325	-2656.706	222.3809	1.569174	2.176535	3.170923
972	-2429.127	-2648.606	219.4784	1.269396	2.108322	5.020778
978	-2424.511	-2645.408	220.8972	1.574629	1.966075	4.09842
984	-2437.496	-2657.58	220.0841	1.326268	2.464775	4.545595
990	-2435.542	-2658.56	223.0177	1.638967	2.131805	2.760716
996	-2442.245	-2663.579	221.3337	1.570325	2.382689	3.719127
1002	-2447.555	-2669.558	222.0035	1.696284	2.284799	3.284498
1008	-2430.897	-2654.117	223.2202	1.733499	2.104768	2.587349
1014	-2446.587	-2669.085	222.4975	1.733499	2.400325	2.932273
1020	-2439.435	-2662.82	223.3858	1.752801	2.68704	2.283974
1026	-2443.288	-2666.339	223.051	1.752801	1.95504	2.733105
1032	-2436.082	-2655.372	219.2897	1.233796	1.969199	5.18971
1038	-2436.955	-2657.207	220.2519	1.38075	2.385369	4.443015
1044	-2433.256	-2653.587	220.3314	1.49481	2.543964	4.289195
1050	-2432.611	-2653.645	221.0347	1.518001	2.619775	3.854354
1056	-2425.681	-2647.964	222.2829	1.610466	2.058707	3.243664
1062	-2412.253	-2634.344	222.0904	1.561689	1.752528	3.495041
1068	-2421.933	-2644.022	222.0885	1.571676	2.625622	3.207332
1074	-2425.943	-2648.377	222.4341	1.793525	2.082239	3.036862
1080	-2422.903	-2645.377	222.4734	1.593769	1.776988	3.241982
1086	-2418.738	-2640.114	221.3766	1.352358	2.382573	3.820085
1092	-2415.965	-2636.427	220.4626	1.498585	1.966387	4.387749
1098	-2429.795	-2651.067	221.2724	1.446492	1.925597	3.971276
1104	-2424.308	-2645.701	221.3939	1.549709	1.925597	3.842411
1110	-2442.409	-2663.547	221.1379	1.431657	3.075637	3.728139
1116	-2431.009	-2652.439	221.43	1.389913	2.519811	3.728139
1122	-2426.187	-2649.037	222.8499	1.505603	2.109868	2.950707
1128	-2432.034	-2654.787	222.7532	1.623306	2.144591	2.926381
1134	-2429.041	-2651.034	221.9926	1.592095	1.870996	3.490527
1140	-2443.451	-2665.486	222.0341	1.647296	1.558255	3.555018
1146	-2429.815	-2652.976	223.1608	1.685531	2.456008	2.538511
1152	-2436.408	-2658.193	221.7849	1.388743	2.135811	3.639246
1158	-2444.705	-2666.276	221.571	1.534739	2.135383	3.678742
1164	-2438.55	-2660.227	221.6763	1.601439	2.712595	3.408733
1170	-2429.597	-2651.512	221.9152	1.601439	2.262706	3.39909
1176	-2430.439	-2652.783	222.3442	1.614351	2.813092	2.977947
1182	-2436.325	-2658.259	221.9337	1.650281	2.535811	3.277835
1188	-2426.278	-2646.875	220.5975	1.346673	2.371194	4.271198
1194	-2443.101	-2664.994	221.8924	1.436997	1.985189	3.598995
1200	-2425.979	-2646.739	220.7594	1.513628	2.250603	4.120311
1206	-2439.611	-2662.011	222.4005	1.67525	2.264709	3.067735
1212	-2440.285	-2661.941	221.6563	1.4776	2.225182	3.6339
1218	-2434.2	-2656.888	222.6873	1.505096	2.679401	2.873727
1224	-2427.973	-2650.531	222.5583	1.689299	2.190393	2.988798
1230	-2445.778	-2669.321	223.5437	1.632301	1.743028	2.585446
1236	-2433.511	-2654.456	220.9445	1.432253	2.158235	4.08984
1242	-2437.002	-2657.936	220.9331	1.519932	2.159414	4.045986
1248	-2443.799	-2664.166	220.3666	1.342058	2.253308	4.43905
1254	-2451.055	-2672.279	221.2239	1.435793	2.303542	3.883353
1260	-2430.237	-2652.581	222.344	1.678054	2.210198	3.117216
1266	-2425.48	-2648.46	222.9794	1.678054	2.477749	2.64878
1272	-2441.397	-2664.494	223.0963	1.673481	1.780272	2.819864
1278	-2432.597	-2655.637	223.0399	1.673481	2.479604	2.613741
1284	-2447.04	-2667.757	220.7163	1.4775	2.117393	4.206798
1290	-2446.803	-2669.02	222.2167	1.495926	2.04826	3.353725
1296	-2455.081	-2677.317	222.2353	1.515185	1.983339	3.353725
1302	-2453.507	-2675.053	221.5457	1.460166	2.124912	3.739833
1308	-2448.254	-2670.399	222.1444	1.549179	2.071697	3.356987
1314	-2460.067	-2682.196	222.1291	1.71819	1.609957	3.43697
1320	-2451.971	-2673.115	221.1447	1.71819	2.379025	3.743963
1326	-2447.902	-2669.723	221.8205	1.482528	1.803407	3.678815
1332	-2445.496	-2667.003	221.5066	1.499483	2.27686	3.691955
1338	-2441.727	-2662.867	221.1403	1.495245	2.102266	3.959964
1344	-2440.032	-2663.244	223.2122	1.592081	2.232038	2.636456
1350	-2441.349	-2664.862	223.5125	1.616694	1.961871	2.529732
1356	-2434.015	-2657.413	223.3981	1.858411	2.328283	2.321189
1362	-2437.878	-2660.5	222.6219	1.575996	1.933347	3.106636
1368	-2443.264	-2665.898	222.634	1.563864	1.933347	3.106636
1374	-2451.447	-2672.704	221.2577	1.552354	1.78342	3.969768
1380	-2446.11	-2668.836	222.726	1.836447	2.425414	2.723207
1386	-2439.783	-2662.109	222.326	1.804443	2.250016	3.039685
1392	-2447.262	-2669.999	222.7374	1.714016	2.529447	2.759607
1398	-2445.311	-2667.684	222.3724	1.538637	2.406283	3.122117
1404	-2451.135	-2674.055	222.9194	1.655241	2.090613	2.82476
1410	-2440.424	-2659.004	218.5803	1.172864	2.320328	5.506887
1416	-2443.547	-2664.968	221.4207	1.491645	2.032494	3.823987
1422	-2446.232	-2664.354	218.122	1.429445	1.934502	5.736127
1428	-2447.471	-2666.78	219.3084	1.268397	2.103226	5.117249
1434	-2449.341	-2670.234	220.8938	1.24442	1.883385	4.316082
1440	-2441.705	-2662.37	220.6648	1.256548	2.046432	4.383808
1446	-2438.991	-2659.068	220.0778	1.338369	1.861564	4.729589
1452	-2445.106	-2665.212	220.1068	1.318987	2.0065	4.675352
1458	-2424.071	-2644.328	220.2575	1.560274	1.861029	4.504575
1464	-2436.426	-2658.116	221.6903	1.386295	2.570403	3.56519
1470	-2434.975	-2655.388	220.4131	1.369819	1.746396	4.565178
1476	-2431.84	-2650.978	219.1377	1.389229	2.323051	5.078819
1482	-2422.944	-2644.499	221.5559	1.485355	1.732996	3.855983
1488	-2438.392	-2659.225	220.8332	1.54568	1.936234	4.161418
1494	-2437.821	-2658.14	220.3191	1.465319	2.16093	4.424634
1500	-2431.951	-2654.622	222.6709	1.571542	1.555662	3.227009
1506	-2428.244	-2650.123	221.8798	1.462839	2.217617	3.51495
1512	-2434.674	-2653.781	219.1073	1.319993	2.217617	5.165077
1518	-2442.165	-2662.532	220.367	1.412496	2.12539	4.43849
1524	-2421.887	-2642.113	220.2262	1.361919	1.863109	4.632778
1530	-2425.739	-2646.598	220.8599	1.51424	1.690737	4.252474
1536	-2436.561	-2655.927	219.3658	1.203561	1.903973	5.186006
1542	-2443.436	-2664.411	220.975	1.274653	2.194587	4.150812
1548	-2441.041	-2663.398	222.3568	1.515841	1.299618	3.558639
1554	-2447.358	-2667.412	220.0544	1.423506	2.668081	4.452542
1560	-2436.842	-2656.94	220.0981	1.428189	2.273302	4.535691
1566	-2434.664	-2655.9	221.2359	1.583628	2.304966	3.791022
1572	-2437.958	-2659.873	221.9157	1.55539	1.847572	3.56519
1578	-2432.368	-2652.785	220.4172	1.36458	2.049876	4.461349
1584	-2431.47	-2651.571	220.1014	1.314786	1.762526	4.764685
1590	-2462.328	-2684.115	221.7872	1.394737	1.72014	3.77987
1596	-2442.477	-2665.32	222.8429	1.506811	2.276799	2.899311
1602	-2439.855	-2660.995	221.1394	1.531744	2.847662	3.726012
1608	-2430.07	-2651.483	221.4125	1.531643	2.452571	3.67549
1614	-2422.677	-2644.489	221.8116	1.537592	2.510211	3.423152
1620	-2428.761	-2649.112	220.3508	1.594971	2.191914	4.32395
1626	-2416.442	-2637.674	221.2316	1.498525	2.527168	3.777863
1632	-2418.531	-2639.48	220.9491	1.545081	1.881921	4.114674
1638	-2430.45	-2651.667	221.2173	1.620535	1.847261	3.930691
1644	-2436.684	-2658.41	221.7258	1.628343	1.719038	3.68088
1650	-2430.481	-2651.94	221.4593	1.632532	2.185497	3.670771
1656	-2419.617	-2641.428	221.8111	1.509996	1.886668	3.638223
1662	-2438.102	-2660.172	222.0695	1.569857	2.286107	3.319687
1668	-2443.338	-2664.834	221.4955	1.429532	2.398378	3.702323
1674	-2441.403	-2662.436	221.0332	1.369123	1.981614	4.132727
1680	-2423.738	-2646.784	223.0458	1.610197	2.27932	2.712098
1686	-2436.136	-2658.771	222.6352	1.60692	2.290626	2.959754
1692	-2427.06	-2649.455	222.3943	1.653157	2.043596	3.157499
1698	-2443.831	-2665.018	221.1863	1.441081	3.033883	3.704816
1704	-2439.038	-2660.577	221.5386	1.503138	2.26925	3.673609
1710	-2440.407	-2661.926	221.5194	1.487769	2.26925	3.693624
1716	-2436.556	-2659.2	222.6439	1.537684	2.120963	3.051328
1722	-2447.795	-2670.279	222.4839	1.440809	1.982903	3.25119
1728	-2428.981	-2650.127	221.146	1.54561	1.678335	4.076824
1734	-2443.01	-2665.113	222.1027	1.454367	2.079819	3.434333
1740	-2450.595	-2673.484	222.8884	1.457034	1.92476	3.021572
1746	-2448.021	-2669.225	221.2042	1.477484	1.92476	3.992806
1752	-2447.994	-2670.102	222.1081	1.594903	2.557692	3.201209
1758	-2444.541	-2665.775	221.2335	1.479769	2.603425	3.766369
1764	-2424.818	-2647.974	223.1552	1.746498	2.234915	2.57521
1770	-2429.138	-2651.115	221.9775	1.644513	2.697886	3.209951
1776	-2432.398	-2652.441	220.0427	1.360435	2.697886	4.486787
1782	-2433.921	-2656.074	222.1536	1.6471	2.080674	3.290943
1788	-2454.979	-2677.273	222.2933	1.762696	1.884873	3.208478
1794	-2426.462	-2649.221	222.7591	1.632047	2.13783	2.919841
1800	-2435.949	-2658.813	222.8639	1.540623	1.985957	2.964163
1806	-2434.582	-2656.683	222.1009	1.591014	1.985957	3.387173
1812	-2427.855	-2648.216	220.3619	1.389772	2.163115	4.442391
1818	-2426.881	-2648.446	221.5647	1.367009	1.844066	3.878048
1824	-2432.275	-2654.029	221.7541	1.355856	1.575692	3.878048
1830	-2426.696	-2648.15	221.4542	1.597144	1.86735	3.800948
1836	-2430.471	-2653.202	222.7318	1.610418	1.867779	3.044371
1842	-2440.536	-2663.001	222.4652	1.579333	2.056045	3.15497
1848	-2429.537	-2652.051	222.5142	1.773916	2.257904	2.94249
1854	-2423.329	-2645.095	221.7658	1.471938	1.936349	3.668997
1860	-2425.978	-2647.193	221.2148	1.442508	2.193548	3.918482
1866	-2427.732	-2649.053	221.3203	1.370865	1.821924	4.023689
1872	-2445.969	-2666.105	220.1354	1.289437	1.95473	4.693021
1878	-2420.064	-2640.872	220.808	1.429444	1.95473	4.235425
1884	-2421.527	-2644.612	223.0843	1.646957	1.927536	2.787496
1890	-2438.453	-2659.486	221.0329	1.308849	1.899134	4.195296
1896	-2459.936	-2679.33	219.3942	1.199793	1.991388	5.143419
1902	-2451.529	-2673.739	222.2099	1.441921	2.120422	3.365348
1908	-2437.459	-2659.891	222.4318	1.529677	2.373276	3.102064
1914	-2437.574	-2657.858	220.2836	1.478714	2.075862	4.463912
1920	-2423.358	-2644.914	221.5561	1.398029	2.34742	3.700624
1926	-2431.842	-2649.443	217.6008	1.194678	2.34742	6.023541
1932	-2425.085	-2642.731	217.6464	1.245502	2.166602	6.023541
1938	-2428.314	-2648.636	220.3215	1.412278	2.056411	4.48625
1944	-2433.87	-2655.485	221.6157	1.412278	2.026584	3.759366
1950	-2433.596	-2657.309	223.7135	1.663699	1.427851	2.598452
1956	-2435.121	-2659.239	224.1179	1.722884	1.355928	2.342888
1962	-2429.969	-2653.847	223.8786	1.740698	1.657907	2.342888
1968	-2425.72	-2647.226	221.5057	1.512689	1.758897	3.859405
1974	-2434.448	-2655.941	221.4924	1.475194	1.527352	3.979412
1980	-2440.145	-2660.212	220.0669	1.32455	1.887678	4.734413
1986	-2437.317	-2655.38	218.0635	1.156216	1.532591	6.061888
1992	-2431.609	-2652.646	221.0374	1.336331	1.837825	4.198665
1998	-2421.921	-2644.149	222.2281	1.497373	1.791259	3.43755
2004	-2428.121	-2650.833	222.7113	1.615105	1.976658	3.01438
2010	-2425.778	-2647.175	221.3973	1.304319	1.724838	4.053421
2016	-2428.47	-2649.84	221.3704	1.472467	1.961648	3.887838
2022	-2446.047	-2669.309	223.2619	1.668958	2.336087	2.523844
2028	-2434.076	-2657.552	223.4758	1.672942	1.944911	2.523844
2034	-2440.5	-2663.99	223.49	1.786513	1.898494	2.461522
2040	-2430.626	-2654.164	223.5382	1.896473	1.651419	2.462259
2046	-2420.628	-2643.594	222.9664	1.895148	2.696505	2.45677
2052	-2431.437	-2654.38	222.9423	1.955538	2.472023	2.501394
2058	-2437.51	-2661.189	223.6794	1.862915	2.23655	2.168504
2064	-2447.557	-2670.476	222.9191	1.819618	2.186323	2.692031
2070	-2446.866	-2668.841	221.975	1.781123	2.603408	3.156656
2076	-2453.333	-2675.101	221.7678	1.624957	2.210574	3.487908
2082	-2453.37	-2675.002	221.6322	1.520579	2.365916	3.579956
2088	-2442.47	-2664.426	221.9562	1.488858	2.229567	3.451385
2094	-2439.408	-2661.13	221.7226	1.447171	2.585525	3.506672
2100	-2439.718	-2661.387	221.6685	1.449643	2.01621	3.710804
2106	-2437.607	-2658.739	221.1321	1.454721	2.230213	3.947468
2112	-2459.176	-2681.474	222.2972	1.40647	2.23721	3.297137
2118	-2454.003	-2674.754	220.7507	1.443425	1.740465	4.335724
2124	-2438.712	-2661.564	222.8519	1.655946	2.480597	2.739768
2130	-2432.593	-2655.464	222.8711	1.636789	2.480597	2.739768
2136	-2428.69	-2651.118	222.4284	1.669794	2.288501	3.046786
2142	-2426.071	-2647.741	221.6699	1.496407	2.406297	3.560093
2148	-2433.784	-2655.271	221.4874	1.421668	2.141778	3.790186
2154	-2441.253	-2664.28	223.0272	1.723058	2.344446	2.633181
2160	-2444.842	-2665.01	220.1675	1.256904	1.700904	4.782678
2166	-2434.62	-2654.75	220.13	1.294415	1.700904	4.782678
2172	-2436.356	-2657.425	221.0686	1.527368	1.700904	4.122658
2178	-2427.903	-2649.851	221.9485	1.416737	2.11411	3.534976
2184	-2430.052	-2651.768	221.7158	1.515155	2.36423	3.534976
2190	-2440.118	-2662.06	221.9418	1.461149	2.144476	3.503154
2196	-2442.355	-2664.308	221.9538	1.619936	2.123819	3.410053
2202	-2446.975	-2668.343	221.3675	1.575517	1.975945	3.825398
2208	-2433.798	-2655.028	221.2293	1.597753	2.179565	3.825398
2214	-2445.936	-2668.74	222.8038	1.886307	2.179565	2.724096
2220	-2432.741	-2655.66	222.9199	1.614703	2.023258	2.872523
2226	-2450.064	-2673.471	223.4073	1.784176	1.929702	2.502892
2232	-2448.338	-2671.046	222.708	1.700463	2.240537	2.875445
2238	-2445.872	-2669.491	223.6187	1.889822	2.240537	2.189059
2244	-2444.71	-2668.188	223.4775	1.946862	1.785778	2.412905
2250	-2433.351	-2656.277	222.9259	1.696517	1.794243	2.903734
2256	-2428.797	-2651.611	222.8133	1.678892	2.007484	2.903734
2262	-2431.853	-2654.016	222.1631	1.632264	2.598914	3.134638
2268	-2434.219	-2656.127	221.9073	1.446137	1.84989	3.632663
2274	-2440.485	-2661.988	221.5028	1.492846	1.826839	3.847482
2280	-2443.693	-2665.741	222.0482	1.587546	1.826839	3.476792
2286	-2442.951	-2665.8	222.8489	1.667536	1.804556	2.963647
2292	-2428.217	-2651.344	223.127	1.639636	1.816377	2.807824
2298	-2436.072	-2656.881	220.8089	1.369185	2.307014	4.157353
2304	-2439.669	-2659.972	220.3029	1.318505	3.074798	4.270282
2310	-2438.666	-2658.882	220.2159	1.359459	1.862538	4.640158
2316	-2435.201	-2657.359	222.1578	1.552309	2.316665	3.26857
2322	-2432.901	-2652.734	219.8328	1.515825	2.247332	4.64313
2328	-2434.566	-2655.725	221.1585	1.544091	1.979043	3.962288
2334	-2425.868	-2647.32	221.4525	1.530582	1.979043	3.801299
2340	-2427.825	-2649.259	221.4341	1.530022	2.170402	3.749369
2346	-2428.561	-2650.196	221.6354	1.596756	2.132932	3.606233
2352	-2419.055	-2641.216	222.1612	1.560601	1.781578	3.44333
2358	-2417.424	-2640.021	222.5972	1.70775	2.070502	2.994546
2364	-2421.202	-2643.276	222.0736	1.618381	2.630647	3.187113
2370	-2432.271	-2655.907	223.6359	1.781722	2.953869	2.02458
2376	-2443.254	-2667.185	223.9308	1.755335	2.38046	2.02458
2382	-2433.694	-2656.633	222.9397	1.740537	2.31282	2.686443
2388	-2442.372	-2665.347	222.9752	1.712511	1.955704	2.803749
2394	-2424.412	-2647.064	222.6521	1.600699	2.461805	2.900478
2400	-2426.556	-2648.946	222.3899	1.778781	2.152854	3.048459
2406	-2430.445	-2653.389	222.9436	1.778781	2.268135	2.675006
2412	-2432.153	-2653.843	221.6898	1.544439	2.392343	3.524719
2418	-2445.664	-2666.758	221.0944	1.668634	2.392343	3.7976
2424	-2444.506	-2666.913	222.4073	1.635575	1.917864	3.204323
2430	-2449.156	-2671.306	222.1504	1.458046	2.290963	3.336373
2436	-2448.717	-2670.629	221.9113	1.482826	2.378519	3.435483
2442	-2433.395	-2655.191	221.7964	1.51141	2.44715	3.46564
2448	-2428.325	-2651.19	222.8656	1.498968	1.993483	2.985538
2454	-2422.598	-2646.598	224.0002	1.776188	1.822235	2.172901
2460	-2427.632	-2650.79	223.1582	1.821647	1.930728	2.633941
2466	-2433.611	-2656.472	222.8616	1.689249	1.898793	2.907544
2472	-2415.769	-2637.876	222.1075	1.631739	1.859321	3.404366
2478	-2427.902	-2647.257	219.355	1.466712	2.011304	5.010618
2484	-2426.897	-2648.49	221.5927	1.729789	2.409267	3.468212
2490	-2425.168	-2647.809	222.641	1.750528	2.308614	2.863845
2496	-2428.575	-2652.015	223.4395	1.887424	1.755818	2.486238
2502	-2418.608	-2641.818	223.2095	1.785797	2.086935	2.567826
2508	-2424.353	-2646.155	221.8024	1.621028	2.810163	3.297052
2514	-2430.355	-2653.032	222.6768	1.739706	2.810163	2.700798
2520	-2423.474	-2646.594	223.1207	1.816236	2.276174	2.539613
2526	-2431.602	-2654.87	223.2678	1.855899	2.508401	2.347804
2532	-2429.058	-2650.294	221.2366	1.606762	2.434411	3.739003
2538	-2432.6	-2653.481	220.8813	1.55583	1.981118	4.113104
2544	-2440.877	-2662.842	221.9653	1.553437	2.635067	3.288268
2550	-2419.544	-2641.648	222.1045	1.512021	2.13831	3.380221
2556	-2415.794	-2637.491	221.6974	1.50326	2.13831	3.622799
2562	-2423.365	-2644.767	221.4018	1.504207	2.002334	3.837743
2568	-2424.976	-2646.204	221.2284	1.629118	1.915686	3.895292
2574	-2442.574	-2661.964	219.3904	1.229284	1.915686	5.154231
2580	-2430.709	-2650.823	220.1143	1.441039	2.348342	4.497261
2586	-2443.208	-2662.492	219.2837	1.279151	1.929539	5.181059
2592	-2432.39	-2653.394	221.0038	1.446085	2.17148	4.044017
2598	-2434.962	-2656.993	222.0311	1.473186	2.485221	3.339357
2604	-2448.337	-2669.487	221.1502	1.539818	2.040688	3.948885
2610	-2437.053	-2657.846	220.7929	1.463549	2.178546	4.151924
2616	-2464.109	-2683.501	219.3917	1.104663	2.234447	5.121801
2622	-2442.741	-2662.016	219.2748	1.32668	2.045533	5.121801
2628	-2433.933	-2654.363	220.4296	1.403733	1.831797	4.506133
2634	-2452.045	-2670.522	218.477	1.330331	2.45602	5.439011
2640	-2437.769	-2661.436	223.6671	1.925935	2.409644	2.076301
2646	-2430.547	-2654.453	223.9059	1.925935	2.523028	1.878695
2652	-2431.756	-2655.122	223.3655	1.676272	1.784265	2.651932
2658	-2427.643	-2650.677	223.0338	1.730616	1.883347	2.783723
2664	-2438.865	-2660.021	221.156	1.548042	1.758756	4.039383
2670	-2436.168	-2657.041	220.8731	1.472337	2.612336	3.975171
2676	-2427.137	-2648.334	221.1972	1.45346	2.261728	3.901211
2682	-2429.201	-2648.629	219.4274	1.434565	2.290154	4.902235
2688	-2441.998	-2663.512	221.5134	1.44536	2.290154	3.715198
2694	-2448.059	-2668.895	220.8361	1.436617	2.229462	4.126976
2700	-2432.673	-2653.526	220.8529	1.436617	2.198411	4.126976
2706	-2433.842	-2653.842	220	1.326738	2.254463	4.653273
2712	-2434.857	-2655.937	221.0798	1.397917	2.035517	4.071873
2718	-2431.619	-2653.113	221.4936	1.322383	2.483877	3.740568
2724	-2444.954	-2666.849	221.8952	1.705435	2.110421	3.398672
2730	-2435.626	-2659.038	223.4118	1.72247	2.000722	2.512263
2736	-2431.377	-2654.206	222.8292	1.788455	2.56238	2.647874
2742	-2435.937	-2658.289	222.352	1.368371	2.040745	3.351677
2748	-2431.484	-2652.727	221.2424	1.285769	1.7611	4.138701
2754	-2437.049	-2660.581	223.5318	1.598302	2.188885	2.448172
2760	-2427.173	-2649.593	222.42	1.660526	2.395627	3.024158
2766	-2436.337	-2660.265	223.9283	1.953412	2.245922	1.940835
2772	-2445.241	-2668.901	223.6604	1.9848	2.841251	1.904936
2778	-2447.079	-2670.782	223.7038	1.986955	2.740259	1.904936
2784	-2447.552	-2671.562	224.0106	1.968206	2.739466	1.705918
2790	-2452.518	-2676.356	223.8377	1.775613	2.807773	1.936593
2796	-2443.256	-2667.117	223.8615	1.729771	2.524104	2.039872
2802	-2436.573	-2660.474	223.9011	1.954016	2.027426	2.039872
2808	-2437.047	-2660.759	223.7123	1.930791	2.276208	2.088826
2814	-2416.012	-2640.195	224.1827	1.861309	2.367763	1.786252
2820	-2424.421	-2648.496	224.075	1.923864	2.457071	1.786252
2826	-2428.735	-2652.948	224.2136	2.036368	2.2551	1.682997
2832	-2436.799	-2659.786	222.9874	2.077507	2.903154	2.26888
2838	-2429.704	-2652.273	222.569	1.642363	2.073452	3.049589
2844	-2445.773	-2668.694	222.9213	1.833438	2.069203	2.72237
2850	-2444.965	-2668.039	223.0748	1.779158	2.051681	2.667589
2856	-2432.859	-2655.765	222.9057	1.790987	2.051681	2.764011
2862	-2432.52	-2655.768	223.2485	1.844196	1.99861	2.538946
2868	-2442.77	-2664.432	221.6614	1.469831	1.966195	3.720297
2874	-2441.471	-2663.34	221.8694	1.644538	2.233747	3.409756
2880	-2440.025	-2662.013	221.988	1.562288	2.233747	3.388459
2886	-2433.986	-2653.917	219.9311	1.372282	2.067896	4.72397
2892	-2427.62	-2649.06	221.4407	1.462268	2.603688	3.656708
2898	-2432.028	-2654.34	222.3123	1.501433	1.947831	3.328924
2904	-2426.901	-2649.223	222.3217	1.695926	1.828121	3.25207
2910	-2430.446	-2653.682	223.2361	1.798683	2.538051	2.395012
2916	-2425.19	-2648.579	223.3891	1.828312	2.183498	2.395012
2922	-2428.395	-2650.16	221.7647	1.709477	2.497054	3.353672
2928	-2437.344	-2659.861	222.5166	1.610146	2.035219	3.113214
2934	-2439.724	-2662.785	223.0607	1.709729	2.639114	2.530543
2940	-2444.934	-2667.305	222.3702	1.610986	1.907415	3.244584
2946	-2447.322	-2670.068	222.7457	1.607423	1.706459	3.099636
2952	-2441.948	-2664.932	222.9839	1.60432	2.049706	2.830735
2958	-2434.947	-2657.925	222.9773	1.699185	1.900646	2.830735
2964	-2430.47	-2653.457	222.987	1.788638	1.900646	2.770387
2970	-2426.467	-2649.906	223.439	1.755727	2.20812	2.400839
2976	-2437.31	-2661.426	224.1162	1.952829	2.148692	1.849588
2982	-2460.987	-2684.279	223.2928	1.747987	1.710236	2.682217
2988	-2456.112	-2679.223	223.111	1.758815	2.126577	2.631659
2994	-2442.17	-2665.587	223.4172	1.87478	2.126577	2.367765
3000	-2434.675	-2658.519	223.844	1.904111	2.096595	2.084365
3006	-2441.198	-2664.17	222.9717	1.904111	2.678896	2.452975
3012	-2445.868	-2669.475	223.6062	1.755232	2.36086	2.243195
3018	-2442.31	-2665.442	223.1318	1.708266	1.654473	2.82772
3024	-2442.822	-2664.196	221.3739	1.510973	1.825951	3.911396
3030	-2442.893	-2666.836	223.9431	1.803	1.779835	2.21002
3036	-2431.013	-2654.011	222.9977	1.728016	1.660174	2.894649
3042	-2432.884	-2654.285	221.4013	1.507774	1.880952	3.87786
3048	-2438.665	-2658.738	220.0729	1.471956	2.187498	4.551188
3054	-2438.338	-2659.798	221.4604	1.607988	2.062343	3.724179
3060	-2433.398	-2655.779	222.3814	1.748379	1.764979	3.209513
3066	-2444.25	-2666.348	222.0976	1.50102	2.51515	3.27513
3072	-2426.612	-2648.607	221.9954	1.508201	1.619019	3.633485
3078	-2424.396	-2646.101	221.7048	1.55682	1.999273	3.633485
3084	-2424.076	-2644.862	220.7861	1.577527	1.672677	4.265303
3090	-2431.765	-2654.008	222.2437	1.587783	1.729819	3.398807
3096	-2440.953	-2662.985	222.0321	1.41294	1.666118	3.648751
3102	-2438.231	-2660.873	222.6414	1.609339	1.943857	3.071355
3108	-2438.796	-2660.688	221.8923	1.597374	2.214978	3.429884
3114	-2447.757	-2670.897	223.1402	1.55685	1.932761	2.80641
3120	-2439.361	-2661.543	222.1813	1.521702	2.087183	3.346274
3126	-2447.589	-2670.337	222.7473	1.607525	1.670348	3.11304
3132	-2425.473	-2647.097	221.6238	1.490936	2.052685	3.700564
3138	-2425.633	-2647.771	222.138	1.420107	1.64357	3.59203
3144	-2439.188	-2658.673	219.4846	1.294904	1.736043	5.128421
3150	-2469.972	-2691.306	221.334	1.346949	1.849548	4.019613
3156	-2473.955	-2695.272	221.317	1.363969	1.849548	4.019613
3162	-2440.753	-2660.614	219.8616	1.282948	1.841508	4.888134
3168	-2446.308	-2666.285	219.9769	1.282948	2.26998	4.68609
3174	-2427.753	-2648.985	221.2321	1.381874	1.782007	4.082226
3180	-2432.552	-2652.799	220.2467	1.427708	2.069885	4.515302
3186	-2448.452	-2670.409	221.9567	1.349218	2.198789	3.542276
3192	-2428.674	-2648.729	220.0549	1.335624	2.198789	4.634341
3198	-2433.694	-2656.728	223.0337	1.789132	2.202911	2.634723
3204	-2453.944	-2677.343	223.399	1.586729	2.035315	2.592058
3210	-2444.967	-2665.681	220.7135	1.56522	1.585898	4.347167
3216	-2440.283	-2662.448	222.1656	1.43634	2.305006	3.335895
3222	-2441.183	-2662.77	221.5866	1.498924	1.893741	3.771856
3228	-2439.828	-2661.558	221.7297	1.355816	1.893741	3.771856
3234	-2440.686	-2662.974	222.2879	1.366451	2.070788	3.38033
3240	-2430.19	-2652.24	222.0502	1.509397	1.321496	3.729715
3246	-2432.014	-2654.646	222.6326	1.573603	2.095494	3.045203
3252	-2417.907	-2639.525	221.619	1.425157	2.090734	3.728848
3258	-2428.932	-2650.452	221.5199	1.67864	1.831794	3.728848
3264	-2430.419	-2650.631	220.2126	1.297216	1.975734	4.638434
3270	-2430.25	-2651.25	221.0008	1.527436	2.011141	4.051126
3276	-2435.933	-2656.522	220.5896	1.208904	1.810561	4.533211
3282	-2432.808	-2655.226	222.4187	1.507408	2.146459	3.194955
3288	-2435.675	-2657.599	221.9241	1.443872	1.641438	3.703073
3294	-2447.216	-2669.73	222.5146	1.505694	1.475255	3.392363
3300	-2430.585	-2652.188	221.6029	1.532878	1.475255	3.905007
3306	-2439.731	-2660.637	220.9061	1.390702	1.649714	4.311942
3312	-2445.188	-2667.161	221.9725	1.295645	1.850688	3.681781
3318	-2439.649	-2659.745	220.0959	1.354814	1.580338	4.814096
3324	-2425.83	-2646.26	220.4299	1.299399	1.665009	4.625609
3330	-2442.395	-2662.266	219.8712	1.293586	1.665009	4.94084
3336	-2424.565	-2645.789	221.2244	1.481136	1.675609	4.069888
3342	-2442.705	-2663.323	220.6179	1.417488	1.736244	4.426898
3348	-2437.652	-2656.881	219.2296	1.024852	1.31402	5.587437
3354	-2437.588	-2658.34	220.7517	1.28818	2.047705	4.316386
3360	-2436.198	-2657.316	221.1178	1.410701	2.111779	4.018058
3366	-2430.225	-2651.253	221.0284	1.423336	2.251937	4.018058
3372	-2436.955	-2658.137	221.1825	1.401184	2.251937	3.942581
3378	-2422.512	-2644.856	222.3443	1.535519	2.305139	3.171673
3384	-2431.485	-2654.641	223.1561	1.791493	2.343934	2.510845
3390	-2426.417	-2649.809	223.3923	1.818705	2.158226	2.407837
3396	-2432.96	-2655.793	222.833	1.562903	2.351782	2.8476
3402	-2420.802	-2644.256	223.4544	1.81581	1.945341	2.447697
3408	-2441.951	-2665.853	223.9021	1.873134	2.050347	2.083885
3414	-2439.306	-2659.647	220.3414	1.273985	2.151827	4.522621
3420	-2431.831	-2655.06	223.2288	1.693886	2.445705	2.494089
3426	-2433.861	-2657.411	223.5498	1.834166	2.025187	2.346026
3432	-2433.58	-2656.992	223.4113	1.834166	2.099792	2.406672
3438	-2452.494	-2676.741	224.247	1.769584	1.888436	1.987639
3444	-2445.461	-2666.704	221.2426	1.465304	2.024501	3.943987
3450	-2443.082	-2667.44	224.3578	1.960298	1.937125	1.761797
3456	-2448.797	-2673.129	224.3322	1.960298	1.851825	1.815782
3462	-2447.714	-2671.743	224.029	1.880602	2.552015	1.815782
3468	-2451.173	-2675.962	224.7884	1.964785	2.066485	1.386548
3474	-2449.586	-2673.821	224.2347	1.779711	1.871124	1.996234
3480	-2435.233	-2658.647	223.4144	1.73174	1.817887	2.574115
3486	-2448.957	-2670.706	221.7488	1.688596	2.421075	3.397474
3492	-2452.325	-2673.633	221.3082	1.376272	1.932994	3.988375
3498	-2434.98	-2656.596	221.6157	1.377337	2.13264	3.744715
3504	-2425.372	-2646.828	221.4552	1.532622	2.095623	3.759746
3510	-2429.431	-2652.681	223.2503	1.706958	2.920584	2.332832
3516	-2429.699	-2652.484	222.7853	1.631793	2.663787	2.741439
3522	-2434.379	-2657.469	223.0907	1.51164	1.921273	2.868125
3528	-2432.324	-2653.908	221.5846	1.484121	2.209736	3.676515
3534	-2432.116	-2653.929	221.8134	1.484121	1.921165	3.639672
3540	-2433.763	-2655.287	221.5237	1.442141	2.534214	3.639672
3546	-2435.829	-2657.417	221.5887	1.528217	2.048426	3.700729
3552	-2441.486	-2662.653	221.1678	1.570656	2.275765	3.846531
3558	-2447.057	-2668.45	221.3928	1.467969	1.913521	3.894149
3564	-2442.882	-2664.32	221.4373	1.505686	1.781988	3.894149
3570	-2448.348	-2669.884	221.5361	1.319375	1.922368	3.894149
3576	-2446.835	-2667.914	221.0788	1.498843	1.922368	4.053028
3582	-2433.836	-2655.804	221.9678	1.529096	2.638759	3.300138
3588	-2431.843	-2654.696	222.8526	1.688319	2.848389	2.613679
3594	-2432.672	-2655.549	222.8777	1.594429	1.744805	3.013401
3600	-2434.277	-2657.395	223.1177	1.690401	1.71619	2.82197
3606	-2444.089	-2667.892	223.8029	1.831883	1.680191	2.32344
3612	-2451.203	-2673.107	221.9045	1.466227	2.233722	3.493514
3618	-2454.695	-2676.365	221.6699	1.394023	1.894304	3.784111
3624	-2440.836	-2663.422	222.5864	1.626668	2.291081	2.977104
3630	-2430.995	-2652.431	221.4358	1.538606	2.297075	3.704066
3636	-2431.546	-2653.364	221.8178	1.573303	2.083003	3.53018
3642	-2438.911	-2662.071	223.1599	1.62782	1.895912	2.764815
3648	-2442.978	-2664.582	221.6045	1.708672	1.978967	3.61054
3654	-2435.238	-2656.281	221.0429	1.475856	2.192947	3.997969
3660	-2450.901	-2671.831	220.9303	1.471808	2.582665	3.950826
3666	-2445.777	-2667.905	222.1275	1.517056	1.897077	3.44617
3672	-2455.322	-2676.29	220.9673	1.567842	2.198746	3.986791
3678	-2428.52	-2650.513	221.9935	1.531177	2.246865	3.399359
3684	-2434.624	-2655.933	221.3089	1.547842	2.246865	3.787314
3690	-2463.886	-2685.272	221.3863	1.410038	2.098807	3.868912
3696	-2452.358	-2674.116	221.7583	1.413658	1.903669	3.718486
3702	-2449.717	-2672.107	222.3904	1.568917	1.903669	3.258865
3708	-2450.97	-2672.854	221.8846	1.823904	2.351283	3.258865
3714	-2451.092	-2674.459	223.3667	1.728033	2.644961	2.324551
3720	-2438.764	-2662.449	223.6844	1.928174	2.285039	2.105764
3726	-2435.899	-2658.919	223.02	1.77652	2.085631	2.690971
3732	-2437.371	-2659.785	222.4134	1.63501	2.107293	3.13533
3738	-2436.95	-2659.102	222.1513	1.492597	1.846707	3.464785
3744	-2417.826	-2640.106	222.28	1.677826	2.1029	3.190588
3750	-2429.108	-2650.397	221.2899	1.540722	2.274707	3.793869
3756	-2422.893	-2643.312	220.4182	1.392903	2.067326	4.439211
3762	-2422.823	-2642.233	219.4104	1.300605	2.053814	5.05839
3768	-2430.496	-2649.865	219.3683	1.140081	2.431408	5.05839
3774	-2429.952	-2648.748	218.7959	1.266143	2.226734	5.364124
3780	-2424.999	-2646.078	221.0793	1.327234	2.381174	4.0053
3786	-2430.19	-2649.845	219.6554	1.327234	2.381174	4.808674
3792	-2430.331	-2651.951	221.6196	1.542038	2.635035	3.497746
3798	-2420.049	-2642.674	222.6251	1.62798	1.903214	3.084618
3804	-2430.259	-2651.941	221.6824	1.413816	1.643853	3.858677
3810	-2425.381	-2646.782	221.4007	1.407159	1.767132	3.976983
3816	-2434.44	-2656.864	222.4239	1.507852	1.767132	3.325613
3822	-2448.672	-2670.229	221.5571	1.387044	1.852384	3.867884
3828	-2445.128	-2666.57	221.442	1.47524	1.828296	3.891983
3834	-2432.849	-2654.18	221.3308	1.417568	2.112558	3.891983
3840	-2437.213	-2656.465	219.2517	1.406093	2.244843	5.029166
3846	-2439.424	-2659.342	219.9179	1.432579	1.577356	4.871175
3852	-2429.299	-2651.115	221.8162	1.513883	2.209329	3.524878
3858	-2438.982	-2661.461	222.4788	1.74773	1.822086	3.130458
3864	-2430.198	-2653.459	223.2607	1.798456	1.65037	2.695635
3870	-2439.184	-2661.439	222.2545	1.663052	2.672935	3.04091
3876	-2432.722	-2654.937	222.2157	1.665878	2.301158	3.171856
3882	-2433.185	-2655.443	222.2583	1.620768	2.502365	3.112606
3888	-2436.733	-2659.392	222.6591	1.553246	2.503372	2.912516
3894	-2431.203	-2653.329	222.1258	1.47128	2.261591	3.352246
3900	-2428.163	-2649.295	221.1329	1.462629	2.387509	3.895292
3906	-2426.161	-2648.982	222.821	1.521975	1.598762	3.149328
3912	-2434.888	-2657.549	222.6607	1.504837	2.143021	3.053581
3918	-2438.886	-2660.135	221.249	1.378851	2.638541	3.806016
3924	-2441.485	-2661.959	220.474	1.401435	2.057607	4.406078
3930	-2447.777	-2667.886	220.1088	1.347726	2.351672	4.551836
3936	-2453.995	-2675.086	221.0916	1.277742	2.076615	4.120126
3942	-2442.363	-2663.831	221.4683	1.276478	1.686684	4.04331
3948	-2435.813	-2657.22	221.4069	1.375633	1.824349	3.970574
3954	-2434.93	-2656.938	222.0082	1.63667	1.582887	3.566086
3960	-2420.361	-2640.932	220.571	1.490294	2.35764	4.20872
3966	-2442.371	-2663.721	221.35	1.305741	2.792972	3.748987
3972	-2440.394	-2660.927	220.5328	1.321104	1.84884	4.48854
3978	-2426.014	-2647.174	221.1601	1.451757	2.340432	3.899767
3984	-2425.735	-2647.398	221.6629	1.630868	1.678414	3.731442
3990	-2434.607	-2653.271	218.6635	1.241937	1.673704	5.633125
3996	-2431.037	-2650.836	219.7991	1.208259	1.205701	5.222703
4002	-2453.483	-2673.933	220.45	1.344757	1.442432	4.678147
4008	-2443.312	-2663.653	220.3407	1.454059	1.442432	4.678147
4014	-2441.377	-2663.511	222.134	1.458902	1.650701	3.569023
4020	-2429.784	-2653.19	223.4054	1.64331	1.69643	2.682993
4026	-2424.106	-2646.271	222.1645	1.626131	1.718372	3.427129
4032	-2440.363	-2661.438	221.0749	1.419577	2.214449	4.00513
4038	-2456.442	-2679.571	223.1289	1.710668	2.455011	2.543006
4044	-2456.687	-2679.779	223.0924	1.535389	2.472183	2.668751
4050	-2450.766	-2673.894	223.1286	1.511529	2.333512	2.704396
4056	-2444.939	-2667.008	222.0692	1.413102	2.3954	3.378727
4062	-2446.601	-2668.009	221.4077	1.508973	1.519688	4.011654
4068	-2442.643	-2663.434	220.7909	1.506226	1.918236	4.214029
4074	-2449.978	-2670.824	220.8468	1.187323	1.91786	4.363002
4080	-2443.277	-2663.9	220.6235	1.366181	2.185221	4.301165
4086	-2436.13	-2657.973	221.8429	1.616305	1.557944	3.684011
4092	-2435.277	-2658.63	223.3535	1.770279	1.977567	2.527287
4098	-2434.56	-2658.488	223.9279	1.846477	2.294497	1.995493
4104	-2440.209	-2664.399	224.1894	1.798128	2.294497	1.851493
4110	-2445.62	-2669.714	224.0942	1.893252	2.294497	1.851493
4116	-2445.694	-2670.052	224.3578	1.853523	1.899177	1.851493
4122	-2444.613	-2668.163	223.5506	1.655446	2.625785	2.259153
4128	-2444.291	-2667.403	223.1113	1.655446	2.173657	2.679081
4134	-2444.178	-2667.266	223.0875	1.655446	2.07347	2.728098
4140	-2436.942	-2659.275	222.3336	1.457245	2.194725	3.259289
4146	-2437.605	-2659.363	221.7574	1.638715	2.579081	3.376101
4152	-2437.058	-2659.894	222.8363	1.681739	2.159313	2.835813
4158	-2442.699	-2665.914	223.2147	1.728469	2.181666	2.5674
4164	-2465.893	-2688.13	222.2368	1.583653	2.843991	3.052466
4170	-2441.066	-2663.172	222.1056	1.692348	2.182426	3.259054
4176	-2445.598	-2668.141	222.5434	1.696755	2.182426	2.995848
4182	-2434.323	-2655.538	221.2147	1.454557	2.120752	3.934711
4188	-2437.774	-2659.719	221.9448	1.462639	2.50348	3.390945
4194	-2441.637	-2663.972	222.3348	1.45091	2.457287	3.181373
4200	-2443.179	-2664.686	221.5073	1.501128	2.252173	3.698175
4206	-2437.005	-2658.3	221.2943	1.632107	2.473556	3.679758
4212	-2435.729	-2658.282	222.5531	1.715906	2.202777	2.97183
4218	-2438.383	-2660.139	221.7562	1.535881	1.838163	3.672444
4224	-2437.409	-2659.955	222.5465	1.511019	2.312756	3.06344
4230	-2440.439	-2663.225	222.7865	1.726914	2.645139	2.687727
4236	-2436.547	-2658.921	222.3734	1.490698	2.493487	3.124106
4242	-2446.348	-2668.773	222.4245	1.823845	2.877835	2.785238
4248	-2460.416	-2682.805	222.3891	1.628803	2.529406	3.021739
4254	-2447.585	-2671.53	223.9446	1.829174	2.389681	1.96291
4260	-2454.647	-2678.316	223.669	1.829174	2.810408	2.012888
4266	-2455.438	-2679.065	223.6268	2.018758	2.647435	1.964357
4272	-2438.766	-2661.803	223.0363	1.780827	2.403184	2.573164
4278	-2441.341	-2664.955	223.6145	1.879577	1.905794	2.321183
4284	-2439.757	-2662.957	223.2	1.717348	1.941165	2.668579
4290	-2438.612	-2660.748	222.1365	1.540619	2.548104	3.219269
4296	-2439.239	-2661.595	222.3553	1.571489	2.07232	3.219269
4302	-2451.721	-2672.565	220.8444	1.493736	2.101758	4.129807
4308	-2463.632	-2685.54	221.9083	1.54676	2.541261	3.352189
4314	-2442.503	-2665.388	222.8847	1.893938	2.081945	2.70327
4320	-2432.719	-2656.583	223.8638	1.893938	2.046565	2.096791
4326	-2431.936	-2655.737	223.8001	1.933586	2.088648	2.096791
4332	-2431.437	-2655.521	224.0844	1.7086	1.996041	2.092933
4338	-2430.092	-2652.531	222.4389	1.494755	2.091858	3.208633
4344	-2442.714	-2665.069	222.3556	1.58064	2.39838	3.109516
4350	-2436.441	-2658.212	221.7704	1.428381	2.074362	3.64476
4356	-2438.12	-2659.291	221.1711	1.310085	1.739401	4.173491
4362	-2441.096	-2662.427	221.3315	1.34882	2.169434	3.91286
4368	-2440.241	-2661.175	220.9341	1.431774	1.802254	4.21589
4374	-2446.07	-2668.417	222.3463	1.558659	2.053092	3.238688
4380	-2458.746	-2681.851	223.1058	1.745782	2.37764	2.559862
4386	-2443.402	-2666.557	223.1549	1.586438	2.154474	2.701173
4392	-2434.496	-2654.835	220.3389	1.457521	1.918023	4.496935
4398	-2426.186	-2647.905	221.7185	1.548345	2.224724	3.556816
4404	-2430.349	-2650.952	220.6038	1.255652	2.654469	4.240528
4410	-2439.311	-2660.721	221.4105	1.380886	1.930199	3.928171
4416	-2441.302	-2662.583	221.2807	1.127503	1.623585	4.259041
4422	-2432.853	-2653.919	221.0658	1.254283	1.755122	4.259041
4428	-2438.288	-2660.569	222.2808	1.369449	1.773522	3.488157
4434	-2439.943	-2660.562	220.6187	1.432957	2.066787	4.303558
4440	-2426.122	-2647.629	221.5068	1.452444	1.828467	3.867828
4446	-2434.535	-2655.954	221.419	1.306112	2.080515	3.915672
4452	-2433.363	-2654.55	221.1863	1.27934	1.716692	4.190775
4458	-2420.518	-2642.275	221.7568	1.413722	1.680134	3.801815
4464	-2425.839	-2647.442	221.6025	1.491399	1.994494	3.732193
4470	-2423.376	-2643.117	219.7411	1.405676	1.578545	4.984058
4476	-2424.141	-2641.216	217.0751	1.277299	1.95505	6.382933
4482	-2424.28	-2645.544	221.2635	1.26862	1.95673	4.067242
4488	-2435.101	-2654.777	219.6761	1.315733	2.054315	4.902158
4494	-2436.471	-2656.076	219.6048	1.404539	2.02395	4.902158
4500	-2447.46	-2669.795	222.335	1.616334	2.113714	3.190872
4506	-2442.812	-2665.789	222.9773	1.786397	2.44814	2.592281
4512	-2423.617	-2645.385	221.7681	1.445794	2.295768	3.565635
4518	-2441.917	-2662.711	220.7947	1.270991	1.77006	4.397364
4524	-2430.714	-2651.612	220.8976	1.495481	1.507973	4.314087
4530	-2423.759	-2643.943	220.1838	1.314905	1.703463	4.740226
4536	-2421.09	-2641.86	220.7705	1.366383	1.648637	4.402663
4542	-2437.32	-2659.292	221.9722	1.497047	2.103016	3.477974
4548	-2440.846	-2663.11	222.2644	1.441267	2.064089	3.352468
4554	-2433.477	-2655.655	222.1781	1.547144	2.21215	3.29239
4560	-2434.606	-2656.068	221.4615	1.56689	2.21215	3.699099
4566	-2435.372	-2657.81	222.4379	1.582727	2.099225	3.154535
4572	-2431.912	-2654.926	223.0139	1.845665	2.112302	2.64296
4578	-2420.872	-2643.854	222.9822	1.720356	2.238772	2.696793
4584	-2418.604	-2641.144	222.5398	1.755005	2.599445	2.834442
4590	-2421.457	-2642.347	220.8901	1.621442	2.599445	3.883526
4596	-2422.389	-2644.467	222.0784	1.617224	2.599445	3.193725
4602	-2430.009	-2652.277	222.2682	1.698917	2.077285	3.193725
4608	-2431.896	-2652.558	220.6622	1.383842	2.233836	4.254312
4614	-2441.807	-2663.041	221.2335	1.531948	2.275016	3.831252
4620	-2428.063	-2650.454	222.3915	1.500698	1.842476	3.320686
4626	-2437.575	-2659.022	221.4474	1.423164	2.201662	3.793399
4632	-2429.793	-2652.605	222.8126	1.667159	2.110401	2.875524
4638	-2430.464	-2653.057	222.5921	1.699677	2.309601	2.923821
4644	-2434.302	-2657.219	222.9175	1.546631	2.767372	2.683354
4650	-2443.108	-2666.056	222.9482	1.79511	2.572229	2.567185
4656	-2442.829	-2666.374	223.5457	1.878461	2.391835	2.192505
4662	-2435.791	-2659.408	223.6167	1.800647	2.170683	2.272267
4668	-2427.524	-2650.848	223.3232	1.837211	2.679453	2.272267
4674	-2430.384	-2652.193	221.8086	1.621868	2.478495	3.384702
4680	-2444.75	-2667.865	223.1154	1.831862	2.314585	2.520599
4686	-2433.078	-2656.774	223.6964	1.749246	2.606967	2.109568
4692	-2425.629	-2647.44	221.8108	1.600309	2.003641	3.545155
4698	-2430.344	-2651.907	221.5622	1.611185	2.443204	3.545155
4704	-2422.685	-2645.885	223.2004	1.680021	1.814088	2.739302
4710	-2427.121	-2648.951	221.8308	1.422154	2.072107	3.614098
4716	-2437.279	-2658.945	221.6658	1.592334	2.062965	3.614098
4722	-2423.859	-2645.499	221.6401	1.553543	1.94453	3.691656
4728	-2428.144	-2649.929	221.7852	1.690254	2.176627	3.450446
4734	-2442.734	-2666.974	224.2393	1.974894	2.991322	1.452113
4740	-2427.674	-2651.044	223.3699	1.68253	2.04542	2.54705
4746	-2433.584	-2656.927	223.3425	1.780984	1.952798	2.536683
4752	-2434.002	-2655.62	221.6185	1.403519	2.037499	3.759148
4758	-2442.173	-2663.017	220.8449	1.452265	1.964864	4.198122
4764	-2437.693	-2660.411	222.7179	1.588564	2.598959	2.827531
4770	-2441.527	-2664.246	222.719	1.704908	2.361582	2.827531
4776	-2437.023	-2658.005	220.9822	1.514836	2.147691	4.024569
4782	-2423.323	-2645.786	222.463	1.532714	2.416991	3.068363
4788	-2421.282	-2644.05	222.7681	1.761115	2.084116	2.854557
4794	-2440.273	-2662.437	222.1643	1.553453	2.493653	3.210934
4800	-2445.276	-2668.375	223.099	1.642055	2.184891	2.691096
4806	-2433.488	-2654.913	221.4251	1.351723	1.68739	4.024734
4812	-2432.553	-2652.784	220.231	1.517279	2.19397	4.434777
4818	-2427.749	-2648.597	220.8479	1.265377	1.963951	4.302616
4824	-2422.221	-2643.447	221.2262	1.278369	1.692172	4.177913
4830	-2436.592	-2657.102	220.5105	1.319307	1.814158	4.514366
4836	-2434.619	-2654.698	220.079	1.278453	1.814158	4.779028
4842	-2457.611	-2680.672	223.0609	1.480051	1.731724	2.977217
4848	-2432.292	-2654.605	222.3136	1.58359	2.28866	3.166472
4854	-2425.542	-2647.482	221.9404	1.47665	1.644378	3.673509
4860	-2429.054	-2649.33	220.2757	1.237982	1.886738	4.666337
4866	-2436.312	-2655.767	219.4556	1.171053	2.549829	4.960255
4872	-2426.888	-2649.186	222.298	1.563499	2.248623	3.200284
4878	-2439.65	-2662.402	222.7518	1.541033	2.874279	2.759086
4884	-2443.924	-2666.39	222.4656	1.723336	2.359354	2.970219
4890	-2427.088	-2649.938	222.8505	1.639726	1.900222	2.943563
4896	-2440.101	-2663.235	223.1341	1.791156	2.539366	2.463557
4902	-2445.871	-2668.71	222.8385	1.763375	2.383429	2.712112
4908	-2444.303	-2668.197	223.8944	1.776328	2.193596	2.099831
4914	-2448.436	-2671.786	223.3498	1.837472	3.212253	2.105663
4920	-2440.397	-2663.333	222.9365	1.755562	1.733034	2.885627
4926	-2442.64	-2665.251	222.6105	1.522656	2.619142	2.926593
4932	-2448.298	-2670.441	222.1434	1.432927	2.374993	3.329593
4938	-2436.249	-2657.401	221.1524	1.377682	2.374993	3.936445
4944	-2450.297	-2671.472	221.175	1.299832	2.061225	4.065062
4950	-2439.146	-2661.447	222.3006	1.788937	1.874014	3.192571
4956	-2446.325	-2668.697	222.3727	1.705217	2.315464	3.050433
4962	-2442.447	-2664.594	222.1474	1.637157	1.966296	3.339604
4968	-2435.496	-2656.764	221.2688	1.538356	2.644841	3.70086
4974	-2454.98	-2676.157	221.1779	1.449653	1.949287	4.015301
4980	-2427.949	-2649.682	221.7329	1.601784	1.953241	3.606939
4986	-2434.537	-2656.753	222.2161	1.528289	2.282687	3.258864
4992	-2442.454	-2665.18	222.726	1.68045	2.054082	2.939128
4998	-2438.034	-2660.758	222.7239	1.624305	2.054082	2.974218
5004	-2435.054	-2656.946	221.8927	1.642103	2.054082	3.455983
5010	-2441.987	-2665.662	223.6748	1.591311	1.697013	2.548363
5016	-2436.587	-2659.74	223.1537	1.70657	2.279203	2.58627
5022	-2433.195	-2656.349	223.1541	1.734877	2.590639	2.470809
5028	-2433.209	-2657.057	223.8475	1.808529	2.387902	2.041967
5034	-2422.038	-2645.23	223.1917	1.67441	2.387902	2.547554
5040	-2434.44	-2657.144	222.704	1.727364	2.329108	2.833218
5046	-2429.841	-2652.012	222.1712	1.276574	2.145405	3.47665
5052	-2416.38	-2639.18	222.8008	1.543719	2.496596	2.834467
5058	-2414.341	-2636.583	222.2414	1.547343	1.864421	3.373474
5064	-2416.168	-2637.54	221.3725	1.4157	2.517115	3.747221
5070	-2423.196	-2644.833	221.6368	1.457441	2.018423	3.723862
5076	-2425.333	-2647.812	222.4787	1.574822	2.095728	3.136169
5082	-2426.584	-2649.427	222.8435	1.790349	2.816056	2.565002
5088	-2433.026	-2656.549	223.5231	1.701367	3.033923	2.12934
5094	-2431.566	-2654.1	222.5338	1.740674	2.517942	2.870621
5100	-2439.987	-2662.853	222.8667	1.527328	2.282628	2.870621
5106	-2420.408	-2643.405	222.9972	1.714297	2.639763	2.566966
5112	-2427.27	-2650.698	223.4275	1.655751	1.938594	2.566966
5118	-2436.501	-2658.843	222.3419	1.540487	1.827246	3.332081
5124	-2423.635	-2645.513	221.8788	1.473371	2.570297	3.404364
5130	-2432.729	-2654.826	222.0979	1.606716	2.242961	3.294798
5136	-2441.618	-2663.969	222.3513	1.642531	2.281497	3.111268
5142	-2445.933	-2668.02	222.0867	1.557316	1.748002	3.501466
5148	-2438.177	-2660.445	222.2679	1.738255	1.686239	3.313183
5154	-2418.728	-2642.108	223.3801	1.765943	1.842469	2.564619
5160	-2425.345	-2648.969	223.6243	1.8155	1.546609	2.504941
5166	-2423.627	-2645.946	222.3183	1.58974	2.092726	3.223525
5172	-2433.849	-2655.706	221.8575	1.602041	2.590894	3.335475
5178	-2434.346	-2655.902	221.5565	1.537653	2.029814	3.720129
5184	-2434.683	-2656.272	221.5892	1.454324	2.118618	3.720129
5190	-2452.221	-2674.859	222.6376	1.513043	2.3091	3.008851
5196	-2437.208	-2658.087	220.8791	1.4336	2.108503	4.142086
5202	-2420.231	-2640.599	220.3686	1.363053	1.890147	4.542876
5208	-2433.748	-2653.764	220.0154	1.277161	2.121145	4.7132
5214	-2425.566	-2645.396	219.8295	1.429721	2.181277	4.7132
5220	-2425.196	-2646.555	221.3594	1.518054	2.206935	3.787795
5226	-2427.174	-2649.695	222.5209	1.739247	2.325516	2.937868
5232	-2417.963	-2640.573	222.6104	1.845872	2.582497	2.740977
5238	-2436.454	-2658.292	221.8389	1.67248	2.894603	3.223059
5244	-2423.81	-2646.776	222.966	1.671402	1.987088	2.823007
5250	-2420.377	-2643.877	223.4999	1.638783	2.033942	2.497397
5256	-2439.728	-2661.002	221.2745	1.638783	2.094645	3.802998
5262	-2442.557	-2663.61	221.0537	1.490984	2.114752	4.007888
5268	-2431.032	-2652.334	221.3025	1.464111	2.237909	3.841966
5274	-2432.735	-2655.976	223.2407	1.756759	2.138731	2.548379
5280	-2433.964	-2657.341	223.3771	1.709503	2.515716	2.369105
5286	-2437.095	-2659.975	222.8801	1.746997	1.856291	2.877288
5292	-2440.822	-2663.535	222.7135	1.622811	2.026884	2.990751
5298	-2428.478	-2650.703	222.2249	1.566351	2.327861	3.217101
5304	-2431.122	-2653.796	222.6741	1.774626	2.413683	2.79628
5310	-2439.824	-2661.896	222.0717	1.60623	1.937151	3.412414
5316	-2427.185	-2649.049	221.8644	1.54834	2.213345	3.475374
5322	-2425.128	-2646.605	221.4766	1.554455	1.766934	3.849151
5328	-2428.774	-2649.663	220.8897	1.457458	3.35305	3.792048
5334	-2422.98	-2645.17	222.1902	1.479087	1.600451	3.544742
5340	-2432.296	-2654.306	222.0102	1.499269	2.551513	3.317246
5346	-2433.697	-2656.743	223.0454	1.77738	2.656099	2.492862
5352	-2439.612	-2662.159	222.5467	1.519583	1.953328	3.177758
5358	-2437.016	-2658.302	221.2865	1.464502	1.953328	3.943318
5364	-2436.001	-2658.255	222.254	1.563928	2.18224	3.247335
5370	-2437.331	-2659.351	222.0205	1.669985	2.698364	3.1692
5376	-2446.786	-2670.548	223.7615	1.882006	2.407165	2.043788
5382	-2440.818	-2663.966	223.1476	1.713314	2.481704	2.521434
5388	-2442.92	-2664.554	221.6345	1.463896	2.119657	3.688035
5394	-2452.202	-2674.892	222.6895	1.552512	1.862278	3.106247
5400	-2440.334	-2661.52	221.1853	1.35542	2.231049	3.973623
5406	-2445.862	-2666.355	220.4928	1.333386	1.886444	4.491018
5412	-2443.856	-2664.619	220.7635	1.309322	1.886444	4.352002
5418	-2440.882	-2662.163	221.2808	1.388947	1.788523	4.048021
5424	-2448.512	-2670.155	221.6431	1.561528	2.209009	3.597959
5430	-2451.266	-2671.24	219.9738	1.42374	2.364014	4.581392
5436	-2435.489	-2657.37	221.8807	1.483644	2.638228	3.378225
5442	-2437.466	-2660.421	222.9555	1.739137	2.626547	2.581326
5448	-2444.785	-2666.655	221.87	1.428933	2.970012	3.329165
5454	-2430.57	-2652.263	221.6937	1.428933	1.806416	3.781892
5460	-2427.399	-2648.64	221.2411	1.448487	1.83196	4.020952
5466	-2431.716	-2653.654	221.9376	1.491687	1.94661	3.554256
5472	-2441.621	-2662.873	221.2527	1.380187	1.800825	4.064587
5478	-2436.702	-2658.434	221.7318	1.489969	2.143207	3.608972
5484	-2442.069	-2665.127	223.058	1.63068	1.838192	2.846813
5490	-2434.053	-2655.822	221.7694	1.402729	2.011495	3.681223
5496	-2433.069	-2654.087	221.0179	1.390714	2.443952	3.985994
5502	-2445.822	-2666.312	220.4906	1.358092	1.884262	4.479114
5508	-2449.051	-2668.665	219.6146	1.298389	2.64936	4.774227
5514	-2435.898	-2658.274	222.3762	1.498573	2.64936	3.073097
5520	-2441.416	-2663.842	222.4256	1.419835	1.935075	3.314785
5526	-2432.321	-2654.708	222.3876	1.488294	1.959958	3.288019
5532	-2446.429	-2668.068	221.6384	1.410386	2.12452	3.715174
5538	-2433.423	-2654.963	221.5396	1.475198	2.185874	3.715174
5544	-2439.553	-2661.638	222.0852	1.486427	2.185874	3.39117
5550	-2435.122	-2655.934	220.8122	1.409192	1.975144	4.237618
5556	-2434.503	-2655.731	221.2276	1.507183	1.813047	4.001978
5562	-2425.24	-2646.415	221.1753	1.259549	1.602751	4.252145
5568	-2416.929	-2637.454	220.5248	1.334574	2.066024	4.412409
5574	-2413.104	-2635.254	222.1504	1.619803	2.066024	3.313814
5580	-2412.345	-2635.521	223.1763	1.758747	2.152418	2.582393
5586	-2423.764	-2646.903	223.1391	1.818126	2.528158	2.446894
5592	-2431.195	-2654.365	223.1701	1.860326	1.838208	2.63781
5598	-2434.616	-2656.103	221.4866	1.447138	2.120295	3.782875
5604	-2435.759	-2658.779	223.0202	1.597658	1.875449	2.875669
5610	-2438.198	-2659.797	221.5988	1.511725	2.379451	3.600479
5616	-2453.318	-2674.193	220.8754	1.426409	2.148159	4.135663
5622	-2444.366	-2665.281	220.9152	1.437807	2.540246	3.990619
5628	-2443.703	-2663.469	219.7661	1.291014	2.540246	4.722811
5634	-2436.814	-2659.22	222.4064	1.530139	2.635565	3.040047
5640	-2447.321	-2668.943	221.6222	1.548102	1.861067	3.734567
5646	-2458.387	-2676.468	218.0809	1.241011	1.413432	6.054538
5652	-2450.361	-2671.292	220.9309	1.414239	2.091477	4.129111
5658	-2448.312	-2671.707	223.3951	1.74298	2.124907	2.465346
5664	-2443.113	-2665.129	222.0167	1.434217	1.873737	3.567471
5670	-2440.945	-2663.187	222.2418	1.727494	1.90035	3.254168
5676	-2441.879	-2661.354	219.4748	1.340924	2.242561	4.942068
5682	-2446.224	-2668.7	222.4759	1.487555	2.278223	3.130371
5688	-2453.761	-2675.675	221.9137	1.588069	2.3254	3.388481
5694	-2437.014	-2659.973	222.9591	1.654115	2.047583	2.816274
5700	-2437.419	-2660.261	222.8422	1.672008	2.225356	2.816274
5706	-2428.832	-2651.766	222.9344	1.708351	1.928851	2.840849
5712	-2443.341	-2666.582	223.2407	1.884712	2.702793	2.287758
5718	-2437.368	-2660.876	223.508	1.884712	2.573381	2.154627
5724	-2439.964	-2660.66	220.6958	1.394984	2.348291	4.194737
5730	-2448.459	-2669.131	220.6717	1.474026	1.767674	4.353093
5736	-2441.956	-2663.976	222.0198	1.503297	2.491931	3.326362
5742	-2430.207	-2652.473	222.2655	1.628667	2.077845	3.236692
5748	-2426.432	-2649.308	222.8763	1.774822	2.131558	2.764202
5754	-2423.099	-2645.724	222.6253	1.644266	1.877933	3.084017
5760	-2428.873	-2651.98	223.1068	1.782892	1.943099	2.684877
5766	-2421.173	-2643.5	222.327	1.640622	2.774667	2.982861
5772	-2423.572	-2645.835	222.2625	1.759391	2.070147	3.163649
5778	-2442.283	-2663.911	221.6273	1.599234	2.082241	3.626089
5784	-2435.902	-2658.401	222.4989	1.560439	2.391272	3.038162
5790	-2420.945	-2642.447	221.5015	1.560439	2.119826	3.709097
5796	-2426.925	-2647.791	220.866	1.469804	2.119316	4.125494
5802	-2430.741	-2652.778	222.0366	1.553069	1.582166	3.598492
5808	-2432.138	-2652.652	220.5142	1.370475	1.830011	4.477833
5814	-2438.279	-2659.347	221.0682	1.397139	1.648666	4.216891
5820	-2447.456	-2669.267	221.8112	1.449686	1.954046	3.649475
5826	-2437.131	-2658.903	221.7724	1.524205	2.065172	3.591019
5832	-2440.733	-2663.182	222.4492	1.419953	1.688612	3.392713
5838	-2429.515	-2651.051	221.5356	1.426016	2.163835	3.752885
5844	-2438.276	-2659.795	221.519	1.426016	2.194069	3.752885
5850	-2428.218	-2650.95	222.7318	1.651733	1.867428	3.019786
5856	-2449.188	-2670.884	221.6961	1.538868	2.371425	3.530504
5862	-2444.389	-2666.372	221.9832	1.459974	2.589765	3.345467
5868	-2444.507	-2666.158	221.6502	1.35457	2.115856	3.743403
5874	-2437.915	-2659.483	221.5681	1.466549	2.062994	3.743403
5880	-2443.706	-2665.305	221.5988	1.655105	1.77468	3.717828
5886	-2427.888	-2649.185	221.297	1.343391	1.77468	4.069826
5892	-2441.266	-2660.924	219.6576	1.421644	1.573543	5.023521
5898	-2432.402	-2651.624	219.2227	1.330115	1.777117	5.239124
5904	-2432.632	-2653.444	220.8125	1.29652	2.418533	4.163987
5910	-2433.971	-2654.648	220.6771	1.403652	2.366394	4.195165
5916	-2432.448	-2653.722	221.2736	1.56079	2.248283	3.799786
5922	-2452.748	-2674.778	222.0306	1.55179	1.957258	3.461288
5928	-2447.775	-2669.678	221.9024	1.536908	2.100037	3.496443
5934	-2437.059	-2658.407	221.3473	1.466331	1.8702	3.936423
5940	-2437.983	-2658.85	220.8666	1.368243	2.511505	4.066094
5946	-2420.827	-2642.604	221.7769	1.500264	2.511505	3.464917
5952	-2421.534	-2643.914	222.3805	1.558241	2.12806	3.193569
5958	-2435.035	-2657.752	222.7167	1.701125	2.18749	2.887129
5964	-2434.053	-2657.356	223.303	1.831557	1.980959	2.519357
5970	-2433.354	-2655.796	222.4425	1.815974	2.399517	2.915946
5976	-2441.489	-2663.762	222.2735	1.745112	2.28235	3.096206
5982	-2457.848	-2679.686	221.8386	1.638878	1.670194	3.628332
5988	-2452.728	-2674.324	221.5962	1.563095	2.309178	3.593247
5994	-2438.07	-2659.855	221.785	1.648767	1.996297	3.534498
6000	-2431.551	-2651.553	220.0016	1.461297	2.425476	4.527149
6006	-2433.318	-2653.787	220.4694	1.370147	2.298745	4.351617
6012	-2429.303	-2650.326	221.023	1.46294	2.057657	4.059899
6018	-2447.844	-2666.267	218.423	1.331846	1.828658	5.660355
6024	-2434.04	-2654.697	220.657	1.401899	1.780914	4.397273
6030	-2441.185	-2663.253	222.0682	1.366229	1.868737	3.578837
6036	-2432.554	-2654.419	221.8652	1.482021	2.013939	3.578837
6042	-2439.01	-2661.931	222.921	1.635877	2.02717	2.857612
6048	-2448.069	-2669.764	221.6955	1.55235	2.642906	3.44518
6054	-2438.306	-2660.942	222.6359	1.58962	2.293541	2.968821
6060	-2431.099	-2654.305	223.2061	1.642528	1.65145	2.823783
6066	-2430.458	-2653.009	222.5511	1.776882	2.856261	2.742465
6072	-2425.148	-2648.425	223.2767	1.734628	2.117821	2.546992
6078	-2447.826	-2671.298	223.472	1.649197	1.443906	2.748418
6084	-2431.891	-2654.879	222.9877	1.649197	1.935094	2.842098
6090	-2418.597	-2642.009	223.412	1.649197	1.935094	2.581955
6096	-2428.001	-2651.782	223.7809	1.848756	1.722597	2.308712
6102	-2434.952	-2657.532	222.5793	1.72784	2.285288	2.922301
6108	-2434.172	-2657.203	223.0312	1.913049	2.355338	2.509269
6114	-2425.318	-2648.566	223.2474	1.860643	2.560512	2.341636
6120	-2442.619	-2666.443	223.8234	1.924085	2.032404	2.108924
6126	-2421.174	-2643.913	222.7384	1.602248	2.17613	2.937508
6132	-2442.339	-2663.971	221.6321	1.459453	2.329548	3.626436
6138	-2426.061	-2647.903	221.8414	1.541873	1.819454	3.626436
6144	-2433.211	-2656.091	222.8807	1.720169	2.024732	2.831794
6150	-2435.552	-2658.069	222.5171	1.715037	1.684585	3.180275
6156	-2427.485	-2650.29	222.8053	1.711472	2.030343	2.880781
6162	-2429.181	-2651.437	222.2562	1.631197	2.030343	3.256818
6168	-2436.785	-2659.414	222.6292	1.689129	1.874967	3.056012
6174	-2440.187	-2661.799	221.6112	1.439483	2.469543	3.608891
6180	-2440.013	-2659.928	219.9152	1.312399	1.9539	4.803553
6186	-2438.138	-2657.815	219.6771	1.342609	2.802612	4.675264
6192	-2432.309	-2653.14	220.8313	1.273418	2.081531	4.268742
6198	-2428.444	-2651.261	222.8165	1.596997	2.110806	2.915483
6204	-2441.4	-2662.943	221.5435	1.581319	2.012623	3.708192
6210	-2433.658	-2655.273	221.6143	1.726132	2.432737	3.450799
6216	-2441.787	-2662.124	220.3371	1.428302	1.819726	4.548581
6222	-2447.759	-2667.872	220.1128	1.300148	1.715374	4.783725
6228	-2462.437	-2681.341	218.9034	1.377475	1.886579	5.351247
6234	-2438.368	-2659.778	221.4098	1.494521	2.176419	3.78194
6240	-2422.106	-2644.352	222.2461	1.546163	2.176419	3.264354
6246	-2428.849	-2651.66	222.811	1.720121	2.311192	2.77817
6252	-2428.177	-2651.191	223.0142	1.678961	2.017544	2.77817
6258	-2430.183	-2652.877	222.6937	1.666514	1.622718	3.129197
6264	-2420.277	-2642.268	221.991	1.424607	2.168997	3.487864
6270	-2440.425	-2660.358	219.9335	1.402039	1.78259	4.802484
6276	-2429.39	-2650.867	221.4766	1.473794	2.43524	3.676895
6282	-2428.077	-2649.154	221.0771	1.240998	2.402764	4.049542
6288	-2436.021	-2656.263	220.2419	1.310677	2.30397	4.511788
6294	-2440.862	-2662.149	221.2863	1.35607	2.114307	3.952134
6300	-2435.85	-2657.677	221.8276	1.596815	1.916796	3.567563
6306	-2440.145	-2662.854	222.7092	1.600266	1.916796	3.045974
6312	-2425.54	-2648.131	222.5913	1.71824	1.916796	3.045974
6318	-2441.726	-2662.978	221.2523	1.541427	1.869088	3.948173
6324	-2436.445	-2656.282	219.8369	1.440802	2.347889	4.653229
6330	-2435.032	-2655.772	220.7396	1.426833	2.526177	4.100998
6336	-2429.86	-2650.983	221.123	1.431911	1.659196	4.16194
6342	-2434.196	-2656.449	222.2522	1.58091	2.608328	3.109479
6348	-2440.001	-2662.77	222.7689	1.570452	2.559123	2.819141
6354	-2437.095	-2660.261	223.1665	1.805555	2.24396	2.528457
6360	-2439.232	-2660.683	221.4504	1.50758	1.83736	3.865343
6366	-2436.809	-2657.874	221.0647	1.578591	2.594463	3.809186
6372	-2429.844	-2650.705	220.8609	1.643871	1.774578	4.147093
6378	-2437.891	-2659.756	221.8654	1.663683	1.666222	3.59993
6384	-2443.307	-2665.303	221.9956	1.620039	1.436707	3.645075
6390	-2427.171	-2649.993	222.8218	1.642692	2.238521	2.842158
6396	-2423.873	-2646.924	223.0506	1.642692	2.229295	2.705631
6402	-2444.139	-2666.146	222.007	1.467036	2.229295	3.434541
6408	-2468.314	-2688.845	220.5302	1.277466	1.568107	4.619298
6414	-2460.658	-2682.67	222.0113	1.583905	2.068576	3.415765
6420	-2453.093	-2673.406	220.3132	1.232849	2.067937	4.588039
6426	-2439.416	-2660.369	220.9528	1.263825	1.902892	4.264974
6432	-2439.131	-2660.328	221.1964	1.449662	2.369295	3.871623
6438	-2435.103	-2656.445	221.3421	1.473676	2.369295	3.773985
6444	-2438.201	-2659.315	221.1141	1.473676	3.184196	3.691847
6450	-2422.02	-2642.504	220.484	1.505188	3.108219	4.053356
6456	-2441.344	-2662.497	221.1527	1.316279	2.284346	3.998375
6462	-2439.912	-2660.42	220.5081	1.479758	2.203671	4.296515
6468	-2434.534	-2656.455	221.9212	1.494317	1.702329	3.651768
6474	-2430.699	-2652.485	221.7853	1.542453	2.213512	3.524911
6480	-2433.505	-2655.628	222.1231	1.545606	2.528118	3.229985
6486	-2434.519	-2657.613	223.0941	1.721254	2.058458	2.688938
6492	-2426.414	-2650.139	223.7252	1.831	2.234992	2.160052
6498	-2429.885	-2653.211	223.3258	1.831	2.392621	2.363506
6504	-2428.262	-2651.876	223.6143	1.756279	2.000915	2.363506
6510	-2424.213	-2646.875	222.6628	1.588521	2.375905	2.927515
6516	-2425.017	-2649.16	224.143	1.726084	1.839292	2.105419
6522	-2433.526	-2655.966	222.4402	1.500651	2.221911	3.161701
6528	-2425.305	-2647.16	221.8545	1.577876	1.723444	3.633907
6534	-2433.869	-2657.05	223.181	1.827133	2.173473	2.529756
6540	-2432.437	-2654.231	221.7942	1.617467	2.091042	3.515514
6546	-2438.945	-2661.753	222.8077	1.507369	1.750234	3.105164
6552	-2429.36	-2651.112	221.7519	1.508529	2.176171	3.575914
6558	-2447.855	-2670.692	222.8374	1.628945	2.209308	2.850581
6564	-2452.957	-2674.284	221.3268	1.593325	1.889858	3.868376
6570	-2438.154	-2660.462	222.3079	1.724993	2.304289	3.080819
6576	-2438.792	-2661.58	222.7877	1.544909	2.126984	2.958705
6582	-2441.122	-2663.762	222.6398	1.552474	1.758886	3.174848
6588	-2451.059	-2673.465	222.4064	1.63334	1.811133	3.245311
6594	-2443.58	-2665.776	222.1961	1.721158	2.698888	3.033877
6600	-2442.748	-2665.92	223.1721	1.743819	2.540568	2.469028
6606	-2433.508	-2656.377	222.8686	2.059491	2.535833	2.462823
6612	-2442.085	-2666.227	224.1424	2.032834	2.369184	1.69367
6618	-2433.059	-2657.349	224.2907	2.032834	2.369184	1.586996
6624	-2444.426	-2668.68	224.2536	1.952715	2.361406	1.674417
6630	-2420.979	-2644.199	223.2201	1.814017	2.39979	2.438719
6636	-2434.568	-2658.013	223.4448	1.815727	2.219928	2.355172
6642	-2443.904	-2667.228	223.324	1.79523	2.174175	2.460066
6648	-2440.851	-2663.749	222.8977	1.810482	2.270506	2.682935
6654	-2431.34	-2654.586	223.2455	1.711025	1.873244	2.669925
6660	-2429.608	-2652.978	223.3699	1.735664	1.975746	2.539314
6666	-2425.323	-2648.628	223.3057	1.775538	2.055277	2.525606
6672	-2423.443	-2645.505	222.0617	1.66311	2.055277	3.344174
6678	-2420.866	-2644.423	223.5567	1.929549	2.23104	2.206788
6684	-2428.567	-2650.032	221.4651	1.481661	2.560042	3.64344
6690	-2451.834	-2672.651	220.8169	1.431671	2.284722	4.123927
6696	-2439.889	-2661.011	221.1222	1.370788	1.847536	4.127473
6702	-2440.541	-2662.085	221.5436	1.576547	2.153218	3.664626
6708	-2441.775	-2664.566	222.7912	1.556376	2.230759	2.915428
6714	-2442.476	-2665.255	222.7797	1.585245	2.287527	2.886628
6720	-2436.591	-2657.715	221.1246	1.293791	1.889331	4.155168
6726	-2448.091	-2669.281	221.1898	1.182074	1.867361	4.189304
6732	-2443.734	-2665.76	222.0258	1.434631	1.538302	3.691443
6738	-2440.497	-2662.302	221.8047	1.405211	1.773044	3.743842
6744	-2433.869	-2657.864	223.9956	1.894911	2.337955	1.902125
6750	-2452.384	-2676.365	223.9813	1.698987	2.388835	2.025574
6756	-2442.729	-2666.264	223.535	1.775753	2.806765	2.137454
6762	-2458.794	-2681.951	223.1573	1.531636	2.039945	2.772839
6768	-2448.698	-2668.827	220.1294	1.411465	1.851334	4.663366
6774	-2453.809	-2674.01	220.2019	1.447679	1.887757	4.58981
6780	-2438.327	-2658.626	220.2986	1.361812	1.794791	4.616398
6786	-2438.583	-2659.472	220.8889	1.374769	1.635384	4.336223
6792	-2436.857	-2658.064	221.2069	1.566125	1.752177	4.002437
6798	-2460.343	-2680.76	220.4171	1.380672	2.279478	4.380933
6804	-2445.277	-2667.299	222.0224	1.487519	1.792433	3.56283
6810	-2438.064	-2659.742	221.678	1.600593	1.913527	3.653313
6816	-2445.666	-2667.526	221.8599	1.57006	2.198992	3.469866
6822	-2439.522	-2661.536	222.0147	1.436238	1.98294	3.52905
6828	-2448.609	-2670.075	221.4651	1.528459	2.017811	3.782185
6834	-2444.21	-2665.843	221.6335	1.523624	1.898582	3.72886
6840	-2437.009	-2659.709	222.7009	1.601431	2.523186	2.852176
6846	-2431.272	-2652.302	221.0304	1.47864	2.000015	4.065804
6852	-2430.785	-2650.181	219.3962	1.36244	2.095418	5.018802
6858	-2440.229	-2660.367	220.138	1.347809	2.175399	4.588049
6864	-2441.521	-2663.434	221.913	1.768699	1.867927	3.434961
6870	-2430.134	-2650.642	220.5088	1.518371	2.068218	4.316952
6876	-2439.837	-2660.594	220.7569	1.470681	2.044704	4.211095
6882	-2429.03	-2649.815	220.7845	1.443029	2.044704	4.211095
6888	-2432.036	-2651.947	219.9115	1.269506	1.659331	4.933929
6894	-2447.916	-2668.539	220.6221	1.450304	2.350127	4.204632
6900	-2429.666	-2650.889	221.2221	1.488131	2.115985	3.912738
6906	-2423.868	-2645.309	221.441	1.36962	1.942997	3.912738
6912	-2418.405	-2640.896	222.4903	1.606952	1.956017	3.158437
6918	-2432.567	-2655.313	222.7456	1.761993	1.685067	3.015834
6924	-2437.952	-2658.106	220.1538	1.462626	2.072823	4.546948
6930	-2421.226	-2641.633	220.4071	1.43206	1.844594	4.498325
6936	-2423.353	-2644.74	221.3873	1.654057	2.107038	3.725123
6942	-2430.5	-2651.484	220.9834	1.515753	2.107038	4.036343
6948	-2436.537	-2658.126	221.5888	1.476808	1.920939	3.773789
6954	-2421.328	-2642.646	221.3185	1.566945	2.147038	3.802151
6960	-2422.712	-2643.814	221.1015	1.584355	2.263388	3.880526
6966	-2415.589	-2635.98	220.391	1.449897	1.856461	4.493153
6972	-2425.017	-2645.199	220.1816	1.406865	1.76724	4.6666
6978	-2426.938	-2647.875	220.9376	1.422722	1.713791	4.251599
6984	-2433.028	-2653.644	220.6162	1.458077	2.217939	4.243196
6990	-2420.151	-2642.721	222.5699	1.527619	1.874901	3.187487
6996	-2432.227	-2655.391	223.164	1.614025	2.113729	2.692588
7002	-2452.774	-2676.897	224.1232	1.845215	1.846623	2.036959
7002	-2441.306	-2665.281	223.9753	1.654242	2.139752	2.146172
7008	-2445.616	-2669.505	223.8887	1.665433	2.694688	2.01073
7014	-2434.643	-2658.469	223.8257	1.915331	2.314525	2.01073
7020	-2432.989	-2656.856	223.8666	1.952698	2.168503	2.01073
7026	-2432.734	-2656.094	223.3602	1.895557	2.168503	2.375989
7032	-2432.889	-2654.844	221.9553	1.552771	2.311633	3.388971
7038	-2428.903	-2649.902	220.9992	1.486408	1.759179	4.163616
7044	-2442.986	-2664.984	221.9981	1.561164	2.113498	3.421895
7050	-2436.224	-2658.665	222.441	1.39489	1.664146	3.421895
7056	-2437.239	-2659.447	222.2078	1.428215	1.664146	3.538608
7062	-2431.913	-2654.555	222.6419	1.677055	1.984168	3.016163
7068	-2435.636	-2657.779	222.143	1.516383	1.477245	3.60209
7074	-2459.082	-2681.228	222.1457	1.516383	1.821172	3.463533
7080	-2438.1	-2659.622	221.5223	1.564624	2.300384	3.637944
7086	-2435.882	-2657.695	221.8131	1.448965	1.985457	3.637944
7092	-2443.941	-2666.327	222.3859	1.519829	2.171584	3.198846
7098	-2450.054	-2670.839	220.7845	1.30332	2.171584	4.249817
7104	-2442.869	-2663.964	221.0947	1.566385	2.466913	3.834646
7110	-2445.671	-2666.382	220.7108	1.318288	1.98967	4.34161
7116	-2432.725	-2653.396	220.6717	1.333512	2.030598	4.34161
7122	-2443.374	-2664.999	221.6259	1.352519	2.030598	3.786633
7128	-2458.567	-2678.896	220.3295	1.266938	2.212723	4.514519
7134	-2434.971	-2656.964	221.9925	1.536338	2.123955	3.436301
7140	-2439.257	-2660.944	221.6866	1.507584	1.684543	3.786504
7146	-2441.812	-2664.083	222.2707	1.513437	2.58984	3.14389
7152	-2446.698	-2668.977	222.2788	1.620721	2.24562	3.178697
7158	-2450.296	-2673.127	222.8311	1.620721	2.16393	2.874402
7164	-2453.156	-2675.343	222.1866	1.626898	2.493853	3.154074
7170	-2445.976	-2668.72	222.7438	1.499879	2.01927	3.048942
7176	-2443.23	-2665.068	221.8378	1.645937	2.335142	3.396029
7182	-2442.401	-2664.553	222.152	1.47303	2.075333	3.396029
7188	-2445.051	-2666.941	221.8901	1.45906	1.882179	3.623565
7194	-2432.635	-2654.544	221.9088	1.530636	1.934839	3.55245
7200	-2443.561	-2665.313	221.7518	1.581087	2.116636	3.553005
7206	-2430.405	-2653.247	222.8428	1.576556	2.31859	2.843816
7212	-2423.328	-2646.248	222.9202	1.64355	2.524405	2.692355
7218	-2429.834	-2652.578	222.7436	1.758669	2.030784	2.889401
7224	-2436.584	-2658.904	222.3196	1.487702	2.433583	3.175586
7230	-2441.94	-2663.695	221.7552	1.487702	2.239581	3.566104
7236	-2447.277	-2669.168	221.8913	1.609219	1.79843	3.566104
7242	-2435.874	-2658.36	222.4856	1.714464	1.79843	3.155119
7248	-2441.988	-2664.807	222.8188	1.455117	1.766459	3.123384
7254	-2442.73	-2662.302	219.5717	1.426002	2.371084	4.803143
7260	-2447.412	-2667.563	220.1516	1.29295	1.664045	4.785285
7266	-2437.136	-2657.539	220.4025	1.446688	1.965045	4.451323
7272	-2441.138	-2662.16	221.0225	1.693867	2.015127	3.942264
7278	-2443.681	-2665.869	222.1876	1.646149	2.543007	3.127774
7284	-2431.661	-2653.543	221.8828	1.570872	2.238081	3.443664
7290	-2431.983	-2654.755	222.7718	1.701981	1.975723	2.926082
7296	-2459.251	-2681.575	222.3237	1.90195	2.169722	3.008746
7302	-2436.261	-2659.066	222.8052	1.664119	1.761099	3.008746
7308	-2438.959	-2661.374	222.4146	1.471695	2.11648	3.228449
7314	-2442.923	-2665.258	222.3358	1.508192	2.027142	3.283562
7320	-2446.531	-2669.454	222.9232	1.677194	2.461954	2.688742
7326	-2447.953	-2670.165	222.2128	1.524079	2.1304	3.312059
7332	-2425.789	-2646.155	220.3659	1.397282	2.149447	4.440176
7338	-2425.721	-2645.895	220.1736	1.465158	2.017647	4.552255
7344	-2425.708	-2645.8	220.0913	1.30077	2.47777	4.552255
7350	-2434.058	-2653.87	219.8124	1.164981	2.47777	4.784473
7356	-2447.772	-2667.81	220.0371	1.215354	2.188951	4.714672
7362	-2459.083	-2679.669	220.5856	1.282296	2.039762	4.416118
7368	-2444.805	-2667.914	223.1082	1.649573	2.039762	2.730839
7374	-2435.946	-2657.461	221.5145	1.567854	2.408513	3.608262
7380	-2427.036	-2648.791	221.7551	1.464415	2.134979	3.612951
7386	-2441.846	-2662.35	220.5048	1.526558	1.583682	4.487489
7392	-2432.865	-2655.279	222.4142	1.648951	1.720335	3.266202
7398	-2443.399	-2666.326	222.9278	1.799532	2.44821	2.614727
7404	-2441.999	-2664.357	222.3588	1.6627	2.44821	3.043622
7410	-2432.626	-2654.996	222.3698	1.747782	2.261912	3.043622
7416	-2422.482	-2645.013	222.5314	1.675834	2.09823	3.043622
7422	-2432.266	-2653.611	221.3455	1.610475	1.75307	3.897409
7428	-2434.512	-2655.748	221.2353	1.422663	2.200316	3.916014
7434	-2425.162	-2646.66	221.4978	1.618199	1.990924	3.720618
7440	-2426.116	-2648.712	222.5953	1.621411	2.738162	2.842554
7446	-2420.267	-2642.652	222.385	1.567881	2.813508	2.981228
7452	-2422.872	-2645.385	222.5135	1.567364	1.921384	3.180506
7458	-2421.544	-2643.962	222.4178	1.49809	1.713581	3.355533
7464	-2419.862	-2642.867	223.0052	1.668038	2.335475	2.683456
7470	-2427.494	-2650.288	222.7942	1.567171	1.781175	3.065567
7476	-2420.616	-2642.822	222.2057	1.371066	1.958858	3.46402
7482	-2420.14	-2643.68	223.54	1.647198	2.284223	2.379885
7488	-2426.036	-2649.066	223.0301	1.572858	2.284223	2.743005
7494	-2431.768	-2653.1	221.3325	1.544191	2.570033	3.681263
7500	-2430.997	-2653.01	222.0137	1.500732	2.254853	3.402831
7506	-2434.371	-2657.173	222.8022	1.637829	2.172365	2.87873
7512	-2451.707	-2673.381	221.674	1.310181	2.393036	3.669729
7518	-2439.724	-2660.721	220.9975	1.499051	2.315391	3.973261
7524	-2432.079	-2654.87	222.7913	1.45709	2.04349	3.037692
7530	-2435.074	-2657.731	222.6569	1.673932	2.298101	2.903912
7536	-2444.306	-2667.098	222.7924	1.456658	2.455859	2.904499
7542	-2451.002	-2673.732	222.7305	1.726007	2.340536	2.814352
7548	-2436.273	-2660.13	223.8572	1.94406	1.950029	2.10543
7554	-2425.928	-2649.124	223.1956	1.763288	2.007571	2.618696
7560	-2440.519	-2663.963	223.4442	1.896143	2.475799	2.219382
7566	-2443.762	-2666.917	223.1549	1.795071	1.727427	2.730962
7572	-2437.268	-2660.591	223.323	1.831651	2.377043	2.369944
7578	-2442.529	-2666.664	224.1352	1.831651	2.56779	1.77079
7584	-2445.081	-2669.022	223.9412	1.702969	2.16821	2.126353
7590	-2440.011	-2662.094	222.0833	1.490713	2.053055	3.433353
7596	-2431.768	-2654.035	222.2661	1.481337	1.768327	3.433353
7602	-2420.884	-2641.396	220.5117	1.561709	2.8484	4.068712
7608	-2423.782	-2646.476	222.694	1.583542	2.190572	2.970726
7614	-2432.459	-2655.343	222.8848	1.551433	2.145359	2.890067
7620	-2435.373	-2657.155	221.7818	1.552708	2.094062	3.559462
7626	-2429.95	-2650.551	220.6007	1.282205	2.44737	4.284032
7632	-2434.103	-2657.051	222.9482	1.583056	2.146723	2.832052
7638	-2423.83	-2646.063	222.2322	1.594122	2.142891	3.255191
7644	-2437.325	-2658.67	221.3453	1.485412	2.921786	3.614851
7650	-2439.226	-2660.391	221.1642	1.437713	2.517665	3.854302
7656	-2429.007	-2650.769	221.7624	1.399445	1.811228	3.757518
7662	-2437.227	-2657.994	220.7663	1.373102	1.973377	4.284704
7668	-2442.232	-2660.403	218.1708	1.186776	1.973377	5.829542
7674	-2438.403	-2659.237	220.8336	1.297863	1.925959	4.305205
7680	-2435.193	-2656.134	220.9408	1.415108	2.148351	4.104847
7686	-2428.951	-2649.983	221.0325	1.479637	2.171955	4.008334
7692	-2427.022	-2645.228	218.2056	1.198855	1.925256	5.819672
7698	-2434.995	-2655.19	220.1945	1.377713	2.156175	4.545498
7704	-2441.492	-2664.118	222.6252	1.523461	2.108356	3.075258
7710	-2434.696	-2656.529	221.8329	1.524158	2.108356	3.541658
7716	-2432.072	-2653.304	221.2319	1.6106	2.031005	3.864652
7722	-2453.787	-2674.713	220.9257	1.343688	2.255705	4.120831
7728	-2448.722	-2670.721	221.9993	1.677282	2.658032	3.188583
7734	-2445.527	-2668.361	222.8346	1.664342	2.226886	2.825055
7740	-2440.99	-2663.863	222.8728	1.726549	2.04652	2.825055
7746	-2439.73	-2660.65	220.9194	1.519803	2.291991	4.013088
7752	-2437.067	-2659.212	222.1452	1.565065	1.93734	3.393399
7758	-2443.463	-2663.85	220.3868	1.653318	2.627468	4.145213
7764	-2452.22	-2674.714	222.4943	1.624267	2.498016	2.970573
7770	-2431.588	-2654.346	222.7582	1.72827	2.126901	2.865867
7776	-2441.476	-2662.366	220.8906	1.47941	2.928002	3.879108
7782	-2444.378	-2666.967	222.5886	1.536002	2.696102	2.909971
7788	-2441.266	-2663.95	222.6842	1.764993	2.506522	2.767835
7794	-2446.735	-2670.321	223.5866	1.493195	1.892297	2.586557
7800	-2448.162	-2670.244	222.0822	1.559078	1.92244	3.439088
7806	-2440.524	-2662.32	221.7963	1.545286	1.96947	3.597312
7812	-2436.025	-2659.186	223.1611	1.723295	1.619157	2.815484
7818	-2426.942	-2650.111	223.1685	1.601276	1.915357	2.768507
7824	-2434.931	-2658.078	223.1475	1.604103	1.945605	2.768507
7830	-2435.307	-2658.841	223.5344	1.537726	1.605795	2.706526
7836	-2434.907	-2655.845	220.9379	1.490117	1.650703	4.237264
7842	-2429.176	-2651.701	222.5256	1.736993	1.897907	3.080875
7848	-2438.071	-2660.856	222.7847	1.675022	2.442879	2.780663
7854	-2436.821	-2658.301	221.4805	1.695934	1.907226	3.714657
7860	-2452.868	-2675.287	222.4193	1.558844	2.145339	3.164487
7866	-2436.601	-2658.789	222.1873	1.54888	2.145339	3.307559
7872	-2438.382	-2660.798	222.4165	1.616146	2.190472	3.117298
7878	-2449.401	-2670.997	221.5958	1.542002	2.190472	3.642554
7884	-2448.914	-2672.085	223.1711	1.598548	2.190472	2.671628
7890	-2450.861	-2669.205	218.3438	1.163554	2.439867	5.608386
7896	-2453.46	-2675.48	222.0199	1.466472	2.250679	3.420557
7902	-2455.588	-2678.709	223.1213	1.579194	2.359393	2.659125
7908	-2435.961	-2658.109	222.1485	1.579194	2.155138	3.309373
7914	-2440.266	-2662.209	221.9432	1.560996	1.765515	3.576238
7920	-2432.023	-2655.382	223.3588	1.86517	2.005658	2.454277
7926	-2435.219	-2658.877	223.6582	1.84495	2.119562	2.235338
7932	-2450.282	-2672.527	222.2445	1.724438	1.585883	3.37556
7938	-2435.363	-2657.378	222.0155	1.563968	1.988501	3.452128
7944	-2436.337	-2658.007	221.6707	1.406691	2.450522	3.59888
7950	-2431.278	-2653.492	222.2142	1.478235	2.534304	3.214186
7956	-2448.771	-2670.619	221.8481	1.448596	2.348029	3.501508
7962	-2450.825	-2670.53	219.7049	1.362241	1.775515	4.954568
7968	-2431.942	-2652.398	220.4564	1.27304	1.669496	4.623826
7974	-2428.511	-2648.788	220.2764	1.428722	1.705793	4.623826
7980	-2441.159	-2662.174	221.0159	1.301766	2.720844	3.962083
7986	-2447.559	-2668.594	221.0351	1.356643	2.087291	4.103945
7992	-2437.787	-2659.397	221.6095	1.412826	1.871902	3.816012
7998	-2444.673	-2666.906	222.2325	1.694079	1.917924	3.273036
8004	-2457.678	-2679.091	221.4131	1.215534	1.767117	4.079294
8010	-2440.746	-2660.393	219.6465	1.349814	2.097092	4.886108
8016	-2445.746	-2666.118	220.3722	1.39934	1.688605	4.593009
8022	-2429.918	-2652.396	222.4781	1.520375	2.252856	3.117548
8028	-2435.344	-2657.331	221.9872	1.582846	2.015245	3.448506
8034	-2430.147	-2652.371	222.2244	1.493672	2.346672	3.254636
8040	-2442.449	-2665.081	222.6321	1.654693	1.785015	3.108624
8046	-2452.769	-2676.43	223.6613	1.866524	2.338449	2.142953
8052	-2448.151	-2671.719	223.5673	1.642376	2.54886	2.280397
8058	-2430.395	-2654.07	223.6753	1.642376	2.508754	2.223546
8064	-2427.067	-2650.18	223.1127	1.720926	2.134148	2.651362
8070	-2436.001	-2659.332	223.3316	1.855564	2.877762	2.197294
8076	-2432.508	-2656.243	223.7347	1.941256	2.291499	2.061882
8082	-2421.194	-2644.921	223.7275	1.943625	2.499843	1.994703
8088	-2417.661	-2640.432	222.7712	1.682709	2.16973	2.87122
8094	-2430.186	-2653.306	223.1196	1.863133	1.508902	2.803375
8100	-2433.949	-2657.407	223.4579	1.886503	1.63064	2.527612
8106	-2435.52	-2658.303	222.7834	1.670088	2.138597	2.881872
8112	-2440.174	-2661.289	221.1154	1.478955	2.143209	3.970396
8118	-2442.81	-2661.801	218.991	1.233014	1.85303	5.394066
8124	-2456.446	-2676.098	219.6515	1.200882	2.901839	4.744283
8130	-2447.163	-2667.255	220.092	1.282409	2.642287	4.517542
8136	-2439.342	-2660.851	221.5092	1.423451	2.222804	3.751055
8142	-2437.945	-2660.731	222.7861	1.444578	2.222804	2.988348
8148	-2434.826	-2656.118	221.2927	1.473703	2.553727	3.74952
8154	-2440.807	-2663.304	222.4968	1.494403	2.25675	3.12066
8160	-2432.53	-2654.405	221.8754	1.406731	1.694483	3.731931
8166	-2436.916	-2658.73	221.8138	1.474232	1.82477	3.679663
8172	-2428.816	-2650.066	221.2508	1.395318	2.047626	3.9717
8178	-2428.565	-2650.426	221.8608	1.457571	2.706656	3.386501
8184	-2432.183	-2652.308	220.1253	1.29599	2.431509	4.54878
8190	-2429.586	-2651.259	221.6728	1.386226	1.904808	3.783228
8196	-2440.895	-2663.386	222.491	1.576724	1.787434	3.237688
8202	-2433.382	-2655.765	222.3839	1.551292	2.003987	3.237688
