Iteration	Posterior	Likelihood	Prior	rate_log_sd	rate_loss	tree_length
0	-2423.146	-2644.502	221.3562	1.463739	1.982387	3.893931
6	-2438.658	-2659.276	220.6176	1.419787	2.27903	4.245538
12	-2442.107	-2663.357	221.2492	1.368663	1.756439	4.089374
18	-2430.013	-2651.96	221.9472	1.444217	1.716936	3.660129
24	-2432.06	-2653.424	221.3641	1.395191	1.612255	4.063951
30	-2426.656	-2648.549	221.8925	1.604701	1.822088	3.559296
36	-2431.265	-2652.566	221.3005	1.592677	1.939407	3.866564
42	-2441.184	-2663.504	222.3195	1.580885	2.483787	3.105329
48	-2439.389	-2661.527	222.1382	1.712631	2.585776	3.105329
54	-2434.419	-2655.484	221.0646	1.450017	2.229377	3.989055
60	-2462.217	-2685.59	223.3738	1.727807	2.232382	2.451245
66	-2457.742	-2681.842	224.1	1.833341	1.914903	2.032291
72	-2436.436	-2659.355	222.9188	1.933592	2.443498	2.53862
78	-2446.866	-2669.019	222.1536	1.732047	2.460245	3.121088
84	-2446.745	-2671.188	224.4427	1.950067	1.875561	1.735774
90	-2440.078	-2662.865	222.787	1.765337	2.216803	2.795877
96	-2440.648	-2662.562	221.9131	1.701738	1.766842	3.511341
102	-2441.775	-2662.815	221.0396	1.508184	1.766842	4.125449
108	-2426.719	-2648.055	221.3355	1.509044	1.486109	4.066886
114	-2437.274	-2659.074	221.8	1.509044	1.486109	3.800813
120	-2434.774	-2654.822	220.0484	1.452219	1.992866	4.637928
126	-2441.768	-2663.656	221.8879	1.5554	2.337463	3.419066
132	-2435.444	-2657.406	221.9617	1.545146	1.669824	3.611463
138	-2447.211	-2667.569	220.3581	1.586631	1.811983	4.450449
144	-2443.499	-2665.466	221.9662	1.636408	1.984784	3.439914
150	-2450.543	-2672.911	222.3673	1.335924	1.913193	3.40608
156	-2433.417	-2654.985	221.5674	1.588571	1.905597	3.727055
162	-2431.038	-2651.483	220.4455	1.314594	1.480296	4.681667
168	-2424.341	-2645.416	221.0749	1.544483	1.878048	4.044668
174	-2433.113	-2656.044	222.9309	1.549072	1.304582	3.199778
180	-2429.882	-2651.441	221.5591	1.321013	1.735875	3.947308
186	-2434.523	-2656.232	221.7098	1.412363	1.735875	3.808368
192	-2440.628	-2662.988	222.3603	1.589187	2.15438	3.178513
198	-2440.705	-2663.101	222.3958	1.64596	1.992636	3.178513
204	-2439.663	-2661.794	222.1306	1.687331	1.870881	3.35398
210	-2433.734	-2656.181	222.447	1.683522	2.245678	3.041026
216	-2428.162	-2651.075	222.9124	1.709268	2.076114	2.801181
222	-2427.208	-2649.579	222.3708	1.571016	2.091536	3.203877
228	-2438.108	-2660.723	222.6152	1.732138	2.091536	2.96188
234	-2433.13	-2656.059	222.9288	1.692572	2.008296	2.825168
240	-2441.183	-2663.276	222.0926	1.697062	2.482415	3.171585
246	-2435.484	-2656.099	220.6149	1.504177	2.202543	4.222515
252	-2441.983	-2663.321	221.3383	1.433073	2.410732	3.787391
258	-2453.142	-2673.987	220.8448	1.445653	2.126022	4.149158
264	-2421.266	-2642.867	221.6012	1.540359	1.720496	3.803028
270	-2432.764	-2654.211	221.4473	1.595885	1.70548	3.86527
276	-2433.835	-2655.286	221.4509	1.396525	2.242061	3.794177
282	-2436.972	-2658.581	221.6096	1.559524	1.7021	3.794177
288	-2434.778	-2656.869	222.0907	1.686557	1.642466	3.464822
294	-2432.088	-2654.933	222.8451	1.521063	1.960638	2.996245
300	-2442.75	-2663.937	221.1869	1.521063	1.711326	4.054926
306	-2433.687	-2654.779	221.0915	1.329701	1.916422	4.144206
312	-2432.386	-2652.588	220.2023	1.288554	1.723228	4.737301
318	-2430.71	-2652.149	221.4393	1.544561	1.733797	3.888604
324	-2457.133	-2679.01	221.8772	1.495277	1.744186	3.660685
330	-2440.854	-2661.509	220.6547	1.498381	2.74604	4.049535
336	-2452.501	-2673.147	220.6465	1.394629	2.124283	4.291119
342	-2442.97	-2664.492	221.5219	1.551379	3.033458	3.445697
348	-2428.768	-2650.655	221.8874	1.603612	2.16301	3.445697
354	-2425.687	-2647.514	221.8275	1.506662	2.101258	3.557316
360	-2421.689	-2643.475	221.7864	1.442956	1.743337	3.743747
366	-2432.733	-2652.686	219.9533	1.330489	2.209281	4.690906
372	-2441.258	-2659.887	218.6292	1.340506	2.455769	5.349602
378	-2450.372	-2669.889	219.5165	1.3588	1.471216	5.177759
384	-2436.813	-2658.655	221.8422	1.55466	2.154439	3.503484
390	-2432.239	-2653.633	221.3942	1.455166	2.500986	3.716432
396	-2445.479	-2667.982	222.5035	1.675424	2.513965	2.929524
402	-2448.379	-2671.461	223.0815	1.680003	2.179919	2.680173
408	-2449.818	-2671.82	222.0014	1.787263	2.162514	3.271001
414	-2449.537	-2671.709	222.1717	1.570579	2.317789	3.249182
420	-2442.627	-2664.362	221.7357	1.594007	2.129157	3.550807
426	-2433.734	-2655.225	221.4915	1.376706	1.901985	3.893959
432	-2450.39	-2672.352	221.9621	1.585023	2.20455	3.399573
438	-2439.507	-2662.616	223.1089	1.879185	1.92229	2.63197
444	-2447.156	-2670.06	222.904	1.746025	1.999777	2.810779
450	-2438.925	-2660.985	222.0602	1.570655	1.835542	3.476488
456	-2454.011	-2675.913	221.9018	1.610129	1.678813	3.605001
462	-2433.619	-2654.485	220.8663	1.448453	1.701102	4.282185
468	-2431.143	-2653.265	222.1217	1.544902	1.62857	3.53496
474	-2436.278	-2657.885	221.6066	1.568503	1.638093	3.81564
480	-2427.866	-2648.149	220.2828	1.390006	1.86979	4.582994
486	-2427.928	-2647.086	219.1571	1.250066	1.86979	5.287283
492	-2432.363	-2652.529	220.1663	1.388997	2.106092	4.570692
498	-2439.316	-2659.924	220.6076	1.362362	1.608445	4.512253
504	-2430.589	-2653.101	222.5121	1.48816	1.852022	3.25345
510	-2425.637	-2647.347	221.7106	1.48816	2.194229	3.606038
516	-2428.45	-2651.3	222.8499	1.530505	1.874923	3.018863
522	-2423.463	-2644.562	221.0991	1.458232	2.02297	4.030594
528	-2433.54	-2655.442	221.9022	1.551081	2.786535	3.285727
534	-2437.335	-2661.053	223.7181	1.85047	1.740196	2.340301
540	-2431.325	-2653.566	222.2413	1.56049	1.679909	3.43561
546	-2429.988	-2652.986	222.9984	1.601842	1.679909	2.962282
552	-2438.497	-2660.567	222.0698	1.491018	1.998006	3.459774
558	-2441.595	-2664.033	222.4385	1.416259	1.978769	3.293889
564	-2438.445	-2662.376	223.9314	1.618098	1.566543	2.427178
570	-2430.366	-2652.513	222.1475	1.338816	2.14723	3.453544
576	-2440.7	-2662.705	222.0052	1.503944	1.598458	3.63856
582	-2435.74	-2658.005	222.265	1.614052	1.390492	3.512657
588	-2429.228	-2650.873	221.6445	1.442852	2.159444	3.681652
594	-2429.187	-2649.716	220.5293	1.397437	1.878077	4.437306
600	-2434.838	-2655.403	220.5642	1.388839	2.338557	4.275707
606	-2433.117	-2654.722	221.6051	1.358871	2.719741	3.589824
612	-2435.493	-2656.075	220.5816	1.441542	1.776198	4.419144
618	-2438.632	-2661.452	222.8197	1.635533	2.02708	2.919122
624	-2430.61	-2653.343	222.7332	1.705168	2.056238	2.919122
630	-2425.745	-2646.295	220.5495	1.476049	2.056238	4.321723
636	-2437.94	-2660.046	222.106	1.510484	1.868972	3.472705
642	-2431.025	-2652.975	221.95	1.544806	2.073823	3.472705
648	-2431.392	-2653.871	222.4791	1.689259	2.516444	2.935177
654	-2429.106	-2651.049	221.9428	1.656578	1.474004	3.63829
660	-2430.293	-2652.158	221.8654	1.541291	1.843308	3.604164
666	-2427.273	-2648.866	221.5927	1.499524	1.690246	3.842988
672	-2424.134	-2645.474	221.3397	1.582468	1.587655	3.980765
678	-2442.42	-2663.678	221.2585	1.496481	2.205727	3.858611
684	-2436.43	-2658.078	221.648	1.554125	2.320536	3.56493
690	-2440.634	-2662.628	221.994	1.702919	2.134498	3.334244
696	-2437.849	-2660.043	222.1942	1.620777	2.134498	3.264639
702	-2428.283	-2650.019	221.7362	1.64259	2.134498	3.520431
708	-2454.265	-2675.709	221.4441	1.666646	2.502842	3.564429
714	-2451.394	-2673.08	221.6859	1.244651	1.754336	3.91151
720	-2445.065	-2667.505	222.4398	1.403597	2.550045	3.120005
726	-2457.648	-2678.125	220.4767	1.37363	1.776117	4.516442
732	-2454.823	-2677.356	222.5333	1.581043	2.351801	3.017338
738	-2447.142	-2670.141	222.9989	1.655876	2.259679	2.719246
744	-2446.977	-2669.306	222.3288	1.545358	2.501545	3.11579
750	-2438.909	-2661.485	222.5755	1.551857	2.026603	3.11579
756	-2428.042	-2650.432	222.3905	1.573504	2.467145	3.072331
762	-2432.816	-2656.22	223.4034	1.663131	2.018423	2.547989
768	-2420.631	-2644.323	223.6919	1.828012	2.259496	2.175059
774	-2444.771	-2667.861	223.0902	1.847353	2.707856	2.405621
780	-2439.731	-2662.696	222.965	1.826832	2.178488	2.662035
786	-2443.288	-2666.894	223.6058	1.81773	2.659499	2.107793
792	-2446.907	-2670.613	223.7058	1.921281	2.600787	1.991478
798	-2430.316	-2653.653	223.3376	1.978187	2.956932	2.091024
804	-2436.323	-2659.627	223.304	1.992407	2.956932	2.103742
810	-2439.052	-2661.984	222.9321	1.641248	2.165238	2.800217
816	-2430.446	-2652.682	222.2358	1.60983	2.165238	3.236449
822	-2424.125	-2646.417	222.2922	1.576301	2.17503	3.219776
828	-2423.034	-2645.186	222.1521	1.673972	2.363478	3.185605
834	-2424.061	-2646.397	222.3357	1.538409	2.477058	3.122983
840	-2417.791	-2640.643	222.8512	1.475548	2.34709	2.89094
846	-2433.472	-2656.234	222.7618	1.733587	2.028238	2.894486
852	-2431.302	-2652.593	221.2919	1.608639	2.080159	3.815088
858	-2428.249	-2648.683	220.4341	1.394892	2.033093	4.440229
864	-2421.808	-2641.637	219.8297	1.330452	2.237535	4.751547
870	-2428.163	-2647.537	219.3741	1.290361	1.58848	5.247472
876	-2439.518	-2660.31	220.7917	1.464628	1.787709	4.283244
882	-2430.652	-2652.715	222.0631	1.715766	2.316197	3.228033
888	-2432.593	-2655.098	222.505	1.812363	2.813724	2.760511
894	-2428.551	-2650.798	222.2469	1.693928	1.896082	3.272497
900	-2445.306	-2667.626	222.3197	1.610887	3.5641	2.810615
906	-2446.965	-2668.116	221.1507	1.47965	2.106925	3.961422
912	-2439.186	-2659.171	219.9858	1.530097	2.521167	4.47063
918	-2425.284	-2645.798	220.5133	1.411274	2.694933	4.192875
924	-2426.873	-2647.55	220.6774	1.336834	2.506818	4.192875
930	-2433.216	-2653.781	220.5651	1.418228	2.489944	4.215148
936	-2425.35	-2646.661	221.3112	1.464751	2.670931	3.711873
942	-2418.064	-2638.436	220.3724	1.346974	1.765287	4.593943
948	-2427.179	-2646.297	219.1173	1.190923	1.816497	5.360257
954	-2429.923	-2650.988	221.0649	1.383213	2.23154	4.026348
960	-2432.619	-2653.684	221.0648	1.383372	2.23154	4.026348
966	-2437.797	-2659.187	221.3898	1.453684	2.33001	3.769724
972	-2430.552	-2651.082	220.53	1.413469	2.33001	4.283605
978	-2427.37	-2648.495	221.1252	1.459244	2.767993	3.796603
984	-2434.458	-2655.22	220.7617	1.480393	1.805904	4.284698
990	-2440.265	-2662.473	222.208	1.693637	2.081529	3.231067
996	-2450.763	-2672.98	222.2172	1.674844	2.155666	3.212114
1002	-2432.472	-2655.977	223.5047	1.808566	2.546106	2.214652
1008	-2442.818	-2664.438	221.6205	1.518809	2.21539	3.633817
1014	-2431.228	-2653.507	222.2791	1.474903	2.235026	3.268143
1020	-2431.855	-2652.896	221.0406	1.313048	1.919158	4.18161
1026	-2434.053	-2656.431	222.3777	1.404874	2.607895	3.13967
1032	-2444.367	-2666.178	221.8111	1.440828	3.053216	3.336074
1038	-2437.847	-2659.385	221.5387	1.58496	2.34159	3.604134
1044	-2439.263	-2659.849	220.5867	1.482889	1.90023	4.349063
1050	-2442.94	-2663.428	220.4877	1.439597	1.9491	4.412664
1056	-2437.503	-2658.463	220.9598	1.546499	1.767818	4.148691
1062	-2452.18	-2672.576	220.396	1.437351	2.513939	4.293442
1068	-2432.325	-2653.959	221.6342	1.538925	2.04314	3.670014
1074	-2432.066	-2655.145	223.0797	1.730326	1.897206	2.75072
1080	-2432.481	-2654.075	221.5939	1.544579	1.897206	3.740077
1086	-2437.865	-2658.261	220.3957	1.427457	2.288209	4.363991
1092	-2432.184	-2652.912	220.7284	1.464823	2.464112	4.103104
1098	-2436.42	-2658.487	222.0673	1.506744	2.05794	3.43173
1104	-2439.123	-2661.136	222.013	1.571549	2.30622	3.345712
1110	-2432.338	-2654.25	221.9118	1.67274	2.30622	3.345712
1116	-2427.766	-2649.069	221.3031	1.556181	2.378478	3.746163
1122	-2413.203	-2635.554	222.3509	1.659928	2.005118	3.192506
1128	-2426.576	-2648.607	222.0305	1.639968	2.45078	3.251482
1134	-2429.425	-2650.841	221.4153	1.487639	2.057656	3.82107
1140	-2431.669	-2652.317	220.6486	1.601367	2.657687	4.017522
1146	-2435.452	-2656.257	220.8055	1.431996	2.684349	4.017522
1152	-2437.881	-2659.379	221.4983	1.585614	2.333101	3.629773
1158	-2445.446	-2667.337	221.8908	1.643821	1.583782	3.629773
1164	-2441.366	-2663.465	222.0991	1.593798	2.135143	3.336359
1170	-2451.946	-2673.291	221.3448	1.432403	2.135143	3.868141
1176	-2456.877	-2677.361	220.4847	1.414737	1.972657	4.420487
1182	-2445.066	-2667.537	222.4703	1.643976	1.806043	3.203134
1188	-2449.971	-2673.183	223.2124	1.85818	2.588797	2.356813
1194	-2445.244	-2668.43	223.1864	1.917932	2.371409	2.403546
1200	-2430.639	-2654.492	223.853	1.881037	2.371409	1.995763
1206	-2441.197	-2664.812	223.6155	1.934711	2.752137	1.995763
1212	-2439.619	-2662.42	222.8012	1.958497	2.378977	2.616393
1218	-2434.952	-2657.959	223.0065	1.849477	2.196469	2.616393
1224	-2444.786	-2667.717	222.9306	1.857491	2.741357	2.489868
1230	-2435.81	-2659.317	223.508	1.942364	2.630205	2.099253
1236	-2445.34	-2668.704	223.364	1.983887	2.62873	2.166611
1242	-2449.79	-2673.745	223.955	1.909017	2.416258	1.892888
1248	-2438.043	-2662.018	223.9751	1.904593	1.887103	2.078961
1254	-2444.35	-2667.894	223.5445	2.079873	1.934716	2.226419
1260	-2442.941	-2666.599	223.6581	2.167388	2.437911	1.911628
1266	-2436.989	-2659.43	222.4404	1.587564	2.587187	2.999006
1272	-2440.067	-2661.612	221.5443	1.58108	2.439206	3.574271
1278	-2420.769	-2642.1	221.3301	1.689033	2.122333	3.732967
1284	-2437.652	-2660.137	222.4846	1.678966	2.122333	3.061634
1290	-2427.71	-2650.265	222.5543	1.850209	2.616943	2.762593
1296	-2442.542	-2665.851	223.3085	1.980758	1.718812	2.524904
1302	-2437.922	-2659.911	221.9888	1.735903	2.946699	3.082819
1308	-2433.601	-2655.866	222.2646	1.636663	1.978519	3.266589
1314	-2430.783	-2652.784	222.0011	1.669452	1.977055	3.402786
1320	-2423.932	-2645.927	221.9947	1.606933	1.891802	3.473172
1326	-2420.216	-2641.42	221.2041	1.501128	1.90133	3.987485
1332	-2431.197	-2652.921	221.7239	1.501128	1.90133	3.688632
1338	-2433.264	-2655.221	221.9566	1.593746	1.713885	3.569046
1344	-2423.712	-2644.98	221.2681	1.538729	1.713885	3.997493
1350	-2433.016	-2652.534	219.5185	1.48577	1.713885	5.011844
1356	-2438.359	-2659.428	221.0693	1.585012	2.470481	3.83753
1362	-2442.666	-2663.171	220.5045	1.685685	2.59357	4.068935
1368	-2442.647	-2662.465	219.8176	1.433947	1.870386	4.818503
1374	-2426.534	-2648.248	221.7146	1.478965	2.085944	3.643991
1380	-2426.466	-2648.934	222.4675	1.524327	1.583346	3.363165
1386	-2421.04	-2643.334	222.2948	1.514584	1.866945	3.360449
1392	-2420.197	-2641.191	220.9937	1.396835	1.806085	4.200528
1398	-2432.301	-2653.767	221.4667	1.407345	2.036283	3.844759
1404	-2444.607	-2665.613	221.0058	1.428343	2.036283	4.096409
1410	-2446.755	-2667.689	220.9348	1.411996	2.006058	4.156122
1416	-2441.725	-2662.662	220.9369	1.50901	2.78837	3.870932
1422	-2438.671	-2660.576	221.9047	1.629094	1.957883	3.489434
1428	-2451.484	-2673.481	221.9965	1.763874	1.957883	3.356762
1434	-2447.727	-2670.392	222.6654	1.607835	2.57161	2.855591
1440	-2449.835	-2671.585	221.7501	1.515284	1.878957	3.67325
1446	-2454.693	-2677.637	222.9441	1.708858	2.448932	2.660395
1452	-2433.385	-2656.676	223.2907	1.849411	2.220901	2.430932
1458	-2427.649	-2651.199	223.55	1.849411	2.220901	2.266212
1464	-2423.969	-2647.171	223.2011	1.712465	2.220901	2.572511
1470	-2443.235	-2664.63	221.3947	1.376768	1.743083	4.006744
1476	-2430.935	-2651.904	220.9695	1.401318	2.414717	4.01598
1482	-2427.774	-2649.089	221.3155	1.506302	1.781113	3.963863
1488	-2445.038	-2665.199	220.1601	1.564488	2.200327	4.44614
1494	-2433.33	-2655.045	221.7154	1.427104	2.431409	3.566597
1500	-2432.8	-2653.617	220.8177	1.319365	1.993113	4.279378
1506	-2431.322	-2654.044	222.7222	1.502931	1.627979	3.207231
1512	-2427.289	-2648.939	221.6494	1.48219	1.991709	3.711317
1518	-2435.015	-2656.087	221.0718	1.656142	1.785282	4.016004
1524	-2432.857	-2654.411	221.5543	1.618553	2.327535	3.579812
1530	-2426.895	-2649.136	222.2411	1.732584	2.416976	3.08156
1536	-2431.171	-2653.669	222.4982	1.6921	2.416976	2.951715
1542	-2436.97	-2659.578	222.6083	1.664434	2.258154	2.951715
1548	-2437.838	-2660.071	222.2333	1.637071	2.324032	3.171382
1554	-2430.049	-2652.335	222.2853	1.489405	2.254512	3.24976
1560	-2442.29	-2664.012	221.7223	1.40797	1.815609	3.774139
1566	-2441.016	-2663.001	221.9843	1.60793	2.283071	3.34835
1572	-2433.566	-2656.273	222.7065	1.653956	2.112656	2.946794
1578	-2440.721	-2664.373	223.652	1.722122	2.136036	2.312145
1584	-2441.684	-2664.673	222.9887	1.735951	1.875779	2.810743
1590	-2440.634	-2663.421	222.7863	1.686597	2.32039	2.810743
1596	-2432.087	-2655.064	222.9767	1.784756	1.817005	2.810743
1602	-2431.644	-2654.125	222.4802	1.755804	1.880565	3.103076
1608	-2433.282	-2654.066	220.7837	1.556181	2.118379	4.123498
1614	-2438.843	-2660.466	221.6228	1.622079	2.118379	3.60358
1620	-2436.925	-2658.223	221.2983	1.454388	1.989984	3.929924
1626	-2440.079	-2660.677	220.5981	1.606882	2.046458	4.22331
1632	-2445.644	-2667.397	221.7535	1.465774	1.541874	3.829074
1638	-2438.276	-2660.315	222.0391	1.465774	2.176671	3.433195
1644	-2446.313	-2667.145	220.8314	1.450955	2.634401	4.00529
1650	-2436.934	-2659.673	222.7387	1.641606	2.600069	2.78227
1656	-2438.238	-2658.744	220.5059	1.357639	3.243312	4.093766
1662	-2423.562	-2646.086	222.5239	1.642247	2.78365	2.860651
1668	-2432.706	-2655.306	222.5998	1.644014	2.615902	2.860651
1674	-2424.001	-2645.704	221.7031	1.712384	2.697868	3.33182
1680	-2427.182	-2649.178	221.9958	1.650828	2.23385	3.33182
1686	-2425.543	-2647.678	222.1346	1.613084	2.05193	3.33182
1692	-2427.171	-2649.328	222.1564	1.613714	2.013216	3.33182
1698	-2423.213	-2644.816	221.6029	1.543346	2.037798	3.687353
1704	-2427.438	-2650.704	223.2664	1.677662	2.520778	2.457395
1710	-2434.436	-2657.649	223.2124	1.721033	2.360515	2.514325
1716	-2435.013	-2658.184	223.171	1.67521	1.92511	2.718199
1722	-2428.957	-2650.427	221.4699	1.524652	1.92511	3.813261
1728	-2428.927	-2649.395	220.4681	1.372001	2.369024	4.330709
1734	-2436.555	-2658.019	221.4646	1.351726	1.605407	4.034172
1740	-2433.156	-2654.672	221.5165	1.471418	1.96884	3.802003
1746	-2443.349	-2664.008	220.6589	1.41521	2.037127	4.300513
1752	-2433.961	-2654.449	220.4881	1.420388	2.012637	4.402114
1758	-2427.233	-2647.278	220.0446	1.353479	2.330702	4.590755
1764	-2428.549	-2648.105	219.5565	1.331015	2.638894	4.791238
1770	-2420.185	-2640.329	220.1436	1.350742	1.925784	4.663838
1776	-2436.336	-2656.114	219.7771	1.313885	1.896461	4.899032
1782	-2447.036	-2667.125	220.0888	1.571322	1.791599	4.617709
1788	-2430.541	-2652.146	221.6048	1.550472	2.299142	3.598669
1794	-2437.921	-2659.784	221.8638	1.721612	2.050167	3.427689
1800	-2447.029	-2669.534	222.505	1.604107	2.418472	3.00003
1806	-2442.37	-2665.005	222.6349	1.802757	2.084057	2.909972
1812	-2432.363	-2654.431	222.0687	1.73577	2.084057	3.287608
1818	-2445.212	-2668.23	223.0182	1.729872	2.423281	2.609648
1824	-2423.881	-2647.128	223.2475	1.729872	2.285834	2.511201
1830	-2423.481	-2645.756	222.2755	1.650639	1.939282	3.265726
1836	-2431.433	-2654.479	223.0466	1.609205	2.499683	2.643117
1842	-2423.474	-2645.641	222.1665	1.41608	1.749321	3.536764
1848	-2418.678	-2640.976	222.2982	1.39729	1.987943	3.384409
1854	-2423.843	-2645.793	221.9501	1.381227	2.12817	3.550174
1860	-2436.388	-2658.508	222.1193	1.63985	2.324383	3.237216
1866	-2428.602	-2651.738	223.1361	1.768375	2.399229	2.520102
1872	-2428.997	-2653.117	224.1198	2.002887	2.129555	1.82003
1878	-2425.892	-2649.882	223.9896	2.002887	2.372968	1.82003
1884	-2427.865	-2649.952	222.0871	1.627079	2.371337	3.249423
1890	-2437.42	-2659.134	221.7141	1.732328	2.888673	3.262962
1896	-2433.071	-2655.163	222.092	1.635725	2.30112	3.262962
1902	-2432.145	-2654.508	222.3627	1.64731	2.167547	3.138224
1908	-2428.606	-2651.323	222.717	1.64731	2.750139	2.749368
1914	-2430.564	-2653.085	222.5219	1.613296	2.502569	2.959248
1920	-2436.54	-2659.145	222.6049	1.644588	2.479595	2.897129
1926	-2431.148	-2654.553	223.4048	1.735598	2.795517	2.25102
1932	-2426.235	-2650.014	223.7788	1.80062	2.558774	2.036628
1938	-2433.434	-2657.041	223.6068	1.76061	2.558774	2.175633
1944	-2432.239	-2652.902	220.6627	1.536619	2.240892	4.165186
1950	-2444.104	-2667.312	223.2074	1.625724	1.88284	2.741953
1956	-2432.057	-2655.082	223.025	1.591115	2.262638	2.741953
1962	-2457.406	-2679.467	222.0604	1.593139	2.087164	3.375353
1968	-2440.282	-2661.651	221.3688	1.432495	2.275527	3.810465
1974	-2434.661	-2655.171	220.5105	1.503466	2.824635	4.108581
1980	-2428.085	-2648.742	220.6564	1.502985	2.399608	4.140811
1986	-2421.038	-2641.6	220.5618	1.468517	2.664635	4.140811
1992	-2429.013	-2648.649	219.636	1.389964	2.124838	4.860882
1998	-2431.254	-2650.577	219.3229	1.406552	2.07299	5.04208
2004	-2430.19	-2650.972	220.7818	1.406552	2.413757	4.120293
2010	-2447.735	-2667.113	219.3778	1.509851	1.866891	5.022242
2016	-2448.008	-2669.122	221.1135	1.519985	2.383698	3.874609
2022	-2447.544	-2668.38	220.8364	1.424681	1.179557	4.536939
2028	-2429.842	-2651.438	221.5961	1.364866	1.800535	3.876972
2034	-2421.571	-2643.528	221.9571	1.565251	2.368282	3.363385
2040	-2432.487	-2654.735	222.2484	1.544236	2.478427	3.171002
2046	-2435.872	-2657.841	221.9691	1.386076	2.094278	3.547357
2052	-2437.207	-2659.535	222.328	1.45357	1.922964	3.356633
2058	-2426.503	-2648.48	221.9772	1.669106	2.913696	3.138085
2064	-2433.073	-2653.493	220.4202	1.41638	2.268817	4.362252
2070	-2424.397	-2644.668	220.2708	1.45002	2.083228	4.484926
2076	-2444.095	-2666.054	221.9593	1.636286	2.241163	3.359511
2082	-2439.455	-2662.627	223.1728	1.733131	2.241163	2.570473
2088	-2441.47	-2664.779	223.3094	1.681934	2.153159	2.547227
2094	-2442.354	-2665.123	222.769	1.496544	1.840645	3.100236
2100	-2444.279	-2665.903	221.6248	1.389363	1.898555	3.811298
2106	-2454.736	-2676.465	221.7287	1.489943	1.907782	3.690054
2112	-2450.025	-2673.171	223.1461	1.864071	1.58127	2.754965
2118	-2442.358	-2665.327	222.9691	1.778359	2.323603	2.641565
2124	-2430.515	-2653.878	223.3638	1.732279	1.932568	2.561271
2130	-2433.231	-2656.477	223.2464	1.911371	2.55266	2.312392
2136	-2450.432	-2673.142	222.7095	1.810531	2.696921	2.668857
2142	-2447.112	-2670.35	223.2385	1.810546	2.320714	2.454916
2148	-2440.229	-2662.869	222.64	1.711751	2.40381	2.858227
2154	-2428	-2651.59	223.5902	1.990343	2.576772	2.030127
2160	-2424.744	-2647.765	223.0205	1.813576	2.087016	2.667427
2166	-2421.882	-2644.762	222.8793	1.698189	2.392398	2.724249
2172	-2412.951	-2635.938	222.9872	1.568571	1.808985	2.938282
2178	-2435.44	-2658.221	222.7811	1.753029	2.316991	2.774513
2184	-2435.828	-2659.042	223.2144	1.889556	2.426636	2.38611
2190	-2439.63	-2663.007	223.3772	1.664587	2.763739	2.323314
2196	-2443.079	-2666.835	223.7559	1.767474	2.247876	2.176862
2202	-2462.101	-2684.964	222.8623	1.630501	2.920668	2.623799
2208	-2430.854	-2654.315	223.4612	1.648269	2.324549	2.415621
2214	-2434.875	-2657.378	222.5026	1.610251	2.016484	3.12795
2220	-2442.395	-2665.782	223.3867	1.586377	1.744244	2.710052
2226	-2445.326	-2668.759	223.4329	1.805023	2.926662	2.150457
2232	-2449.159	-2672.563	223.4041	1.984212	2.595946	2.150457
2238	-2438.004	-2661.335	223.3312	1.894898	2.594599	2.255743
2244	-2438.615	-2661.87	223.2555	1.940261	2.514415	2.300037
2250	-2448.199	-2670.15	221.9508	1.627712	2.781111	3.213147
2256	-2431.81	-2654.104	222.2947	1.575764	2.191746	3.213147
2262	-2432.131	-2654.573	222.4425	1.690998	2.007175	3.118906
2268	-2418.529	-2641.204	222.6748	1.784501	1.591057	3.083291
2274	-2432.767	-2655.047	222.2801	1.567752	2.318828	3.186382
2280	-2429.579	-2651.619	222.0396	1.633187	2.461614	3.24697
2286	-2440.274	-2663.225	222.9511	1.530174	1.916752	2.942876
2292	-2452.492	-2675.193	222.7008	1.616464	2.202625	2.942876
2298	-2437.182	-2658.588	221.4064	1.479521	2.27908	3.760649
2304	-2435.937	-2658.25	222.3126	1.622716	1.647727	3.370141
2310	-2429.959	-2653.149	223.1901	1.711236	1.748064	2.752407
2316	-2437.534	-2660.654	223.1198	1.770072	1.748064	2.759417
2322	-2429.932	-2651.765	221.8332	1.626796	2.069017	3.494625
2328	-2428.447	-2649.807	221.3607	1.681783	2.002837	3.759036
2334	-2423.307	-2645.652	222.3456	1.5472	1.937976	3.285862
2340	-2430.338	-2651.557	221.2196	1.531054	2.445429	3.789288
2346	-2423.477	-2642.512	219.0349	1.343311	1.836035	5.314872
2352	-2442.454	-2661.356	218.9015	1.536786	1.836035	5.281708
2358	-2431.582	-2651.489	219.9074	1.472326	1.836035	4.758887
2364	-2429.073	-2651.265	222.1919	1.663321	2.408597	3.154591
2370	-2448.814	-2670.33	221.516	1.424865	1.764944	3.90165
2376	-2440.147	-2661.44	221.2935	1.380963	1.865033	4.017844
2382	-2434.522	-2655.713	221.1907	1.293772	2.009517	4.076631
2388	-2462.558	-2683.457	220.8988	1.115076	1.826315	4.406368
2394	-2439.837	-2662.942	223.1052	1.625874	1.951098	2.778972
2400	-2442.746	-2665.545	222.7987	1.625874	2.115096	2.907313
2406	-2437.688	-2661.5	223.8128	1.82376	2.117167	2.149797
2412	-2433.083	-2657.465	224.3815	1.773804	1.633397	2.005513
2418	-2435.258	-2658.709	223.4508	1.739282	2.324041	2.364842
2424	-2432.575	-2656.34	223.7645	1.767714	1.909739	2.29526
2430	-2437.477	-2661.643	224.1661	1.846923	2.130588	1.894634
2436	-2431.249	-2654.637	223.3878	1.866976	2.311335	2.327931
2442	-2436.445	-2659.89	223.4451	1.819619	2.466507	2.271007
2448	-2434.266	-2658.345	224.0789	1.861685	2.466507	1.823294
2454	-2432.579	-2656.281	223.7024	1.937913	2.421442	2.041169
2460	-2440.135	-2662.553	222.4185	1.60055	1.929556	3.21421
2466	-2429.129	-2651.108	221.9788	1.578134	2.048101	3.44502
2472	-2437.703	-2660.377	222.6743	1.605962	2.418371	2.897008
2478	-2437.631	-2659.694	222.0629	1.591713	2.312672	3.30252
2484	-2428.157	-2650.241	222.0838	1.595597	2.265561	3.30252
2490	-2434.318	-2656.216	221.8979	1.609218	2.295389	3.394545
2496	-2431.991	-2653.743	221.7523	1.483601	2.295389	3.552938
2502	-2434.193	-2656.532	222.3394	1.65795	1.933057	3.22581
2508	-2434.092	-2655.826	221.7335	1.6912	2.964603	3.256392
2514	-2437.354	-2659.003	221.649	1.574094	1.887862	3.694525
2520	-2449.365	-2668.613	219.2483	1.138769	2.247317	5.178504
2526	-2447.54	-2669.917	222.3764	1.470567	1.924755	3.31752
2532	-2438.019	-2659.703	221.6845	1.405607	2.151457	3.682578
2538	-2440.865	-2659.473	218.6075	1.180813	1.581747	5.732068
2544	-2447.024	-2669.004	221.9805	1.509035	2.31567	3.398626
2550	-2455.078	-2672.531	217.4528	1.123742	1.954955	6.261282
2556	-2443.414	-2663.521	220.1072	1.546209	2.15177	4.501253
2562	-2447.671	-2669.623	221.9521	1.420384	2.134282	3.524225
2568	-2449.418	-2669.813	220.3951	1.672545	2.104087	4.282545
2574	-2444.187	-2666.427	222.2396	1.658579	1.592006	3.414508
2580	-2458.363	-2680.835	222.472	1.484635	2.306971	3.12541
2586	-2439.565	-2661.875	222.3099	1.550548	1.994752	3.284982
2592	-2434.446	-2656.082	221.6365	1.394251	2.426551	3.632871
2598	-2431.217	-2654.003	222.7862	1.745285	1.812334	2.951633
2604	-2426.503	-2648.372	221.8689	1.613686	1.964198	3.51711
2610	-2423.483	-2647.273	223.7891	1.771361	2.240088	2.155499
2616	-2423.815	-2646.898	223.0828	1.799501	2.460826	2.514597
2622	-2428.919	-2652.215	223.2959	1.628108	2.087892	2.611668
2628	-2431.78	-2652.405	220.6255	1.435361	2.118029	4.281946
2634	-2414.663	-2636.039	221.376	1.527008	1.81679	3.90431
2640	-2417.308	-2638.633	221.3249	1.51734	2.033458	3.863987
2646	-2430.385	-2652.127	221.7418	1.549753	2.413695	3.484948
2652	-2435.199	-2657.18	221.981	1.586812	2.258068	3.37054
2658	-2430.392	-2652.146	221.7546	1.379599	2.162058	3.653694
2664	-2421.776	-2643.874	222.0981	1.549519	2.250378	3.326011
2670	-2428.7	-2650.613	221.9134	1.585204	2.455642	3.35136
2676	-2431.051	-2652.943	221.8918	1.452885	2.780156	3.35136
2682	-2448.841	-2670.543	221.7017	1.623842	2.213824	3.526076
2688	-2447.618	-2670.133	222.515	1.598486	2.213824	3.06147
2694	-2458.955	-2681.989	223.034	1.766198	2.371619	2.593635
2700	-2440.891	-2664.064	223.1732	1.671718	2.633945	2.485532
2706	-2438.195	-2660.869	222.6732	1.58378	1.995056	3.049445
2712	-2444.607	-2666.959	222.3522	1.404252	1.718374	3.447162
2718	-2450.501	-2672.52	222.0192	1.502209	1.479417	3.681106
2724	-2447.433	-2669.532	222.0988	1.468998	1.609508	3.600081
2730	-2442.072	-2665.808	223.7358	1.707754	1.797484	2.396031
2736	-2430.629	-2653.219	222.5899	1.576583	2.678208	2.889724
2742	-2432.964	-2656.577	223.6125	1.65679	1.971654	2.438374
2748	-2432.52	-2655.802	223.2823	1.686994	2.05647	2.594721
2754	-2431.479	-2654.843	223.3637	1.715422	2.201644	2.4758
2760	-2424.07	-2646.17	222.0996	1.598686	2.189152	3.31569
2766	-2434.469	-2656.569	222.1003	1.674815	1.816121	3.39923
2772	-2437.608	-2660.193	222.5844	1.467415	1.816121	3.236297
2778	-2442.914	-2662.827	219.9122	1.416318	2.645063	4.542615
2784	-2431.572	-2652.374	220.8025	1.557591	2.737445	3.933396
2790	-2428.941	-2650.787	221.8459	1.555049	2.168348	3.496625
2796	-2438.486	-2659.269	220.7829	1.442225	2.040508	4.213864
2802	-2429.484	-2651.946	222.4617	1.579697	2.310874	3.073672
2808	-2437.133	-2659.324	222.1905	1.589637	2.254713	3.246475
2814	-2432.837	-2654.194	221.3576	1.561726	2.667133	3.629875
2820	-2435.339	-2656.765	221.4258	1.493516	2.667133	3.629875
2826	-2422.419	-2643.908	221.4889	1.518157	2.435517	3.643997
2832	-2442.816	-2664.149	221.3333	1.464225	2.386199	3.779539
2838	-2443.949	-2666.265	222.3163	1.528255	2.828962	3.042051
2844	-2428.79	-2651.1	222.3101	1.668124	2.43228	3.074217
2850	-2431.897	-2655.059	223.1625	1.760396	2.175167	2.582181
2856	-2425.72	-2647.875	222.1555	1.6688	2.276718	3.213442
2862	-2439.072	-2661.884	222.8122	1.740236	1.999602	2.870101
2868	-2451.358	-2673.298	221.9403	1.58185	2.568775	3.304917
2874	-2449.415	-2671.023	221.6075	1.467538	1.76961	3.822823
2880	-2437.855	-2659.865	222.0101	1.403203	1.461123	3.751452
2886	-2433.084	-2655.014	221.9297	1.567083	2.540616	3.327859
2892	-2432.258	-2656.155	223.8965	1.7015	1.819383	2.289067
2898	-2422.413	-2646.454	224.0412	1.770623	1.819383	2.151028
2904	-2425.413	-2649.307	223.8941	1.839492	2.192712	2.058779
2910	-2432.332	-2656.177	223.8459	1.801826	3.341002	1.760461
2916	-2424.46	-2648.219	223.7586	1.865415	2.599736	1.993894
2922	-2440.912	-2664.672	223.7603	1.846291	2.599736	2.005496
2928	-2444.177	-2667.964	223.7873	1.809304	2.620679	2.005496
2934	-2444.911	-2668.507	223.5965	1.831341	2.620679	2.116966
2940	-2442.225	-2665.916	223.6913	1.8556	2.281073	2.150083
2946	-2437.317	-2659.981	222.6639	1.696018	2.096837	2.952486
2952	-2438.319	-2658.925	220.6058	1.501692	2.172113	4.238498
2958	-2449.138	-2672.44	223.3021	1.704457	2.172113	2.531225
2964	-2433.559	-2655.285	221.7256	1.656048	1.778126	3.642647
2970	-2450.242	-2672.849	222.6073	1.783177	2.031368	2.956642
2976	-2452.542	-2675.186	222.6434	1.783177	2.031368	2.934911
2982	-2429.803	-2652.059	222.2561	1.644118	2.543196	3.0881
2988	-2436.302	-2659.081	222.7791	1.50976	1.835922	3.0881
2994	-2444.976	-2667.233	222.2564	1.611795	2.284752	3.184919
3000	-2444.224	-2667.175	222.9514	1.57131	1.990988	2.891091
3006	-2431.775	-2653.399	221.6236	1.526565	2.224788	3.624626
3012	-2423.204	-2644.506	221.3026	1.451199	2.224788	3.853372
3018	-2424.776	-2646.722	221.9458	1.45664	2.189233	3.489052
3024	-2434.37	-2655.879	221.5089	1.516674	2.046712	3.754072
3030	-2438.553	-2660.009	221.4563	1.611909	2.046712	3.729445
3036	-2441.811	-2663.42	221.6087	1.459492	2.046712	3.729445
3042	-2430.25	-2651.924	221.6744	1.424879	1.891354	3.764809
3048	-2435.795	-2656.547	220.7528	1.374288	2.278087	4.194957
3054	-2436.292	-2659.363	223.0702	1.70482	2.179317	2.67207
3060	-2444.145	-2664.87	220.725	1.402464	2.558164	4.114307
3066	-2450.314	-2672.048	221.7337	1.540786	2.371789	3.507381
3072	-2449.754	-2672.702	222.9479	1.583702	1.834364	2.943222
3078	-2441.471	-2663.739	222.2677	1.508675	2.510622	3.171257
3084	-2440.464	-2662.716	222.2523	1.656894	2.016116	3.24882
3090	-2455.324	-2677.142	221.8179	1.665326	2.15185	3.453889
3096	-2440.078	-2663.166	223.0879	1.570306	2.247995	2.720982
3102	-2450.66	-2672.63	221.97	1.461585	2.778896	3.300548
3108	-2450.125	-2671.738	221.6134	1.480728	2.092603	3.699327
3114	-2447.369	-2669.502	222.1329	1.560202	2.364102	3.26406
3120	-2438.116	-2660.461	222.3451	1.556694	1.984836	3.26406
3126	-2431.34	-2653.9	222.5598	1.571858	1.747491	3.215162
3132	-2438.844	-2661.926	223.0814	1.618659	1.747491	2.875033
3138	-2438.828	-2661.288	222.4594	1.628246	1.726864	3.249188
3144	-2439.777	-2662.954	223.1776	1.578028	2.05892	2.725389
3150	-2437.382	-2657.892	220.5104	1.343398	2.202897	4.372496
3156	-2433.897	-2656.043	222.1461	1.48718	1.526382	3.596272
3162	-2419.328	-2641.997	222.6694	1.576989	1.974586	3.063007
3168	-2437.367	-2659.926	222.5588	1.673062	2.473828	2.909524
3174	-2452.767	-2675.809	223.0413	1.574996	1.424943	3.062107
3180	-2445.468	-2668.295	222.827	1.627621	2.208538	2.857917
3186	-2428.991	-2650.415	221.4243	1.502837	2.164696	3.772486
3192	-2440.666	-2662.86	222.1941	1.502837	2.005838	3.377371
3198	-2441.77	-2663.111	221.3419	1.373702	2.24241	3.869887
3204	-2436.258	-2657.777	221.5187	1.391169	2.24241	3.758069
3210	-2445.169	-2666.88	221.7105	1.760116	2.138237	3.465685
3216	-2431.621	-2654.611	222.9901	1.694638	2.022586	2.78154
3222	-2427.697	-2649.553	221.8562	1.653524	1.811381	3.555946
3228	-2433.705	-2655.445	221.7396	1.511732	1.972698	3.648532
3234	-2444.175	-2666.005	221.8302	1.559828	2.378419	3.43789
3240	-2441.005	-2663.504	222.4993	1.487514	1.972979	3.217934
3246	-2440.143	-2661.923	221.7805	1.606225	1.445407	3.773554
3252	-2433.969	-2655.358	221.3898	1.335648	2.285628	3.851019
3258	-2423.829	-2645.405	221.5758	1.511767	1.987847	3.738056
3264	-2435.58	-2656.116	220.5364	1.287314	2.320079	4.354278
3270	-2447.855	-2666.417	218.5621	1.250452	2.257379	5.492471
3276	-2445.073	-2662.334	217.2609	1.100361	2.349627	6.259253
3282	-2445.432	-2665.172	219.7403	1.308497	2.21757	4.819713
3288	-2448.128	-2667.176	219.0483	1.362789	2.172991	5.187469
3294	-2433.57	-2654.336	220.7659	1.367102	2.655314	4.084854
3300	-2437.312	-2657.811	220.4995	1.334195	1.918631	4.475762
3306	-2441.781	-2662.897	221.116	1.382573	1.918631	4.099424
3312	-2427.148	-2648.823	221.6748	1.642427	2.554046	3.429381
3318	-2427.51	-2650.645	223.135	1.724792	2.137122	2.63423
3324	-2433.57	-2655.639	222.0693	1.63708	2.258367	3.288881
3330	-2425.978	-2649.526	223.5471	1.858044	2.030937	2.330471
3336	-2441.606	-2665.401	223.7952	1.767773	2.326729	2.123962
3342	-2432.377	-2654.387	222.0103	1.587939	2.326729	3.331387
3348	-2443.467	-2665.841	222.3737	1.690491	2.571832	2.981679
3354	-2443.256	-2665.412	222.1561	1.647073	1.811804	3.384391
3360	-2441.317	-2661.993	220.676	1.526052	2.116849	4.202267
3366	-2440.855	-2662.967	222.1115	1.477525	1.976736	3.450645
3372	-2440.138	-2662.413	222.2746	1.518163	2.205368	3.254727
3378	-2445.184	-2666.847	221.6637	1.688741	2.524655	3.417113
3384	-2433.791	-2656.662	222.8705	1.808755	2.31039	2.687815
3390	-2433.212	-2655.331	222.119	1.663195	1.760048	3.416139
3396	-2446.923	-2669.769	222.8461	1.674932	2.142824	2.839518
3402	-2444.963	-2667.299	222.336	1.649953	2.261749	3.122186
3408	-2441.563	-2663.193	221.6292	1.5928	1.665777	3.777752
3414	-2436.442	-2659.884	223.4424	1.712498	1.528529	2.689413
3420	-2440.997	-2663.798	222.8004	1.533752	2.186647	2.937964
3426	-2437.981	-2659.424	221.4424	1.364994	2.237897	3.818544
3432	-2437.388	-2658.455	221.0678	1.335327	2.343721	4.018276
3438	-2423.155	-2643.789	220.6336	1.335266	2.142287	4.326336
3444	-2428.668	-2650.663	221.9952	1.564506	2.1529	3.408781
3450	-2421.937	-2644.538	222.6004	1.701266	1.543203	3.197249
3456	-2433.43	-2655.159	221.7293	1.701266	2.068355	3.512021
3462	-2442.982	-2665.319	222.3371	1.614171	1.788219	3.306114
3468	-2437.627	-2658.657	221.0309	1.500842	1.859142	4.101291
3474	-2448.738	-2671.308	222.5699	1.694526	2.009458	3.039958
3480	-2450.005	-2671.552	221.5467	1.468744	2.481473	3.625856
3486	-2431.069	-2651.902	220.8331	1.468744	2.191344	4.122121
3492	-2441.437	-2663.594	222.1575	1.409614	1.699854	3.56472
3498	-2435.358	-2657.51	222.1518	1.394388	1.927092	3.492972
3504	-2441.491	-2663.693	222.2015	1.498904	1.342835	3.638318
3510	-2434.308	-2655.981	221.6725	1.493236	2.047666	3.672782
3516	-2428.972	-2650.828	221.8562	1.493159	2.047666	3.566235
3522	-2433.457	-2654.397	220.9401	1.542801	2.078375	4.054867
3528	-2428.925	-2650.394	221.4686	1.650391	1.948536	3.733448
3534	-2428.082	-2647.774	219.6926	1.535798	2.145625	4.741427
3540	-2430.04	-2650.906	220.8667	1.354564	2.266582	4.144952
3546	-2434.231	-2654.378	220.1468	1.401727	2.437349	4.475594
3552	-2434.728	-2651.895	217.1669	1.238202	1.984329	6.344894
3558	-2427.847	-2650.183	222.3355	1.371016	1.5622	3.538755
3564	-2434.393	-2656.231	221.8381	1.399255	2.283039	3.555883
3570	-2433.352	-2656.203	222.8506	1.708392	1.742728	2.962015
3576	-2435.813	-2658.898	223.085	1.793525	2.444559	2.521993
3582	-2436.443	-2659.546	223.1028	1.836814	2.389172	2.501339
3588	-2422.152	-2645.57	223.4185	1.765436	2.098194	2.445986
3594	-2424.309	-2647.077	222.7681	1.641179	2.098194	2.922264
3600	-2441.234	-2664.978	223.7442	1.850948	1.831735	2.285888
3606	-2436.447	-2659.928	223.4808	1.749039	2.423249	2.307207
3612	-2436.037	-2659.988	223.9509	1.732985	2.248626	2.071639
3618	-2442.254	-2664.913	222.6594	1.621764	2.094928	3.00044
3624	-2440.116	-2664.243	224.1265	1.837263	2.174465	1.911569
3630	-2440.768	-2664.2	223.4317	1.875756	1.941067	2.425872
3636	-2438.308	-2661.648	223.3409	1.967582	1.939404	2.425872
3642	-2438.237	-2661.478	223.2406	1.722748	2.590191	2.424236
3648	-2441.364	-2662.875	221.5104	1.415026	2.446225	3.688162
3654	-2442.263	-2664.062	221.799	1.474495	2.041903	3.612216
3660	-2423.861	-2645.395	221.5339	1.514631	1.848626	3.809211
3666	-2413.632	-2633.014	219.3819	1.410665	2.077366	5.005674
3672	-2430.334	-2649.889	219.5555	1.315184	2.474459	4.844932
3678	-2426.744	-2646.32	219.5763	1.239633	1.892702	5.053227
3684	-2449.686	-2669.375	219.6895	1.251497	2.177785	4.89188
3690	-2448.018	-2669.033	221.0146	1.613566	1.906815	4.029582
3696	-2429.494	-2650.278	220.7847	1.542777	2.693494	3.963688
3702	-2431.347	-2651.822	220.4751	1.484303	2.722236	4.165985
3708	-2442.66	-2664.868	222.2076	1.727252	1.89202	3.277513
3714	-2433.488	-2655.563	222.0747	1.482224	1.548112	3.631538
3720	-2437.711	-2659.459	221.7479	1.366845	2.065455	3.696338
3726	-2442.535	-2662.366	219.8314	1.13857	1.913343	4.960659
3732	-2442.301	-2663.188	220.887	1.360151	1.688478	4.325178
3738	-2433.576	-2654.059	220.4824	1.249606	2.06656	4.483977
3744	-2443.734	-2663.247	219.5132	1.387282	1.484307	5.158469
3750	-2441.103	-2664.108	223.0055	1.616433	2.094929	2.794544
3756	-2440.091	-2663.122	223.031	1.620359	1.964484	2.822634
3762	-2438.411	-2658.975	220.5639	1.570371	1.898601	4.313047
3768	-2431.021	-2652.675	221.6546	1.404581	2.166971	3.695523
3774	-2428.521	-2651.514	222.9923	1.669721	2.468706	2.64876
3780	-2422.039	-2644.952	222.9125	1.67731	2.617441	2.64876
3786	-2436.795	-2659.837	223.0415	1.745826	3.399868	2.316501
3792	-2447.465	-2667.591	220.1259	1.206738	1.90923	4.759892
3798	-2439.349	-2658.313	218.9641	1.193813	1.90923	5.411399
3804	-2439.655	-2660.694	221.0387	1.494722	1.58057	4.205056
3810	-2436.913	-2658.627	221.7145	1.413397	2.261456	3.62609
3816	-2434.122	-2656.683	222.5615	1.576948	1.912426	3.149564
3822	-2438.872	-2661.233	222.3612	1.467751	1.566233	3.465685
3828	-2440.952	-2661.619	220.6671	1.436371	2.222142	4.225328
3834	-2428.462	-2649.212	220.75	1.468086	2.533545	4.069476
3840	-2434.548	-2657.776	223.228	1.537436	1.970345	2.751008
3846	-2434.576	-2655.082	220.5055	1.569606	2.060938	4.292162
3852	-2433.002	-2655.411	222.4091	1.801039	2.397045	2.945849
3858	-2440.609	-2663.4	222.7911	1.787058	2.234882	2.774222
3864	-2444.46	-2667.374	222.9145	1.922718	2.158536	2.640851
3870	-2444.427	-2667.232	222.8052	1.797229	2.332705	2.727785
3876	-2430.115	-2653.722	223.6069	1.863484	1.932511	2.325968
3882	-2434.867	-2657.037	222.1707	1.732549	1.932511	3.281597
3888	-2437.118	-2659.311	222.1935	1.496193	2.435778	3.244592
3894	-2426.552	-2648.563	222.0105	1.467512	2.887682	3.244592
3900	-2435.764	-2658.577	222.8136	1.693023	2.13086	2.85233
3906	-2451.172	-2673.028	221.8559	1.693023	2.47757	3.315366
3912	-2452.209	-2673.152	220.9435	1.674843	2.011879	3.999449
3918	-2450.523	-2672.609	222.0857	1.792294	2.175086	3.21411
3924	-2449.883	-2672.139	222.2558	1.739558	2.356247	3.087099
3930	-2439.562	-2661.41	221.8481	1.860609	2.967311	3.087099
3936	-2445.895	-2666.569	220.6736	1.462762	2.042059	4.263636
3942	-2429.634	-2647.897	218.2636	1.265001	2.006565	5.725249
3948	-2431.815	-2649.235	217.42	1.172219	2.333008	6.138365
3954	-2433.56	-2652.054	218.4934	1.131605	1.771729	5.751402
3960	-2431.918	-2650.289	218.3706	1.196273	2.193223	5.646423
3966	-2439.603	-2657.898	218.2944	1.258502	2.448874	5.580871
3972	-2442.83	-2663.669	220.8389	1.427919	2.558469	4.034815
3978	-2423.627	-2647.026	223.3984	1.819498	2.637302	2.248047
3984	-2429.21	-2652.246	223.0356	1.819408	2.388706	2.5542
3990	-2427.845	-2651.154	223.309	1.737112	2.388706	2.43469
3996	-2419.971	-2641.919	221.9476	1.517847	2.388706	3.390647
4002	-2427.382	-2650.87	223.4871	1.754557	2.339603	2.326906
4008	-2448.721	-2672.272	223.5511	1.769974	2.621652	2.186198
4014	-2455.787	-2679.024	223.2379	1.778677	1.776258	2.670607
4020	-2441.842	-2665.402	223.5607	1.715112	2.178698	2.359709
4026	-2429.227	-2651.396	222.1695	1.529635	2.414945	3.24522
4032	-2419.009	-2641.689	222.6798	1.456194	2.224462	3.044558
4038	-2435.392	-2658.156	222.7637	1.540029	1.642184	3.154833
4044	-2434.505	-2657.653	223.1474	1.630869	2.152021	2.679366
4050	-2465.289	-2687.04	221.7508	1.591603	2.173803	3.528996
4056	-2437.31	-2659.226	221.9159	1.47723	2.08293	3.528996
4062	-2442.577	-2663.55	220.9732	1.243778	2.041617	4.21812
4068	-2440.432	-2661.235	220.8033	1.286758	2.270944	4.21812
4074	-2435.469	-2656.073	220.6033	1.43484	2.270944	4.247543
4080	-2446.832	-2667.669	220.8369	1.324219	2.016491	4.258053
4086	-2445.565	-2668.216	222.6508	1.478301	2.111928	3.085697
4092	-2447.928	-2669.561	221.6331	1.481498	1.912274	3.748604
4098	-2450.377	-2671.404	221.027	1.36394	2.056417	4.1144
4104	-2437.242	-2659.884	222.6417	1.59765	1.862619	3.107692
4110	-2440.412	-2662.849	222.4373	1.59765	2.215754	3.107692
4116	-2434.888	-2658.198	223.3099	1.631688	2.152392	2.578369
4122	-2447.773	-2670.052	222.2789	1.603405	2.252641	3.186664
4128	-2438.18	-2659.82	221.6404	1.547688	2.431809	3.539925
4134	-2437.065	-2659.055	221.9902	1.456274	2.165242	3.471049
4140	-2440.834	-2663.142	222.3079	1.604917	2.515973	3.088517
4146	-2435.249	-2657.202	221.9534	1.669535	2.300472	3.324936
4152	-2434.858	-2657.003	222.1451	1.587394	2.0301	3.34821
4158	-2439.021	-2661.078	222.0568	1.639815	2.419763	3.245235
4164	-2434.775	-2656.386	221.6109	1.498487	2.239278	3.643723
4170	-2426.254	-2648.906	222.6523	1.634127	2.420501	2.892645
4176	-2431.818	-2653.77	221.9513	1.592034	1.731508	3.566406
4182	-2439.31	-2661.9	222.5901	1.680796	1.576632	3.201349
4188	-2431.373	-2654.551	223.1779	1.664551	1.992619	2.695786
4194	-2442.458	-2665.571	223.1129	1.592255	2.237049	2.695786
4200	-2435.502	-2658.067	222.5646	1.599345	2.030041	3.092791
4206	-2432.317	-2652.487	220.1704	1.543358	2.124875	4.47567
4212	-2426.661	-2648.434	221.7727	1.532477	2.37769	3.487687
4218	-2435.971	-2657.248	221.2771	1.322431	1.671122	4.131993
4224	-2446.291	-2668.736	222.4453	1.391211	1.668946	3.419621
4230	-2438.964	-2659.91	220.9464	1.409659	2.199087	4.08886
4236	-2426.672	-2649.88	223.208	1.589616	1.99349	2.72295
4242	-2423.302	-2646.228	222.9267	1.565617	2.072186	2.881023
4248	-2418.87	-2641.89	223.0197	1.598878	1.808054	2.900744
4254	-2425.23	-2647.027	221.7966	1.352175	1.526585	3.875904
4260	-2432.987	-2653.607	220.6198	1.352175	1.712868	4.471248
4266	-2442.782	-2663.689	220.9068	1.375088	1.930791	4.218339
4272	-2452.528	-2674.439	221.9109	1.533489	2.107566	3.490994
4278	-2455.05	-2677.337	222.2871	1.61371	2.091422	3.228213
4284	-2445.555	-2667.879	222.3241	1.612535	2.249437	3.155435
4290	-2446.592	-2669.892	223.2994	1.657632	2.359726	2.499862
4296	-2434.652	-2657.979	223.327	1.788133	2.067988	2.499862
4302	-2437.254	-2660.741	223.4875	1.892269	2.102774	2.320415
4308	-2427.975	-2651.063	223.0875	1.775107	2.458474	2.527621
4314	-2439.986	-2663.174	223.1879	1.78161	2.307953	2.508845
4320	-2439.54	-2661.516	221.9768	1.626216	2.206926	3.365996
4326	-2437.123	-2658.024	220.9013	1.33441	2.197914	4.157691
4332	-2438.899	-2661.549	222.6502	1.564361	2.237474	2.993292
4338	-2435.344	-2659.026	223.6822	1.710246	2.155812	2.293437
4344	-2438.622	-2661.839	223.2169	1.710463	2.573652	2.451832
4350	-2428.313	-2651.71	223.3972	1.698994	2.088686	2.504339
4356	-2426.584	-2649.898	223.314	1.706937	2.356322	2.460957
4362	-2429.905	-2652.847	222.9418	1.668084	1.849661	2.890169
4368	-2435.697	-2658.184	222.4867	1.596753	2.387878	3.024753
4374	-2441.906	-2663.781	221.8749	1.715127	2.013894	3.437277
4380	-2440.137	-2659.138	219.0009	1.307281	1.842363	5.351345
4386	-2453.371	-2672.605	219.2336	1.285246	1.984548	5.187201
4392	-2446.049	-2668.985	222.9365	1.610199	1.797903	2.947993
4398	-2436.286	-2659.797	223.5112	1.61264	1.810056	2.591014
4404	-2435.563	-2657.843	222.2807	1.608488	2.096534	3.233403
4410	-2444.034	-2666.962	222.928	1.741024	2.482903	2.640078
4416	-2455.455	-2679.109	223.6548	1.674871	3.006182	2.068042
4422	-2438.329	-2661.951	223.6218	1.760317	2.388905	2.220634
4428	-2437.643	-2660.2	222.557	1.670526	2.388905	2.937854
4434	-2446.497	-2669.144	222.6472	1.691916	2.678128	2.784974
4440	-2458.605	-2681.968	223.3628	1.575369	1.613989	2.784974
4446	-2441.964	-2665.691	223.727	1.771172	1.751672	2.380164
4452	-2429.542	-2652.861	223.3188	1.765612	2.05701	2.52298
4458	-2425.156	-2648.002	222.8452	1.56191	2.275599	2.864949
4464	-2420.964	-2643.765	222.8014	1.654973	2.184177	2.864949
4470	-2422.24	-2645.223	222.9835	1.588841	2.251427	2.772323
4476	-2427.365	-2648.19	220.8251	1.591329	3.125362	3.804579
4482	-2430.914	-2653.287	222.3726	1.816429	2.75614	2.854339
4488	-2425.873	-2648.008	222.135	1.741251	1.827702	3.335519
4494	-2428.839	-2650.847	222.0073	1.722324	2.072638	3.335519
4500	-2433.814	-2656.501	222.6869	1.685592	1.772866	3.062096
4506	-2422.542	-2644.759	222.2176	1.629038	1.772866	3.373461
4512	-2432.391	-2655.246	222.8544	1.685314	2.267303	2.787071
4518	-2426.88	-2649.219	222.3392	1.627387	2.165041	3.164843
4524	-2425.08	-2648.133	223.0528	1.685389	2.214958	2.682773
4530	-2422.914	-2645.087	222.1728	1.657175	2.409855	3.169208
4536	-2424.453	-2645.931	221.478	1.554654	2.981728	3.482275
4542	-2419.997	-2641.123	221.1262	1.330068	2.380967	3.976947
4548	-2425.545	-2645.253	219.7073	1.389328	2.397157	4.740429
4554	-2419.287	-2640.506	221.2192	1.306548	2.183994	3.996753
4560	-2423.195	-2644.139	220.9443	1.379339	2.366922	4.0568
4566	-2431.358	-2653.774	222.4155	1.435315	2.598125	3.101815
4572	-2449.198	-2669.956	220.7572	1.29287	2.791161	4.096544
4578	-2431.667	-2652.506	220.8395	1.218212	2.293162	4.229831
4584	-2427.427	-2648.733	221.3054	1.348608	1.883067	4.023155
4590	-2428.645	-2650.658	222.0131	1.368876	2.390391	3.439026
4596	-2437.39	-2658.764	221.3739	1.309239	2.337639	3.859672
4602	-2432.488	-2652.602	220.1138	1.208036	2.552713	4.571077
4608	-2433.293	-2655.289	221.9963	1.545923	1.909759	3.501431
4614	-2432.996	-2655.16	222.1639	1.642301	2.690754	3.102474
4620	-2441.844	-2665.115	223.2713	1.688051	2.109737	2.582116
4626	-2438.504	-2661.928	223.4249	1.75853	3.06306	2.148198
4632	-2439.889	-2661.899	222.0096	1.735214	2.439669	3.210825
4638	-2426.823	-2649.551	222.7284	1.82789	2.737684	2.634929
4644	-2428.032	-2650.855	222.8232	1.701677	2.438124	2.742317
4650	-2428.358	-2651.787	223.4294	1.948424	2.438124	2.20735
4656	-2429.953	-2653.289	223.3367	1.949648	2.438124	2.266242
4662	-2438.395	-2661.729	223.3347	1.825061	2.156339	2.440795
4668	-2433.958	-2656.53	222.5719	1.754248	2.12926	2.96183
4674	-2422.75	-2644.813	222.0629	1.650789	2.372689	3.249302
4680	-2430.074	-2652.102	222.0278	1.52062	2.078942	3.439664
4686	-2427.124	-2648.014	220.8903	1.472857	2.76325	3.924925
4692	-2440.04	-2661.038	220.9977	1.530534	1.871527	4.098919
4698	-2427.876	-2649.352	221.4763	1.680132	2.85833	3.441256
4704	-2424.912	-2647.127	222.2148	1.631166	2.438959	3.151022
4710	-2432.838	-2654.995	222.1565	1.416084	2.196734	3.387101
4716	-2439.8	-2660.796	220.9954	1.320354	2.008663	4.172919
4722	-2431.224	-2652.309	221.0844	1.451709	2.070625	4.02703
4728	-2436.093	-2657.978	221.8846	1.517451	2.442031	3.411967
4734	-2441.48	-2662.027	220.5467	1.381581	2.340919	4.289011
4740	-2446.144	-2666.655	220.5112	1.562462	2.785306	4.084619
4746	-2438.354	-2660.763	222.4091	1.623549	2.506469	3.019645
4752	-2449.52	-2670.054	220.5341	1.619116	2.391008	4.146818
4758	-2430.929	-2653.119	222.1908	1.549978	1.838377	3.411127
4764	-2433.603	-2654.83	221.2266	1.38405	1.863982	4.054641
4770	-2437.764	-2657.39	219.6267	1.281908	2.659961	4.773936
4776	-2439.881	-2661.515	221.6338	1.475058	2.51841	3.561098
4782	-2450.982	-2672.239	221.2573	1.54751	1.869567	3.941682
4788	-2429.874	-2651.101	221.2271	1.46867	2.260953	3.875597
4794	-2441.599	-2662.649	221.0505	1.347032	2.260953	4.046252
4800	-2431.778	-2654.481	222.7039	1.497934	2.117419	3.040442
4806	-2435.044	-2656.827	221.7827	1.568544	2.106817	3.545526
4812	-2444.317	-2667.454	223.1369	1.689699	1.999903	2.70291
4818	-2447.344	-2669.329	221.9855	1.63435	2.327364	3.318448
4824	-2451.04	-2672.529	221.4891	1.495455	2.141954	3.746623
4830	-2438.85	-2660.385	221.5349	1.455931	2.503583	3.633831
4836	-2440.929	-2663.063	222.1339	1.492335	2.189953	3.357767
4842	-2445.942	-2667.224	221.2819	1.473575	2.277486	3.836237
4848	-2460.45	-2681.939	221.4889	1.720636	2.103293	3.628995
4854	-2439.861	-2663.516	223.6546	2.083934	2.872929	1.831651
4860	-2437.995	-2661.114	223.1196	1.926645	2.872929	2.289372
4866	-2441.117	-2665.193	224.0755	1.853767	1.583478	2.176906
4872	-2427.756	-2651.114	223.358	1.840649	1.841908	2.53207
4878	-2429.166	-2651.569	222.4034	1.736343	2.733399	2.890458
4884	-2434.711	-2657.519	222.8079	1.490541	2.51588	2.856693
4890	-2425.113	-2647.197	222.0842	1.604999	2.486595	3.229944
4896	-2426.143	-2647.741	221.5978	1.515248	3.238087	3.37325
4902	-2424.009	-2646.934	222.9245	1.540879	2.453763	2.773862
4908	-2418.772	-2640.551	221.7787	1.540879	2.062157	3.578701
4914	-2436.442	-2658.016	221.5736	1.545624	2.436192	3.578701
4920	-2439.49	-2661.236	221.7465	1.58749	2.037107	3.578701
4926	-2430.672	-2652.982	222.3104	1.541554	2.987535	2.996187
4932	-2432.458	-2654.634	222.1762	1.6021	2.116387	3.292238
4938	-2428.25	-2650.16	221.9109	1.514316	2.083252	3.510185
4944	-2427.022	-2649.946	222.9245	1.646421	1.999797	2.858826
4950	-2433.809	-2656.87	223.0606	1.759989	2.435914	2.560761
4956	-2433.47	-2656.522	223.0524	1.758618	2.454952	2.560761
4962	-2429.114	-2652.498	223.384	1.598871	2.182335	2.542508
4968	-2437.876	-2661.018	223.1421	1.840746	2.182335	2.542508
4974	-2430.988	-2653.17	222.1815	1.702722	2.121943	3.227842
4980	-2435.172	-2657.136	221.9632	1.750071	2.908524	3.099542
4986	-2430.619	-2653.505	222.8862	1.812874	2.295297	2.68048
4992	-2444.493	-2665.499	221.0062	1.469736	1.680382	4.198692
4998	-2442.711	-2664.668	221.9574	1.645235	2.127181	3.39199
5004	-2433.89	-2655.121	221.2315	1.447504	1.830955	4.027355
5010	-2430.807	-2653.086	222.279	1.560899	1.919581	3.323536
5016	-2442.709	-2665.013	222.304	1.495235	2.377277	3.197323
5022	-2448.854	-2670.956	222.1013	1.555584	2.282407	3.310521
5028	-2450.057	-2673.191	223.1337	1.650372	1.959659	2.743504
5034	-2460.545	-2682.747	222.202	1.319296	2.009802	3.478855
5040	-2447.441	-2669.459	222.0177	1.480704	2.374725	3.375486
5046	-2450.544	-2671.649	221.1054	1.29757	2.374725	4.009227
5052	-2443.116	-2664.104	220.9879	1.456166	2.013809	4.098188
5058	-2443.854	-2663.419	219.5659	1.319155	2.698929	4.776932
5064	-2431.818	-2651.137	219.3189	1.357332	2.60621	4.9176
5070	-2430.837	-2651.376	220.5388	1.13323	1.789506	4.611763
5076	-2424.309	-2644.68	220.3712	1.299043	1.792313	4.611763
5082	-2444.83	-2665.839	221.0095	1.421551	1.685383	4.22223
5088	-2449.274	-2670.639	221.3641	1.527939	2.419864	3.71512
5094	-2448.754	-2670.765	222.0112	1.447506	1.747422	3.609507
5100	-2432.328	-2651.633	219.305	1.193733	2.445991	5.059672
5106	-2431.116	-2653.528	222.4119	1.606457	2.46779	3.039614
5112	-2436.608	-2659.417	222.8091	1.709126	1.998366	2.891231
5118	-2427.22	-2650.499	223.2786	1.709126	2.454981	2.450392
5124	-2436.927	-2659.973	223.0456	1.789172	2.208675	2.6254
5130	-2455.38	-2679.912	224.5321	2.107494	2.355355	1.352625
5136	-2450.067	-2674.065	223.9986	1.892669	2.177493	1.959317
5142	-2451.604	-2675.527	223.9232	2.04875	2.198431	1.897175
5148	-2443.7	-2667.498	223.7985	1.909183	2.202024	2.072542
5154	-2437.64	-2661.543	223.9028	1.950492	2.181311	1.983392
5160	-2450.075	-2674.294	224.2186	1.893846	1.956118	1.895501
5166	-2446.092	-2669.545	223.4532	1.651457	2.044114	2.514951
5172	-2437.294	-2660.799	223.5051	1.734973	2.317187	2.33534
5178	-2439.158	-2662.574	223.4156	1.621994	1.460126	2.791971
5184	-2437.568	-2659.952	222.3846	1.49142	1.770563	3.357066
5190	-2432.089	-2653.924	221.8356	1.715256	2.164467	3.410193
5196	-2439.897	-2661.496	221.5991	1.615019	2.068002	3.637999
5202	-2446.271	-2667.623	221.3518	1.329905	1.527535	4.142344
5208	-2458.987	-2682.067	223.0796	1.520452	1.515585	3.031404
5214	-2451.144	-2672.986	221.8423	1.623858	1.896627	3.550408
5220	-2443.623	-2666.052	222.4294	1.738103	1.761299	3.188605
5226	-2452.978	-2675.729	222.7513	1.698338	1.464928	3.14344
5232	-2440.523	-2662.787	222.2638	1.677342	1.846309	3.290425
5238	-2447.717	-2669.876	222.1597	1.471396	1.80893	3.486115
5244	-2452.704	-2675.31	222.6063	1.552232	1.858789	3.157193
5250	-2440.634	-2663.366	222.7314	1.594838	1.92102	3.034428
5256	-2428.253	-2650.145	221.8923	1.554265	1.92102	3.553156
5262	-2446.147	-2667.926	221.7785	1.39082	1.719258	3.787479
5268	-2435.405	-2657.345	221.9399	1.696686	2.00687	3.412409
5274	-2441.808	-2663.238	221.4295	1.402464	2.02642	3.872222
5280	-2436.477	-2658.334	221.8573	1.392889	1.666135	3.761385
5286	-2450.747	-2672.969	222.2218	1.607001	2.380897	3.17868
5292	-2445.415	-2666.772	221.3574	1.331334	1.697696	4.071025
5298	-2441.989	-2662.808	220.8197	1.437923	1.714634	4.309433
5304	-2448.847	-2672.511	223.664	1.659641	2.06404	2.37009
5310	-2441.45	-2664.412	222.9628	1.709894	1.974937	2.80594
5316	-2444.129	-2667.018	222.8893	1.567464	2.366813	2.80594
5322	-2450.462	-2673.323	222.8615	1.731499	1.877699	2.889856
5328	-2434.679	-2658.178	223.4993	1.644612	1.858513	2.559711
5334	-2446.849	-2669.466	222.6168	1.691338	2.02141	3.009559
5340	-2433.742	-2656.487	222.7447	1.552294	2.486706	2.866248
5346	-2446.778	-2669.115	222.3368	1.53117	1.741691	3.372812
5352	-2429.685	-2650.174	220.4895	1.268939	1.999259	4.491047
5358	-2434.343	-2656.725	222.3823	1.42564	1.807838	3.38306
5364	-2422.031	-2643.378	221.3472	1.46895	1.797118	3.961221
5370	-2426.035	-2645.709	219.6744	1.386239	2.026624	4.872763
5376	-2420.396	-2640.141	219.7448	1.319376	2.020436	4.872763
5382	-2427.88	-2648.373	220.4934	1.549887	2.127983	4.288709
5388	-2429.704	-2652.292	222.5876	1.695168	2.222585	2.957137
5394	-2425.66	-2648.908	223.2485	1.662616	1.546303	2.830434
5400	-2428.525	-2651.674	223.1494	1.77435	2.065546	2.619681
5406	-2431.89	-2654.909	223.0192	1.767855	2.224941	2.649396
5412	-2428.341	-2651.783	223.4422	1.850369	2.156278	2.356916
5418	-2434.626	-2658.399	223.7736	1.897827	1.816475	2.243107
5424	-2443.722	-2667.843	224.1205	1.82764	1.915977	2.022023
5430	-2438.925	-2662.052	223.1267	1.675115	2.593428	2.524467
5436	-2441.189	-2664.138	222.9491	1.559207	2.339297	2.783165
5442	-2446.757	-2669.234	222.4772	1.599052	2.845512	2.898298
5448	-2429.895	-2653.103	223.2082	1.686513	2.14362	2.610397
5454	-2430.6	-2653.701	223.1002	1.6436	2.429362	2.610397
5460	-2437.7	-2659.24	221.5394	1.493152	2.164413	3.711742
5466	-2444.902	-2667.977	223.0756	1.583592	2.154227	2.751599
5472	-2441.599	-2663.843	222.2435	1.498228	2.012764	3.348702
5478	-2439.926	-2662.879	222.9525	1.41148	1.999669	2.983699
5484	-2434.386	-2656.414	222.0279	1.502388	2.416309	3.344307
5490	-2445.115	-2667.956	222.8412	1.837727	2.142413	2.743493
5496	-2445.12	-2668.067	222.9469	1.703132	2.142413	2.761151
5502	-2436.174	-2658.204	222.0292	1.63135	2.422284	3.265804
5508	-2436.911	-2659.94	223.0286	1.642519	2.161076	2.741976
5514	-2433.877	-2656.018	222.1402	1.437852	2.473386	3.299411
5520	-2424.534	-2646.513	221.9791	1.637114	2.466967	3.278783
5526	-2428.291	-2651.155	222.8645	1.803573	2.289175	2.701532
5532	-2433.574	-2656.605	223.0311	1.912456	2.260053	2.540811
5538	-2454.746	-2678.315	223.5684	1.775401	2.280525	2.281443
5544	-2432.632	-2654.663	222.0303	1.493487	2.130778	3.437029
5550	-2441.641	-2663.155	221.5137	1.544692	2.131312	3.70742
5556	-2445.481	-2667.182	221.701	1.511663	2.261657	3.576853
5562	-2453.489	-2670.726	217.2376	1.219801	1.609811	6.446469
5568	-2440.157	-2660.226	220.0689	1.256679	1.734816	4.825354
5574	-2445.251	-2667.365	222.1137	1.473654	2.188163	3.381168
5580	-2447.893	-2669.722	221.8296	1.445116	1.635544	3.75924
5586	-2450.882	-2672.46	221.5789	1.395552	1.557703	3.963012
5592	-2447.292	-2669.3	222.0083	1.509076	1.553257	3.652274
5598	-2452.404	-2673.894	221.49	1.585574	1.671536	3.85975
5604	-2451.434	-2671.604	220.1698	1.361107	2.57211	4.448275
5610	-2444.647	-2664.829	220.1819	1.392535	2.242725	4.517763
5616	-2445.367	-2667.958	222.5915	1.612876	2.030173	3.068641
5622	-2442.607	-2663.433	220.8257	1.473222	2.076759	4.160126
5628	-2435.222	-2657.327	222.1054	1.637618	2.076759	3.326211
5634	-2439.05	-2661.004	221.9535	1.527809	1.859633	3.554878
5640	-2439.559	-2660.331	220.7723	1.253878	2.331414	4.236374
5646	-2449.091	-2671.02	221.9294	1.539854	2.376869	3.391966
5652	-2445.293	-2667.955	222.6625	1.539854	1.957729	3.09526
5658	-2442.562	-2665.401	222.839	1.63817	2.186504	2.851576
5664	-2434.005	-2656.142	222.1366	1.658344	2.730312	3.098323
5670	-2436.785	-2659.131	222.346	1.687535	2.284938	3.086497
5676	-2430.045	-2652.446	222.4009	1.612159	2.007506	3.190366
5682	-2424.475	-2646.588	222.1131	1.476608	1.75857	3.529104
5688	-2448.496	-2668.826	220.3297	1.302552	1.734989	4.653863
5694	-2448.181	-2668.233	220.0528	1.263702	1.501916	4.920344
5700	-2436.596	-2657.872	221.2759	1.328814	2.034623	3.999652
5706	-2442.567	-2663.625	221.0579	1.313805	1.283039	4.42489
5712	-2436.675	-2657.646	220.9712	1.422803	1.955286	4.146361
5718	-2443.667	-2665.708	222.041	1.33503	2.039955	3.553318
5724	-2458.016	-2677.458	219.4421	1.312716	2.255915	4.971977
5730	-2456.159	-2678.328	222.1694	1.45125	1.948621	3.441949
5736	-2435.639	-2657.967	222.3286	1.45125	2.250367	3.248059
5742	-2428.577	-2651.868	223.2907	1.685629	1.809256	2.682378
5748	-2429.542	-2651.078	221.5361	1.458898	1.648995	3.914783
5754	-2439.047	-2660.427	221.38	1.480234	2.098163	3.832363
5760	-2430.737	-2652.435	221.6979	1.357425	1.670391	3.871837
5766	-2428.797	-2651.069	222.2719	1.610353	1.637612	3.40534
5772	-2428.947	-2651.002	222.0555	1.614984	1.925586	3.420886
5778	-2440.088	-2663.627	223.5392	1.735069	1.364122	2.692386
5784	-2432.976	-2654.872	221.8966	1.531831	1.74458	3.628127
5790	-2437.354	-2661.248	223.8945	1.728322	1.802435	2.279995
5796	-2438.332	-2661.244	222.9117	1.721345	1.918119	2.850694
5802	-2442.464	-2665.417	222.9534	1.668196	1.918119	2.857618
5808	-2434.709	-2656.554	221.845	1.537832	1.818533	3.62702
5814	-2434.038	-2655.295	221.2572	1.465612	1.818533	4.006835
5820	-2429.221	-2650.044	220.8222	1.382022	1.954667	4.254293
5826	-2438.553	-2659.748	221.1953	1.463736	1.699466	4.087301
5832	-2428.748	-2650.766	222.0188	1.587478	2.271653	3.343647
5838	-2448.82	-2670.361	221.5418	1.57747	2.896691	3.453142
5844	-2436.781	-2660.237	223.4559	1.692991	2.147454	2.45072
5850	-2444.228	-2667.416	223.188	1.77111	3.217523	2.252358
5856	-2436.891	-2660.304	223.4126	1.665499	1.88005	2.59226
5862	-2441.885	-2664.695	222.8098	1.707935	2.029182	2.880642
5868	-2441.42	-2664.077	222.6579	1.719131	2.029182	2.965493
5874	-2454.007	-2674.887	220.88	1.466555	2.528716	3.997516
5880	-2454.631	-2677.457	222.8261	1.534414	2.528716	2.815202
5886	-2444.112	-2667.64	223.5279	1.64563	2.013757	2.482946
5892	-2442.967	-2666.538	223.5715	1.608635	1.348626	2.757586
5898	-2429.984	-2653.022	223.0375	1.700497	2.111415	2.717975
5904	-2442.027	-2664.5	222.4728	1.628469	1.709583	3.24788
5910	-2446.882	-2668.412	221.5305	1.416743	2.008016	3.812144
5916	-2444.561	-2666.704	222.1427	1.578289	2.008016	3.3625
5922	-2435.29	-2656.224	220.9341	1.341452	2.005668	4.196733
5928	-2445.722	-2667.772	222.0504	1.403556	2.240203	3.442805
5934	-2437.619	-2658.511	220.8924	1.388831	1.917307	4.223339
5940	-2447.404	-2666.844	219.4406	1.381596	2.007696	5.011499
5946	-2440.313	-2660.665	220.3514	1.166784	1.730407	4.719386
5952	-2437.598	-2657.075	219.477	1.352776	2.048934	4.994031
5958	-2428.128	-2649.721	221.5929	1.481832	2.105126	3.70644
5964	-2440.888	-2662.716	221.8283	1.56484	1.959731	3.57073
5970	-2445.738	-2668.638	222.8994	1.521768	2.045834	2.933145
5976	-2441.912	-2665.266	223.3537	1.764795	2.874005	2.242712
5982	-2425.362	-2644.643	219.2808	1.315251	2.0582	5.120758
5988	-2430.396	-2650.615	220.2184	1.328459	1.903647	4.641939
5994	-2447.042	-2668.704	221.6624	1.35478	2.430699	3.63956
6000	-2449.579	-2671.862	222.2822	1.596223	1.482445	3.472278
6006	-2433.722	-2656.713	222.9911	1.708641	1.993844	2.782656
6012	-2429.681	-2652.88	223.1995	1.799689	1.987602	2.600986
6018	-2431.918	-2653.345	221.427	1.671769	2.069209	3.704329
6024	-2422.163	-2644.431	222.2679	1.580704	1.719689	3.392647
6030	-2434.528	-2656.169	221.6409	1.683419	2.225902	3.523009
6036	-2436.796	-2659.334	222.5376	1.540285	1.517897	3.340097
6042	-2435.005	-2656.788	221.7833	1.518739	1.991606	3.612654
6048	-2433.577	-2655.454	221.8768	1.445455	1.957621	3.612654
6054	-2435.216	-2657.476	222.2602	1.530201	2.211462	3.254164
6060	-2446.286	-2668.065	221.7791	1.600818	1.417804	3.789633
6066	-2443.529	-2663.647	220.1176	1.404711	1.577831	4.77512
6072	-2447.529	-2668.107	220.5777	1.415319	1.828564	4.417362
6078	-2444.957	-2666.644	221.6878	1.439512	1.792234	3.784406
6084	-2437.309	-2659.548	222.2397	1.520025	2.10463	3.307072
6090	-2451.94	-2673.808	221.8682	1.570152	1.828023	3.591352
6096	-2430.185	-2653.03	222.8448	1.635848	2.360551	2.793348
6102	-2436.31	-2659.12	222.8097	1.608238	2.075544	2.924817
6108	-2422.344	-2644.948	222.6038	1.756902	2.178002	2.924817
6114	-2429.612	-2652.427	222.8148	1.601781	2.041897	2.937271
6120	-2432.14	-2654.285	222.1452	1.691337	1.926801	3.322936
6126	-2425.157	-2647.031	221.8737	1.723467	2.356551	3.322936
6132	-2438.747	-2661.365	222.6181	1.736161	2.01271	2.984971
6138	-2431.431	-2654.662	223.2312	1.764894	2.759092	2.353703
6144	-2426.89	-2650.114	223.2243	1.785423	2.729386	2.353703
6150	-2432.626	-2656.069	223.4432	1.880389	2.45554	2.236705
6156	-2431.516	-2655.656	224.1407	1.899992	1.82277	1.998836
6162	-2434.572	-2658.053	223.4819	1.793216	2.722206	2.185598
6168	-2438.056	-2661.162	223.1063	1.643873	2.114904	2.709294
6174	-2418.895	-2641.505	222.6108	1.579477	2.318503	2.982144
6180	-2414.199	-2636.772	222.5732	1.679408	1.921299	3.078326
6186	-2421.431	-2643.113	221.6823	1.784826	2.548699	3.342991
6192	-2410.43	-2632.277	221.8475	1.618065	2.471867	3.366
6198	-2417.544	-2639.838	222.2935	1.410449	2.02709	3.366
6204	-2432.161	-2652.611	220.45	1.389745	2.280711	4.356861
6210	-2431.493	-2652.576	221.0823	1.459107	2.649804	3.852691
6216	-2440.371	-2661.698	221.3277	1.515533	2.579354	3.698025
6222	-2460.615	-2683.454	222.8384	1.697496	1.780383	2.96125
6228	-2447.344	-2669.575	222.2311	1.629906	2.304638	3.182958
6234	-2444.961	-2667.534	222.5734	1.553322	1.840295	3.182958
6240	-2439.213	-2661.638	222.4247	1.586298	1.725334	3.295
6246	-2435.655	-2657.637	221.9822	1.688205	1.70455	3.502778
6252	-2452.383	-2674.208	221.8251	1.62094	1.948989	3.54369
6258	-2451.723	-2673.437	221.7148	1.544437	2.271014	3.546848
6264	-2445.836	-2666.628	220.7925	1.529403	1.823163	4.233292
6270	-2450.227	-2670.914	220.6869	1.341041	2.348942	4.230195
6276	-2453.055	-2673.163	220.1076	1.278605	2.241156	4.623925
6282	-2454.483	-2676.521	222.0373	1.395768	2.193086	3.469928
6288	-2457.639	-2680.26	222.6212	1.60058	2.333404	2.958554
6294	-2439.361	-2661.427	222.0665	1.57702	2.222869	3.337139
6300	-2441.883	-2664.434	222.5504	1.431222	1.75142	3.302281
6306	-2443.355	-2663.072	219.7161	1.244975	1.713499	5.035968
6312	-2471.142	-2692.295	221.1527	1.509363	1.98196	3.98447
6318	-2457.214	-2678.527	221.3135	1.549402	1.98196	3.869427
6324	-2452.087	-2673.559	221.4721	1.685559	2.111707	3.656311
6330	-2440.344	-2662.11	221.7662	1.375873	2.139599	3.656311
6336	-2452.059	-2672.587	220.5281	1.580588	2.555287	4.125807
6342	-2436.812	-2656.991	220.1793	1.386465	2.303784	4.504439
6348	-2464.149	-2687.031	222.8826	1.726171	1.954242	2.852205
6354	-2453.315	-2676.236	222.9204	1.794567	2.537179	2.595255
6360	-2432.803	-2654.718	221.9151	1.748114	2.780243	3.163186
6366	-2429.369	-2651.573	222.2048	1.484612	2.64296	3.18518
6372	-2429.765	-2651.734	221.9697	1.652494	2.319571	3.319492
6378	-2428.144	-2650.355	222.211	1.633887	2.406655	3.161342
6384	-2445.18	-2667.276	222.095	1.870117	2.074478	3.195816
6390	-2418.554	-2641.043	222.4883	1.628759	2.008326	3.128281
6396	-2418.256	-2640.936	222.6802	1.767615	2.008326	2.930163
6402	-2421.394	-2644.002	222.6081	1.767615	1.950192	2.994269
6408	-2420.438	-2641.507	221.0691	1.61861	1.635129	4.095773
6414	-2421.587	-2642.159	220.5714	1.54871	2.454178	4.147514
6420	-2428.143	-2650.442	222.2998	1.820749	2.001754	3.128492
6426	-2414.016	-2636.649	222.6338	1.945887	2.716674	2.62648
6432	-2417.755	-2640.395	222.64	1.734987	2.296654	2.877698
6438	-2416.116	-2638.669	222.5531	1.849031	2.361181	2.840866
6444	-2419.375	-2641.895	222.5197	1.838333	2.448146	2.840866
6450	-2428.349	-2651.532	223.1837	1.882832	2.167854	2.495273
6456	-2419.882	-2642.807	222.9251	1.94383	2.922621	2.388296
6462	-2424.391	-2648.003	223.6118	1.844268	2.016902	2.303173
6468	-2432.031	-2654.721	222.6893	1.709886	2.352031	2.84554
6474	-2445.609	-2667.697	222.0886	1.759939	1.774732	3.371646
6480	-2443.698	-2666.19	222.4915	1.686365	2.075268	3.068979
6486	-2436.06	-2658.964	222.9041	1.740806	1.67006	2.939358
6492	-2439.531	-2662.059	222.5279	1.829182	2.140759	2.939358
6498	-2426.029	-2648.128	222.0986	1.726155	1.814697	3.370635
6504	-2433.073	-2654.52	221.4469	1.481116	2.076894	3.800298
6510	-2437.204	-2658.48	221.2759	1.737781	2.174704	3.719386
6516	-2434.364	-2656.782	222.4179	1.727075	1.88965	3.153938
6522	-2430.91	-2652.728	221.8185	1.689168	2.041844	3.475912
6528	-2431.101	-2652.874	221.7726	1.638636	2.269364	3.458718
6534	-2432.039	-2654.676	222.6366	1.746522	1.879806	3.015412
6540	-2439.946	-2662.298	222.3521	1.729404	1.879806	3.195198
6546	-2428.212	-2650.666	222.4541	1.827235	2.281555	2.939051
6552	-2427.684	-2650.433	222.7495	1.793154	2.183971	2.812633
6558	-2435.373	-2657.623	222.2498	1.60364	1.613092	3.432093
6564	-2440.115	-2662.123	222.0078	1.509768	1.866509	3.53129
6570	-2432.284	-2654.163	221.8783	1.616559	1.903384	3.53129
6576	-2443.912	-2666.064	222.1524	1.571112	2.433104	3.225395
6582	-2437.755	-2659.678	221.9233	1.422513	1.964159	3.596684
6588	-2439.435	-2660.471	221.0362	1.525345	1.701343	4.142089
6594	-2446.018	-2666.508	220.4899	1.285064	1.785907	4.555266
6600	-2435.329	-2655.035	219.7061	1.245128	2.027754	4.933317
6606	-2433.776	-2653.166	219.3907	1.364324	2.671096	4.856689
6612	-2439.065	-2661.905	222.8401	1.716504	1.675993	2.990076
6618	-2436.368	-2659.386	223.0183	1.698584	2.090082	2.738266
6624	-2436.156	-2659.151	222.9945	1.523145	1.783871	2.970874
6630	-2414.487	-2637.223	222.7359	1.556658	1.981349	3.032967
6636	-2431.771	-2655.83	224.0589	1.865611	2.296598	1.893702
6642	-2442.041	-2665.66	223.6189	1.913499	1.826602	2.328025
6648	-2439.532	-2663.444	223.9111	1.772276	1.881886	2.2091
6654	-2459.038	-2682.655	223.6162	1.733992	2.103658	2.338942
6660	-2451.551	-2674.965	223.4134	1.717795	2.134733	2.466253
6666	-2469.005	-2692.432	223.4272	1.612102	2.235307	2.489332
6672	-2448.889	-2671.33	222.441	1.491645	1.793522	3.315133
6678	-2451.603	-2673.174	221.5706	1.332297	1.714064	3.942499
6684	-2453.46	-2677.141	223.6813	1.866793	2.58856	2.047883
6690	-2441.364	-2665.545	224.1809	1.814429	2.20415	1.879138
6696	-2433.146	-2655.923	222.7768	1.545802	1.967516	3.019877
6702	-2431.923	-2654.244	222.3204	1.671416	2.373324	3.083965
6708	-2430.247	-2652.867	222.6195	1.568743	2.013821	3.083965
6714	-2431.925	-2653.942	222.0172	1.568743	1.961805	3.457617
6720	-2437.091	-2659.119	222.0279	1.639874	2.306786	3.296594
6726	-2435.734	-2658.118	222.3835	1.725059	2.652686	2.931863
6732	-2442.939	-2665.384	222.4457	1.590773	2.786092	2.938363
6738	-2449.147	-2671.724	222.5767	1.590773	1.720642	3.204376
6744	-2442.803	-2665.15	222.3464	1.543967	2.18242	3.204376
6750	-2444.47	-2666.668	222.1979	1.618073	1.784142	3.38722
6756	-2430.197	-2651.31	221.1138	1.52392	2.502946	3.837869
6762	-2432.635	-2655.217	222.5818	1.683582	2.05536	3.023467
6768	-2447.083	-2670.108	223.0249	1.925464	2.103462	2.58989
6774	-2449.78	-2673.174	223.3943	1.805682	2.054493	2.451552
6780	-2447.615	-2668.737	221.1226	1.311742	2.126182	4.067166
6786	-2429.746	-2651.541	221.7949	1.481796	2.584619	3.444505
6792	-2426.563	-2648.222	221.6596	1.535813	2.584619	3.491971
6798	-2435.137	-2657.018	221.8811	1.43111	2.349816	3.491971
6804	-2442.385	-2663.792	221.4076	1.484031	2.393457	3.723113
6810	-2440.035	-2661.386	221.3512	1.450701	2.230692	3.823897
6816	-2447.009	-2667.837	220.8281	1.301145	2.230692	4.208121
6822	-2437.041	-2656.768	219.7277	1.33599	2.092003	4.850142
6828	-2441.651	-2660.433	218.7822	1.250857	2.542545	5.291058
6834	-2452.041	-2671.995	219.9541	1.449931	1.81494	4.752721
6840	-2448.638	-2670.559	221.9212	1.560755	2.3222	3.401051
6846	-2448.269	-2671.093	222.8235	1.71477	1.746412	2.973034
6852	-2451.65	-2674.312	222.6624	1.77609	2.205485	2.868706
6858	-2461.248	-2684.352	223.1039	1.806339	2.471399	2.493826
6864	-2442.099	-2665.578	223.4786	1.650248	2.211218	2.441323
6870	-2446.716	-2669.502	222.7863	1.618803	2.026994	2.949346
6876	-2445.964	-2668.499	222.5357	1.650779	3.016947	2.786421
6882	-2439.438	-2662.636	223.1973	1.836297	2.210951	2.501129
6888	-2437.796	-2660.985	223.1886	1.822245	2.018523	2.582555
6894	-2438.767	-2662.318	223.5512	1.972334	2.291752	2.161638
6900	-2439.602	-2663.687	224.0848	1.829275	2.036249	1.997298
6906	-2452.564	-2676.846	224.2815	1.829275	1.830301	1.948756
6912	-2440.254	-2662.505	222.2506	1.575516	2.495344	3.14618
6918	-2450.316	-2673.735	223.4192	1.59391	2.20712	2.515221
6924	-2436.688	-2658.535	221.8474	1.486427	2.076607	3.565621
6930	-2432.175	-2654.525	222.35	1.5454	2.143617	3.214114
6936	-2422.703	-2645.72	223.0172	1.833207	2.143617	2.637787
6942	-2427.61	-2647.713	220.1027	1.449895	2.384117	4.488458
6948	-2427.554	-2647.562	220.008	1.373188	2.269272	4.618343
6954	-2430.222	-2650.884	220.6622	1.410124	2.094262	4.283031
6960	-2434.566	-2655.555	220.9886	1.434212	2.346577	4.006169
6966	-2424.673	-2646.678	222.0046	1.726527	1.90036	3.394315
6972	-2428.271	-2650.257	221.9862	1.663243	1.706764	3.514133
6978	-2429.36	-2650.914	221.5541	1.859211	2.107112	3.509259
6984	-2433.6	-2655.259	221.659	1.559444	1.987201	3.662658
6990	-2422.36	-2643.229	220.8687	1.41505	2.122349	4.154138
6996	-2421.259	-2642.663	221.404	1.442279	1.884355	3.91271
7002	-2424.744	-2647.192	222.448	1.612658	1.697163	3.276736
7008	-2434.4	-2655.322	220.9222	1.540861	2.613617	3.907444
7014	-2435.171	-2657.777	222.6059	1.797946	2.036827	2.946699
7020	-2437.906	-2660.053	222.1467	1.550234	2.252289	3.29636
7026	-2439.36	-2662.486	223.1261	1.649746	2.346018	2.616853
7032	-2449.662	-2673.182	223.521	1.711524	2.021889	2.442974
7038	-2451.392	-2673.749	222.3579	1.607604	2.452764	3.075723
7044	-2438.417	-2660.95	222.533	1.527844	2.034004	3.152815
7050	-2435.059	-2657.725	222.6653	1.544364	1.980049	3.083022
7056	-2437.794	-2660.362	222.5674	1.600208	1.595404	3.25464
7062	-2430.49	-2651.919	221.4297	1.39576	1.697878	3.992959
7068	-2428.174	-2649.952	221.7777	1.422351	1.976418	3.676971
7074	-2430.922	-2652.015	221.0921	1.315503	1.687768	4.234651
7080	-2438.207	-2657.287	219.0801	1.240328	2.168809	5.238904
7086	-2439.081	-2657.523	218.4422	1.310127	1.855191	5.652621
7092	-2442.113	-2664.111	221.9985	1.292643	1.784849	3.692578
7098	-2437.984	-2660.864	222.8802	1.589651	1.931728	2.944343
7104	-2445.732	-2668.616	222.8847	1.564665	1.919926	2.960946
7110	-2441.721	-2664.439	222.7187	1.5342	2.266535	2.960946
7116	-2443.304	-2665.499	222.1948	1.51222	2.266535	3.285958
7122	-2459.708	-2681.074	221.3663	1.280593	2.063022	3.966186
7128	-2459.443	-2678.917	219.4742	1.262434	2.137993	5.017773
7134	-2452.262	-2673.214	220.9516	1.378781	1.696702	4.274998
7140	-2446.75	-2668.293	221.5432	1.718902	2.132271	3.589085
7146	-2438.751	-2660.224	221.4733	1.530551	2.343255	3.673127
7152	-2436.901	-2658.403	221.5025	1.469583	2.648973	3.604234
7158	-2439.426	-2660.655	221.2295	1.648374	2.223532	3.782406
7164	-2430.006	-2651.205	221.1992	1.655855	2.266062	3.782406
7170	-2438.465	-2659.07	220.6051	1.594967	1.97845	4.248597
7176	-2439.175	-2661.787	222.6118	1.59063	2.094505	3.047771
7182	-2449.707	-2671.304	221.5972	1.658448	2.864388	3.381576
7188	-2452.539	-2674.165	221.626	1.832861	2.432271	3.381576
7194	-2441.377	-2663.621	222.2447	1.685455	2.247137	3.15999
7200	-2447.125	-2668.844	221.7191	1.580254	2.060786	3.590885
7206	-2438.534	-2658.153	219.6187	1.374197	2.538539	4.759172
7212	-2442.889	-2663.843	220.9539	1.475845	2.573842	3.937417
7218	-2435.397	-2657.544	222.1465	1.510207	2.309145	3.302357
7224	-2448.518	-2667.866	219.3477	1.246052	2.149053	5.093609
7230	-2434.775	-2654.557	219.7815	1.215	2.330636	4.815454
7236	-2432.41	-2653.644	221.2335	1.300607	1.981208	4.057785
7242	-2429.282	-2650.198	220.9164	1.319662	2.077239	4.195672
7248	-2435.939	-2659.111	223.1722	1.545586	2.316118	2.66227
7254	-2449.755	-2673.747	223.9919	1.683073	1.956027	2.185409
7260	-2432.131	-2654.936	222.8051	1.652991	2.456085	2.777611
7266	-2438.292	-2660.731	222.4385	1.464569	2.342929	3.146155
7272	-2427.126	-2648.773	221.6475	1.50869	2.008936	3.691256
7278	-2425.879	-2646.065	220.1868	1.327231	2.203983	4.563467
7284	-2429.888	-2652.207	222.3191	1.521496	1.932139	3.31868
7290	-2428.866	-2649.325	220.4582	1.509995	1.838082	4.427966
7296	-2438.995	-2660.423	221.4279	1.387307	2.593413	3.710294
7302	-2434.686	-2655.311	220.6251	1.461462	2.025378	4.297333
7308	-2431.196	-2652.607	221.4111	1.466315	2.576049	3.679148
7314	-2432.656	-2654.175	221.5191	1.455052	2.318247	3.697787
7320	-2427.111	-2648.611	221.4999	1.560619	2.157525	3.697787
7326	-2433.78	-2656.744	222.9638	1.576315	2.084691	2.847785
7332	-2454.296	-2677.355	223.0585	1.888019	3.104246	2.290079
7338	-2434.833	-2658.91	224.0769	2.048686	2.424822	1.708786
7344	-2437.483	-2661.652	224.169	1.895241	2.549058	1.708786
7350	-2451.112	-2675.237	224.1246	1.903612	2.507716	1.74832
7356	-2442.203	-2665.092	222.8883	1.73032	2.404936	2.69514
7362	-2441.132	-2663.393	222.2606	1.549023	2.308394	3.212241
7368	-2435.044	-2657.678	222.6343	1.631277	2.304465	2.941279
7374	-2432.493	-2655.071	222.5785	1.712522	2.212184	2.955541
7380	-2431.36	-2654.629	223.2685	1.854769	2.94746	2.218971
7386	-2433.436	-2657.037	223.6016	1.800503	2.0674	2.319008
7392	-2421.205	-2644.005	222.8001	1.846958	2.282103	2.716672
7398	-2435.653	-2658.91	223.257	1.820418	2.165891	2.489104
7404	-2427.408	-2650.628	223.2201	1.678661	2.473325	2.500433
7410	-2418.15	-2640.576	222.426	1.603011	2.240672	3.103234
7416	-2424.541	-2646.862	222.3214	1.700151	2.436949	3.04692
7422	-2443.381	-2665.869	222.4881	1.520473	2.463011	3.04692
7428	-2416.344	-2637.801	221.457	1.290613	2.116879	3.891004
7434	-2418.136	-2639.24	221.1041	1.422757	2.176865	3.998351
7440	-2428.082	-2650.257	222.1754	1.482733	2.176865	3.343278
7446	-2440.145	-2660.557	220.4121	1.411881	2.186324	4.394455
7452	-2441.692	-2661.936	220.2443	1.398643	2.537776	4.394455
7458	-2445.346	-2667.885	222.5389	1.840402	2.033	2.962795
7464	-2432.267	-2653.471	221.204	1.527382	1.945693	3.957164
7470	-2433.055	-2654.72	221.6647	1.55399	2.102377	3.623996
7476	-2432.185	-2654.198	222.0131	1.586557	2.7326	3.213704
7482	-2439.353	-2659.977	220.6239	1.418567	2.391632	4.209522
7488	-2436.533	-2658.107	221.5747	1.619404	1.954835	3.687868
7494	-2436.884	-2659.411	222.5276	1.680269	2.268673	2.987312
7500	-2438.405	-2660.98	222.5752	1.610348	2.1331	3.044936
7506	-2434.553	-2655.865	221.3122	1.562962	2.685484	3.650567
7506	-2444.23	-2663.579	219.349	1.29453	2.530253	4.95616
7512	-2431.6	-2653.372	221.7724	1.409631	2.144271	3.631661
7518	-2426.183	-2647.981	221.7985	1.501237	2.305313	3.51273
7524	-2441.857	-2662.216	220.3586	1.417658	2.305313	4.385413
7530	-2429.905	-2652.43	222.5244	1.622572	2.305313	3.012287
7536	-2432.792	-2655.228	222.4355	1.619365	2.103651	3.132732
7542	-2426.649	-2650.011	223.3615	1.720257	2.502282	2.376335
7548	-2435.669	-2658.832	223.1633	1.711024	2.13184	2.627102
7554	-2428.791	-2650.811	222.0202	1.550043	2.489149	3.299429
7560	-2429.625	-2650.151	220.5254	1.548205	2.796334	4.08186
7566	-2429.289	-2650.755	221.466	1.390956	1.856003	3.916626
7572	-2440.159	-2659.324	219.1651	1.278585	1.856003	5.27186
7578	-2437.329	-2657.47	220.141	1.201429	2.253232	4.644863
7584	-2424.512	-2644.752	220.2395	1.315216	1.915676	4.633427
7590	-2425.04	-2643.76	218.7206	1.284002	1.869083	5.509359
7596	-2427.547	-2650.174	222.6269	1.679528	2.083461	2.98923
7602	-2430.446	-2653.259	222.8125	1.631003	1.814039	3.00385
7608	-2424.412	-2646.431	222.0186	1.607445	1.51732	3.604305
7614	-2432.793	-2655.43	222.6369	1.622246	1.636472	3.183602
7620	-2436.144	-2658.363	222.2185	1.609196	2.408467	3.170992
7626	-2445.717	-2669.247	223.5298	1.700364	2.13456	2.404013
7632	-2442.434	-2664.814	222.3806	1.512359	1.423006	3.489887
7638	-2418.145	-2640.587	222.4417	1.512359	2.024169	3.219545
7644	-2412.045	-2635.945	223.9004	1.86541	2.024169	2.100005
7650	-2417.689	-2640.539	222.8496	1.741264	2.312884	2.741177
7656	-2415.393	-2638.833	223.4397	1.942051	2.391605	2.219996
7662	-2427.009	-2650.789	223.7801	1.897058	1.864602	2.219996
7668	-2434.537	-2658.201	223.6634	2.011442	2.928422	1.858724
7674	-2442.908	-2666.771	223.863	2.087237	2.763422	1.718355
7680	-2425.885	-2649.716	223.8304	1.933016	1.874903	2.15995
7686	-2431.487	-2654.855	223.3679	1.744383	2.208053	2.45284
7692	-2436.724	-2659.783	223.059	1.824128	2.132388	2.621473
7698	-2439.557	-2662.677	223.1199	1.793352	2.393511	2.516393
7704	-2454.342	-2678.373	224.0303	1.875046	2.300058	1.905503
7710	-2444.529	-2667.695	223.166	1.654141	2.209933	2.633994
7716	-2430.12	-2652.785	222.665	1.874983	2.776842	2.633994
7722	-2433.374	-2656.076	222.7018	1.76018	2.372947	2.800845
7728	-2432.024	-2652.284	220.2601	1.505488	2.372947	4.371625
7734	-2438.408	-2657.418	219.0097	1.341606	2.372947	5.161859
7740	-2434.808	-2656.554	221.7461	1.428388	2.306155	3.585383
7746	-2437.388	-2659.316	221.9278	1.378999	2.064412	3.585383
7752	-2426.822	-2648.852	222.0299	1.411941	1.838729	3.585383
7758	-2447.843	-2669.509	221.6658	1.357272	2.354498	3.658635
7764	-2444.794	-2667.735	222.9401	1.777935	2.766289	2.526571
7770	-2431.906	-2654.826	222.919	1.808771	2.630431	2.559586
7776	-2443.165	-2666.876	223.7113	1.930602	2.630431	1.972211
7782	-2429.161	-2652.707	223.5464	1.826186	2.247002	2.274433
7788	-2433.303	-2656.789	223.4859	1.750405	2.513375	2.274433
7794	-2440.484	-2664.247	223.7627	1.855274	2.513375	2.025668
7800	-2445.759	-2669.655	223.8956	1.890557	2.366633	1.962557
7806	-2443.51	-2667.284	223.7741	1.742164	2.302671	2.162629
7812	-2439.756	-2662.129	222.373	1.605961	2.384124	3.088364
7818	-2432.259	-2655.127	222.8675	1.635611	2.334083	2.787997
7824	-2437.411	-2661.448	224.0368	1.807808	2.334083	1.934498
7830	-2434.542	-2658.403	223.861	1.801274	1.888329	2.220142
7836	-2420.699	-2644.148	223.4485	1.801274	1.981557	2.446988
7842	-2432.761	-2656.48	223.7188	1.797336	1.981557	2.277993
7848	-2436.078	-2659.328	223.2505	1.745458	2.752003	2.355838
7854	-2439.317	-2662.119	222.8021	1.651377	2.586699	2.74145
7860	-2439.383	-2662.307	222.9245	1.768127	2.58465	2.594915
7866	-2457.699	-2680.601	222.9022	1.7842	2.58465	2.598792
7872	-2442.306	-2665.341	223.0354	1.78063	1.817036	2.777494
7878	-2439.883	-2662.433	222.55	1.51692	2.304362	3.060485
7884	-2433.849	-2657.095	223.2463	1.835053	2.049426	2.52758
7890	-2427.061	-2650.121	223.0591	1.784024	2.593163	2.498746
7896	-2428.814	-2652.076	223.2611	1.784024	2.7088	2.337208
7902	-2430.644	-2654.119	223.4748	1.940881	2.325833	2.219963
7908	-2424.446	-2646.95	222.5033	1.532509	2.152744	3.127718
7914	-2431.061	-2653.032	221.9712	1.532509	2.510475	3.332388
7920	-2433.037	-2656.02	222.9832	1.644277	2.510475	2.657354
7926	-2429.681	-2652.686	223.0044	1.552594	2.581196	2.679613
7932	-2439.226	-2660.789	221.5628	1.535834	1.671355	3.846565
7938	-2434.294	-2656.127	221.8324	1.368239	1.815433	3.733561
7944	-2437.997	-2658.132	220.1345	1.33936	1.86441	4.696347
7950	-2438.209	-2658.302	220.093	1.280896	1.483142	4.896104
7956	-2434.642	-2654.85	220.2077	1.526347	2.336058	4.400187
7962	-2435.799	-2656.542	220.7429	1.309234	2.026268	4.316516
7968	-2435.942	-2656.208	220.2658	1.533473	2.026268	4.459193
7974	-2432.586	-2654.238	221.6523	1.492144	2.026268	3.69221
7980	-2435.126	-2657.225	222.0988	1.483383	2.026268	3.437664
7986	-2438.02	-2658.947	220.9274	1.331021	2.026268	4.199607
7992	-2442.274	-2665.125	222.8504	1.550222	1.979544	2.968779
7998	-2442.214	-2663.606	221.3912	1.691762	1.819085	3.800097
8004	-2437.009	-2659.137	222.1279	1.621538	2.291839	3.252994
8010	-2432.679	-2654.303	221.624	1.636878	2.352755	3.520974
8016	-2436.733	-2659.56	222.8268	1.572661	1.91828	2.991503
8022	-2443.165	-2664.776	221.6112	1.439783	1.999419	3.75529
8028	-2460.427	-2679.277	218.8499	1.395147	1.878807	5.373673
8034	-2455.714	-2677.126	221.4119	1.274241	1.617384	4.103606
8040	-2452.4	-2672.296	219.8966	1.352791	1.914773	4.804515
8046	-2432.133	-2653.976	221.8432	1.622809	2.097014	3.481858
8052	-2452.273	-2671.953	219.6801	1.332965	2.355714	4.798991
8058	-2441.068	-2661.791	220.7223	1.440881	1.709243	4.364794
8064	-2443.967	-2665.527	221.5605	1.459276	2.83599	3.526832
8070	-2461.585	-2680.147	218.5621	1.336354	2.398847	5.404672
8076	-2454.697	-2673.769	219.072	1.24499	1.639139	5.419772
8082	-2443.881	-2665.099	221.2183	1.395709	2.385752	3.885154
8088	-2449.185	-2671.127	221.9424	1.491307	2.592057	3.350368
8094	-2456.704	-2679.236	222.5326	1.507536	2.413102	3.043018
8100	-2436.187	-2658.553	222.3667	1.401938	1.771031	3.419912
8106	-2450.778	-2672.882	222.1042	1.502138	1.771031	3.514747
8112	-2447.415	-2669.962	222.5479	1.611393	2.001924	3.105366
8118	-2438.607	-2660.703	222.0958	1.545865	2.888398	3.147372
8124	-2427.659	-2649.769	222.1102	1.589228	2.764776	3.145782
8130	-2436.015	-2658.713	222.6978	1.583857	1.963717	3.045752
8136	-2434.953	-2657.015	222.0618	1.438332	2.789583	3.257253
8142	-2431.614	-2654.128	222.5146	1.419184	1.950453	3.257253
8148	-2435.244	-2656.843	221.5996	1.521598	1.81693	3.77887
8154	-2432.568	-2653.677	221.1086	1.38837	1.768336	4.153783
8160	-2434.394	-2655.691	221.297	1.489955	2.019327	3.900397
8166	-2437.586	-2659.58	221.9945	1.624226	2.176736	3.366473
8172	-2435.175	-2657.424	222.2489	1.594343	1.796722	3.366473
8178	-2432.34	-2654.091	221.7513	1.543487	1.89503	3.650463
8184	-2438.006	-2661.048	223.0417	1.664667	1.883232	2.819102
8190	-2429.643	-2652.719	223.0761	1.652865	1.846817	2.819102
8196	-2451.54	-2674.973	223.4331	1.652865	1.551296	2.72166
8202	-2449.787	-2672.506	222.7192	1.687478	2.403991	2.824823
8208	-2447.515	-2670.07	222.5555	1.819815	1.904044	3.011189
8214	-2449.075	-2671.905	222.8296	1.591437	1.830345	3.011189
8220	-2450.564	-2673.632	223.0682	1.74304	2.179664	2.64966
8226	-2450.389	-2673.095	222.706	1.736752	2.500775	2.7735
8232	-2449.427	-2672.648	223.2206	1.635561	1.922072	2.713185
8238	-2449.445	-2672.29	222.8447	1.607411	2.371075	2.807403
8244	-2447.806	-2669.965	222.159	1.563176	2.598244	3.178299
8250	-2448.388	-2671.27	222.8824	1.581379	1.788186	3.00159
8256	-2427.053	-2650.345	223.2918	1.732354	2.029153	2.570497
8262	-2426.169	-2649.746	223.5775	1.763046	2.029153	2.372147
8268	-2427.886	-2651.355	223.4697	1.820454	2.029153	2.403986
8274	-2425.066	-2649.193	224.1268	2.037866	2.346296	1.709471
8280	-2424.068	-2648.453	224.3856	1.893505	1.779325	1.856554
8286	-2417.528	-2641.329	223.8004	1.966173	2.25442	2.014826
8292	-2425.238	-2648.52	223.2812	1.891967	2.100403	2.451978
8298	-2438.416	-2661.927	223.5114	1.950338	2.100403	2.268923
8304	-2433.632	-2657.259	223.6275	2.019859	2.560305	1.990917
8310	-2447.096	-2671.163	224.0676	1.942884	2.560305	1.742828
8316	-2442.175	-2666.076	223.9009	1.837045	2.162391	2.066862
8322	-2428.943	-2652.293	223.3507	1.827546	2.506689	2.313635
8328	-2427.781	-2650.657	222.8759	1.667891	2.506689	2.709926
8334	-2429.099	-2651.894	222.7947	1.595374	2.301364	2.867028
8340	-2432.202	-2653.825	221.6236	1.484001	2.890284	3.461607
8346	-2443.086	-2665.32	222.2344	1.545454	2.124084	3.288821
8352	-2431.86	-2653.491	221.6307	1.43271	2.124084	3.706868
8358	-2431.997	-2654.415	222.4184	1.538732	2.282241	3.132894
8364	-2445.637	-2667.301	221.6639	1.523782	1.986446	3.68073
8370	-2441.749	-2663.284	221.5353	1.489305	1.903727	3.803438
8376	-2440.91	-2663.274	222.3637	1.573812	2.082798	3.209412
8382	-2441.849	-2663.998	222.1483	1.789189	2.082798	3.209412
8388	-2427.91	-2651.115	223.2046	1.805344	2.593164	2.39391
8394	-2440.28	-2663.935	223.6551	1.762404	1.905813	2.369823
8400	-2448.854	-2672.053	223.1992	1.66434	1.911861	2.712477
8406	-2455.551	-2678.344	222.7933	1.77253	2.151274	2.809463
8412	-2433.429	-2656.642	223.2129	1.776677	2.151274	2.548937
8418	-2435.565	-2658.726	223.161	1.828597	2.151274	2.548937
8424	-2441.441	-2665.442	224.0007	1.743765	1.897684	2.163203
8430	-2436.292	-2656.962	220.6705	1.403905	1.912845	4.341998
8436	-2456.475	-2676.661	220.1858	1.253376	1.684833	4.780426
8442	-2439.474	-2659.427	219.9531	1.292854	1.992747	4.780426
8448	-2430.471	-2652.011	221.5401	1.441301	2.086521	3.766402
8454	-2436.838	-2659.448	222.6096	1.622776	1.66989	3.185971
8460	-2435.039	-2657.455	222.416	1.552057	1.610807	3.365872
8466	-2431.803	-2654.464	222.661	1.712712	2.019174	2.970985
8472	-2439.172	-2661.767	222.5954	1.649116	1.820646	3.120283
8478	-2426.716	-2648.906	222.19	1.666433	2.522229	3.120283
8484	-2439.025	-2661.068	222.0428	1.595174	1.903271	3.44779
8490	-2442.272	-2664.631	222.3591	1.69158	2.268805	3.08137
8496	-2442.266	-2663.44	221.1737	1.665021	1.894238	3.913546
8502	-2435.749	-2657.231	221.4821	1.560003	2.09776	3.72774
8508	-2433.103	-2655.288	222.1851	1.596829	2.09776	3.296312
8514	-2436.278	-2657.603	221.3249	1.541369	1.655121	3.986059
8520	-2428.898	-2651.215	222.3164	1.571131	1.826044	3.329545
8526	-2439.224	-2661.767	222.5437	1.593333	1.826044	3.182114
8532	-2433.672	-2654.362	220.69	1.575444	2.194786	4.141761
8538	-2442.333	-2663.436	221.1032	1.33611	1.893775	4.141761
8544	-2434.823	-2654.113	219.2896	1.351278	1.651512	5.236431
8550	-2438.69	-2659.019	220.3295	1.275135	1.629108	4.709133
8556	-2439.151	-2659.346	220.1948	1.388837	1.858059	4.637055
8562	-2438.994	-2659.111	220.1163	1.401726	3.176212	4.305157
8568	-2438.355	-2658.917	220.562	1.493529	2.209898	4.256258
8574	-2442.234	-2662.918	220.6838	1.432519	2.099991	4.256258
8580	-2435.753	-2656.575	220.8223	1.485438	2.34012	4.073754
8586	-2430.267	-2652.129	221.8618	1.584193	1.863872	3.573887
8592	-2422.407	-2643.869	221.4628	1.720598	2.27047	3.591126
8598	-2434.85	-2656.637	221.7868	1.751207	2.290215	3.378035
8604	-2425.289	-2647.576	222.2877	1.580789	2.013221	3.273861
8610	-2423.055	-2644.963	221.9072	1.586049	2.013221	3.494066
8616	-2425.122	-2647.323	222.2011	1.625814	2.126373	3.260247
8622	-2435.851	-2658.085	222.2338	1.684134	3.036054	2.944191
8628	-2440.189	-2663.48	223.2916	1.809253	1.948912	2.552192
8634	-2434.385	-2656.329	221.9435	1.641916	1.9539	3.460703
8640	-2440.997	-2663.378	222.3806	1.566098	2.605413	3.0425
8646	-2426.192	-2648.82	222.6273	1.643496	2.136127	2.992804
8652	-2410.866	-2632.151	221.285	1.541518	2.004805	3.88259
8658	-2425.732	-2648.998	223.2665	1.587527	1.790414	2.76461
8664	-2416.324	-2638.375	222.051	1.669204	2.299337	3.267927
8670	-2420.461	-2642.606	222.145	1.458816	2.299337	3.336505
8676	-2425.004	-2647.134	222.1299	1.464593	2.317241	3.336505
8682	-2427.505	-2649.986	222.481	1.525118	1.984924	3.202322
8688	-2436.768	-2659.753	222.985	1.708973	1.918476	2.81356
8694	-2442.501	-2664.574	222.0728	1.665153	2.444803	3.213342
8700	-2451.249	-2673.525	222.2764	1.589508	1.69467	3.392285
8706	-2451.218	-2671.139	219.921	1.407837	2.237421	4.657225
8712	-2436.015	-2656.685	220.6706	1.324787	2.224519	4.285852
